#! /c/Source/iverilog-install/bin/vvp
:ivl_version "12.0 (devel)" "(s20150603-1110-g18392a46)";
:ivl_delay_selection "TYPICAL";
:vpi_time_precision + 0;
:vpi_module "D:\iverilog\iverilog\lib\ivl\system.vpi";
:vpi_module "D:\iverilog\iverilog\lib\ivl\vhdl_sys.vpi";
:vpi_module "D:\iverilog\iverilog\lib\ivl\vhdl_textio.vpi";
:vpi_module "D:\iverilog\iverilog\lib\ivl\v2005_math.vpi";
:vpi_module "D:\iverilog\iverilog\lib\ivl\va_math.vpi";
S_00000229ec6cfd70 .scope module, "AXI_RAM" "AXI_RAM" 2 9;
 .timescale 0 0;
    .port_info 0 /INPUT 1 "clk";
    .port_info 1 /INPUT 1 "rst_n";
    .port_info 2 /OUTPUT 1 "s_awready";
    .port_info 3 /INPUT 1 "s_awvalid";
    .port_info 4 /INPUT 2 "s_awburst";
    .port_info 5 /INPUT 3 "s_awsize";
    .port_info 6 /INPUT 8 "s_awlen";
    .port_info 7 /INPUT 32 "s_awaddr";
    .port_info 8 /OUTPUT 1 "s_wready";
    .port_info 9 /INPUT 1 "s_wvalid";
    .port_info 10 /INPUT 1 "s_wlast";
    .port_info 11 /INPUT 64 "s_wdata";
    .port_info 12 /INPUT 8 "s_wstrb";
    .port_info 13 /OUTPUT 1 "s_bvalid";
    .port_info 14 /INPUT 1 "s_bready";
    .port_info 15 /OUTPUT 2 "s_bresp";
    .port_info 16 /OUTPUT 1 "s_arready";
    .port_info 17 /INPUT 1 "s_arvalid";
    .port_info 18 /INPUT 2 "s_arburst";
    .port_info 19 /INPUT 3 "s_arsize";
    .port_info 20 /INPUT 8 "s_arlen";
    .port_info 21 /INPUT 32 "s_araddr";
    .port_info 22 /OUTPUT 1 "s_rvalid";
    .port_info 23 /INPUT 1 "s_rready";
    .port_info 24 /OUTPUT 1 "s_rlast";
    .port_info 25 /OUTPUT 64 "s_rdata";
    .port_info 26 /OUTPUT 2 "s_rresp";
L_00000229ec731b10 .functor NOT 1, L_00000229ec7a3690, C4<0>, C4<0>, C4<0>;
L_00000229ec731c60 .functor NOT 1, L_00000229ec7a21f0, C4<0>, C4<0>, C4<0>;
L_00000229ec7314f0 .functor NOT 1, L_00000229ec7a2a10, C4<0>, C4<0>, C4<0>;
L_00000229ec731720 .functor NOT 1, L_00000229ec7a23d0, C4<0>, C4<0>, C4<0>;
L_00000229ec731db0 .functor NOT 1, L_00000229ec8036c0, C4<0>, C4<0>, C4<0>;
v00000229ec79d8a0_0 .net "address_read_RAM", 31 0, v00000229ec73dbf0_0;  1 drivers
v00000229ec79d9e0_0 .net "address_write_RAM", 31 0, v00000229ec73da10_0;  1 drivers
v00000229ec79da80_0 .net "b_resp", 2 0, v00000229ec79e3e0_0;  1 drivers
o00000229ec7600b8 .functor BUFZ 1, C4<z>; HiZ drive
v00000229ec79de40_0 .net "clk", 0 0, o00000229ec7600b8;  0 drivers
v00000229ec7a0990_0 .net "empty_AR", 0 0, L_00000229ec7a23d0;  1 drivers
v00000229ec7a0e90_0 .net "empty_AW", 0 0, L_00000229ec7a3690;  1 drivers
v00000229ec79fd10_0 .net "empty_W", 0 0, L_00000229ec7a21f0;  1 drivers
v00000229ec79f630_0 .net "full_B", 0 0, L_00000229ec7a2a10;  1 drivers
v00000229ec79f590_0 .net "full_R", 0 0, L_00000229ec8036c0;  1 drivers
v00000229ec7a0cb0_0 .net "m_arready", 0 0, v00000229ec79e840_0;  1 drivers
v00000229ec7a00d0_0 .net "m_arvalid", 0 0, L_00000229ec731720;  1 drivers
v00000229ec7a0a30_0 .net "m_awready", 0 0, v00000229ec79d580_0;  1 drivers
v00000229ec79fdb0_0 .net "m_awvalid", 0 0, L_00000229ec731b10;  1 drivers
v00000229ec7a0170_0 .net "m_bready", 0 0, v00000229ec73c4d0_0;  1 drivers
v00000229ec79f3b0_0 .net "m_bresp", 1 0, v00000229ec73d790_0;  1 drivers
v00000229ec7a07b0_0 .net "m_bvalid", 0 0, L_00000229ec7314f0;  1 drivers
v00000229ec79fbd0_0 .net "m_rdata", 63 0, v00000229ec79d1c0_0;  1 drivers
v00000229ec79fe50_0 .net "m_rlast", 0 0, v00000229ec79d4e0_0;  1 drivers
v00000229ec79ff90_0 .net "m_rready", 0 0, L_00000229ec731560;  1 drivers
v00000229ec7a0f30_0 .net "m_rresp", 1 0, v00000229ec79d3a0_0;  1 drivers
v00000229ec7a0850_0 .net "m_rvalid", 0 0, L_00000229ec731db0;  1 drivers
v00000229ec79f8b0_0 .net "m_wready", 0 0, v00000229ec79e020_0;  1 drivers
v00000229ec79fef0_0 .net "m_wvalid", 0 0, L_00000229ec731c60;  1 drivers
v00000229ec79f810_0 .net "o_data_AR", 44 0, L_00000229ec731cd0;  1 drivers
v00000229ec7a0030_0 .net "o_data_AW", 44 0, L_00000229ec731480;  1 drivers
v00000229ec79f130_0 .net "o_data_W", 72 0, L_00000229ec7312c0;  1 drivers
v00000229ec7a0710_0 .net "ren_RAM", 0 0, v00000229ec79d440_0;  1 drivers
o00000229ec760178 .functor BUFZ 1, C4<z>; HiZ drive
v00000229ec79f450_0 .net "rst_n", 0 0, o00000229ec760178;  0 drivers
o00000229ec7633e8 .functor BUFZ 32, C4<zzzzzzzzzzzzzzzzzzzzzzzzzzzzzzzz>; HiZ drive
v00000229ec7a0210_0 .net "s_araddr", 31 0, o00000229ec7633e8;  0 drivers
o00000229ec763418 .functor BUFZ 2, C4<zz>; HiZ drive
v00000229ec79f950_0 .net "s_arburst", 1 0, o00000229ec763418;  0 drivers
o00000229ec763448 .functor BUFZ 8, C4<zzzzzzzz>; HiZ drive
v00000229ec7a0fd0_0 .net "s_arlen", 7 0, o00000229ec763448;  0 drivers
v00000229ec79f1d0_0 .net "s_arready", 0 0, L_00000229ec7a34b0;  1 drivers
o00000229ec763478 .functor BUFZ 3, C4<zzz>; HiZ drive
v00000229ec79f6d0_0 .net "s_arsize", 2 0, o00000229ec763478;  0 drivers
o00000229ec760b08 .functor BUFZ 1, C4<z>; HiZ drive
v00000229ec79f270_0 .net "s_arvalid", 0 0, o00000229ec760b08;  0 drivers
o00000229ec7634a8 .functor BUFZ 32, C4<zzzzzzzzzzzzzzzzzzzzzzzzzzzzzzzz>; HiZ drive
v00000229ec79f4f0_0 .net "s_awaddr", 31 0, o00000229ec7634a8;  0 drivers
o00000229ec7634d8 .functor BUFZ 2, C4<zz>; HiZ drive
v00000229ec7a02b0_0 .net "s_awburst", 1 0, o00000229ec7634d8;  0 drivers
o00000229ec763508 .functor BUFZ 8, C4<zzzzzzzz>; HiZ drive
v00000229ec79f310_0 .net "s_awlen", 7 0, o00000229ec763508;  0 drivers
v00000229ec7a08f0_0 .net "s_awready", 0 0, L_00000229ec7a3c30;  1 drivers
o00000229ec763538 .functor BUFZ 3, C4<zzz>; HiZ drive
v00000229ec79f9f0_0 .net "s_awsize", 2 0, o00000229ec763538;  0 drivers
o00000229ec761168 .functor BUFZ 1, C4<z>; HiZ drive
v00000229ec79f770_0 .net "s_awvalid", 0 0, o00000229ec761168;  0 drivers
o00000229ec761768 .functor BUFZ 1, C4<z>; HiZ drive
v00000229ec7a0350_0 .net "s_bready", 0 0, o00000229ec761768;  0 drivers
v00000229ec79fa90_0 .net "s_bresp", 1 0, L_00000229ec731330;  1 drivers
v00000229ec7a0c10_0 .net "s_bvalid", 0 0, L_00000229ec7a32d0;  1 drivers
v00000229ec7a03f0_0 .net "s_rdata", 63 0, L_00000229ec8031c0;  1 drivers
v00000229ec7a0d50_0 .net "s_rlast", 0 0, L_00000229ec803440;  1 drivers
o00000229ec761d98 .functor BUFZ 1, C4<z>; HiZ drive
v00000229ec7a0490_0 .net "s_rready", 0 0, o00000229ec761d98;  0 drivers
v00000229ec7a0530_0 .net "s_rresp", 1 0, L_00000229ec803ee0;  1 drivers
v00000229ec7a05d0_0 .net "s_rvalid", 0 0, L_00000229ec803da0;  1 drivers
o00000229ec7635f8 .functor BUFZ 64, C4<zzzzzzzzzzzzzzzzzzzzzzzzzzzzzzzzzzzzzzzzzzzzzzzzzzzzzzzzzzzzzzzz>; HiZ drive
v00000229ec79fb30_0 .net "s_wdata", 63 0, o00000229ec7635f8;  0 drivers
o00000229ec763628 .functor BUFZ 1, C4<z>; HiZ drive
v00000229ec7a0ad0_0 .net "s_wlast", 0 0, o00000229ec763628;  0 drivers
v00000229ec79fc70_0 .net "s_wready", 0 0, L_00000229ec7a2e70;  1 drivers
o00000229ec763658 .functor BUFZ 8, C4<zzzzzzzz>; HiZ drive
v00000229ec7a0670_0 .net "s_wstrb", 7 0, o00000229ec763658;  0 drivers
o00000229ec762428 .functor BUFZ 1, C4<z>; HiZ drive
v00000229ec7a0b70_0 .net "s_wvalid", 0 0, o00000229ec762428;  0 drivers
v00000229ec7a0df0_0 .net "select_address_read", 0 0, L_00000229ec7318e0;  1 drivers
v00000229ec7a3e10_0 .net "select_address_write", 0 0, v00000229ec79e5c0_0;  1 drivers
v00000229ec7a2fb0_0 .net "wen_RAM", 0 0, v00000229ec79e7a0_0;  1 drivers
v00000229ec7a3eb0_0 .net "write_data_RAM", 63 0, v00000229ec79dd00_0;  1 drivers
L_00000229ec7a26f0 .concat [ 32 3 8 2], o00000229ec7634a8, o00000229ec763538, o00000229ec763508, o00000229ec7634d8;
L_00000229ec7a2790 .concat [ 8 64 1 0], o00000229ec763658, o00000229ec7635f8, o00000229ec763628;
L_00000229ec7a2d30 .concat [ 32 3 8 2], o00000229ec7633e8, o00000229ec763478, o00000229ec763448, o00000229ec763418;
L_00000229ec803620 .concat [ 2 64 1 0], v00000229ec79d3a0_0, v00000229ec79d1c0_0, v00000229ec79d4e0_0;
L_00000229ec803440 .part L_00000229ec731090, 66, 1;
L_00000229ec8031c0 .part L_00000229ec731090, 2, 64;
L_00000229ec803ee0 .part L_00000229ec731090, 0, 2;
L_00000229ec8034e0 .part L_00000229ec731480, 43, 2;
L_00000229ec803940 .part L_00000229ec731480, 35, 8;
L_00000229ec803300 .part L_00000229ec7312c0, 72, 1;
L_00000229ec8038a0 .part L_00000229ec731480, 32, 3;
L_00000229ec803a80 .part L_00000229ec731480, 0, 32;
L_00000229ec8029a0 .part L_00000229ec731cd0, 43, 2;
L_00000229ec803c60 .part L_00000229ec731cd0, 35, 8;
L_00000229ec803d00 .part L_00000229ec731cd0, 32, 3;
L_00000229ec802b80 .part L_00000229ec731cd0, 0, 32;
L_00000229ec802c20 .part L_00000229ec7312c0, 8, 64;
L_00000229ec802d60 .part L_00000229ec7312c0, 0, 8;
S_00000229ec6d77c0 .scope module, "BRESP_inst" "BRESP" 2 172, 3 1 0, S_00000229ec6cfd70;
 .timescale 0 0;
    .port_info 0 /INPUT 1 "clk";
    .port_info 1 /INPUT 1 "rst_n";
    .port_info 2 /INPUT 3 "b_resp";
    .port_info 3 /INPUT 1 "m_bvalid";
    .port_info 4 /OUTPUT 1 "m_bready";
    .port_info 5 /OUTPUT 2 "m_bresp";
v00000229ec73c6b0_0 .net "b_resp", 2 0, v00000229ec79e3e0_0;  alias, 1 drivers
v00000229ec73c750_0 .net "clk", 0 0, o00000229ec7600b8;  alias, 0 drivers
v00000229ec73c4d0_0 .var "m_bready", 0 0;
v00000229ec73d790_0 .var "m_bresp", 1 0;
v00000229ec73cc50_0 .net "m_bvalid", 0 0, L_00000229ec7314f0;  alias, 1 drivers
v00000229ec73ca70_0 .net "rst_n", 0 0, o00000229ec760178;  alias, 0 drivers
E_00000229ec73a760 .event anyedge, v00000229ec73c6b0_0, v00000229ec73cc50_0;
S_00000229ec6d7950 .scope module, "DECODE_ADDR_inst0" "DECODE_ADDR" 2 163, 4 1 0, S_00000229ec6cfd70;
 .timescale 0 0;
    .port_info 0 /INPUT 1 "clk";
    .port_info 1 /INPUT 1 "rst_n";
    .port_info 2 /INPUT 3 "size";
    .port_info 3 /INPUT 32 "addr";
    .port_info 4 /INPUT 1 "select";
    .port_info 5 /OUTPUT 32 "addr_decode";
L_00000229ec7a8c68 .functor BUFT 1, C4<00000001>, C4<0>, C4<0>, C4<0>;
v00000229ec73d830_0 .net/2s *"_ivl_0", 7 0, L_00000229ec7a8c68;  1 drivers
v00000229ec73d8d0_0 .net "addr", 31 0, L_00000229ec803a80;  1 drivers
v00000229ec73da10_0 .var "addr_decode", 31 0;
v00000229ec73c930_0 .net "clk", 0 0, o00000229ec7600b8;  alias, 0 drivers
v00000229ec73d3d0_0 .net "offset", 7 0, L_00000229ec802f40;  1 drivers
v00000229ec73cb10_0 .net "rst_n", 0 0, o00000229ec760178;  alias, 0 drivers
v00000229ec73d150_0 .net "select", 0 0, v00000229ec79e5c0_0;  alias, 1 drivers
v00000229ec73c890_0 .net "size", 2 0, L_00000229ec8038a0;  1 drivers
E_00000229ec73ba60/0 .event negedge, v00000229ec73ca70_0;
E_00000229ec73ba60/1 .event posedge, v00000229ec73c750_0;
E_00000229ec73ba60 .event/or E_00000229ec73ba60/0, E_00000229ec73ba60/1;
L_00000229ec802f40 .shift/l 8, L_00000229ec7a8c68, L_00000229ec8038a0;
S_00000229ec6d7ae0 .scope module, "DECODE_ADDR_inst1" "DECODE_ADDR" 2 198, 4 1 0, S_00000229ec6cfd70;
 .timescale 0 0;
    .port_info 0 /INPUT 1 "clk";
    .port_info 1 /INPUT 1 "rst_n";
    .port_info 2 /INPUT 3 "size";
    .port_info 3 /INPUT 32 "addr";
    .port_info 4 /INPUT 1 "select";
    .port_info 5 /OUTPUT 32 "addr_decode";
L_00000229ec7a8d88 .functor BUFT 1, C4<00000001>, C4<0>, C4<0>, C4<0>;
v00000229ec73e190_0 .net/2s *"_ivl_0", 7 0, L_00000229ec7a8d88;  1 drivers
v00000229ec73d470_0 .net "addr", 31 0, L_00000229ec802b80;  1 drivers
v00000229ec73dbf0_0 .var "addr_decode", 31 0;
v00000229ec73cbb0_0 .net "clk", 0 0, o00000229ec7600b8;  alias, 0 drivers
v00000229ec73dab0_0 .net "offset", 7 0, L_00000229ec802ae0;  1 drivers
v00000229ec73dc90_0 .net "rst_n", 0 0, o00000229ec760178;  alias, 0 drivers
v00000229ec73d010_0 .net "select", 0 0, L_00000229ec7318e0;  alias, 1 drivers
v00000229ec73c7f0_0 .net "size", 2 0, L_00000229ec803d00;  1 drivers
L_00000229ec802ae0 .shift/l 8, L_00000229ec7a8d88, L_00000229ec803d00;
S_00000229ec6b39a0 .scope module, "FIFO_AR" "FIFO" 2 113, 5 1 0, S_00000229ec6cfd70;
 .timescale 0 0;
    .port_info 0 /INPUT 1 "clk";
    .port_info 1 /INPUT 1 "rst_n";
    .port_info 2 /INPUT 1 "i_push";
    .port_info 3 /INPUT 1 "i_pop";
    .port_info 4 /INPUT 45 "i_data";
    .port_info 5 /OUTPUT 1 "o_empty";
    .port_info 6 /OUTPUT 1 "o_full";
    .port_info 7 /OUTPUT 45 "o_data";
P_00000229ec73b4a0 .param/l "d_width" 0 5 2, +C4<00000000000000000000000000101101>;
L_00000229ec731cd0 .functor BUFZ 45, L_00000229ec7a3af0, C4<000000000000000000000000000000000000000000000>, C4<000000000000000000000000000000000000000000000>, C4<000000000000000000000000000000000000000000000>;
v00000229ec73e0f0_0 .net *"_ivl_0", 44 0, L_00000229ec7a3af0;  1 drivers
L_00000229ec7a8830 .functor BUFT 1, C4<0000000000000000000000000000>, C4<0>, C4<0>, C4<0>;
v00000229ec73d290_0 .net *"_ivl_11", 27 0, L_00000229ec7a8830;  1 drivers
L_00000229ec7a8878 .functor BUFT 1, C4<00000000000000000000000000000001>, C4<0>, C4<0>, C4<0>;
v00000229ec73dd30_0 .net/2u *"_ivl_12", 31 0, L_00000229ec7a8878;  1 drivers
v00000229ec73ccf0_0 .net *"_ivl_14", 31 0, L_00000229ec7a3370;  1 drivers
v00000229ec73c570_0 .net *"_ivl_16", 31 0, L_00000229ec7a2290;  1 drivers
L_00000229ec7a88c0 .functor BUFT 1, C4<0000000000000000000000000000>, C4<0>, C4<0>, C4<0>;
v00000229ec73dfb0_0 .net *"_ivl_19", 27 0, L_00000229ec7a88c0;  1 drivers
v00000229ec73d5b0_0 .net *"_ivl_2", 5 0, L_00000229ec7a2bf0;  1 drivers
v00000229ec73ce30_0 .net *"_ivl_20", 0 0, L_00000229ec7a2150;  1 drivers
L_00000229ec7a8908 .functor BUFT 1, C4<01>, C4<0>, C4<0>, C4<0>;
v00000229ec73d650_0 .net/2s *"_ivl_22", 1 0, L_00000229ec7a8908;  1 drivers
L_00000229ec7a8950 .functor BUFT 1, C4<00>, C4<0>, C4<0>, C4<0>;
v00000229ec73db50_0 .net/2s *"_ivl_24", 1 0, L_00000229ec7a8950;  1 drivers
v00000229ec73ddd0_0 .net *"_ivl_26", 1 0, L_00000229ec7a2330;  1 drivers
v00000229ec73c610_0 .net *"_ivl_30", 0 0, L_00000229ec7a3550;  1 drivers
L_00000229ec7a8998 .functor BUFT 1, C4<01>, C4<0>, C4<0>, C4<0>;
v00000229ec73d1f0_0 .net/2s *"_ivl_32", 1 0, L_00000229ec7a8998;  1 drivers
L_00000229ec7a89e0 .functor BUFT 1, C4<00>, C4<0>, C4<0>, C4<0>;
v00000229ec73de70_0 .net/2s *"_ivl_34", 1 0, L_00000229ec7a89e0;  1 drivers
v00000229ec73df10_0 .net *"_ivl_36", 1 0, L_00000229ec7a35f0;  1 drivers
L_00000229ec7a87e8 .functor BUFT 1, C4<00>, C4<0>, C4<0>, C4<0>;
v00000229ec73cd90_0 .net *"_ivl_5", 1 0, L_00000229ec7a87e8;  1 drivers
v00000229ec73ced0_0 .net *"_ivl_8", 31 0, L_00000229ec7a2c90;  1 drivers
v00000229ec73cf70_0 .net "clk", 0 0, o00000229ec7600b8;  alias, 0 drivers
v00000229ec73e050_0 .var/i "i", 31 0;
v00000229ec73d0b0_0 .net "i_data", 44 0, L_00000229ec7a2d30;  1 drivers
v00000229ec73e230_0 .net "i_pop", 0 0, v00000229ec79e840_0;  alias, 1 drivers
v00000229ec73e2d0_0 .net "i_push", 0 0, o00000229ec760b08;  alias, 0 drivers
v00000229ec73e370 .array "mem_data", 15 0, 44 0;
v00000229ec73d330_0 .net "o_data", 44 0, L_00000229ec731cd0;  alias, 1 drivers
v00000229ec73d6f0_0 .net "o_empty", 0 0, L_00000229ec7a23d0;  alias, 1 drivers
v00000229ec721fd0_0 .net "o_full", 0 0, L_00000229ec7a34b0;  alias, 1 drivers
v00000229ec723ab0_0 .var "r_ptr", 3 0;
v00000229ec722d90_0 .net "rst_n", 0 0, o00000229ec760178;  alias, 0 drivers
v00000229ec722430_0 .var "w_ptr", 3 0;
L_00000229ec7a3af0 .array/port v00000229ec73e370, L_00000229ec7a2bf0;
L_00000229ec7a2bf0 .concat [ 4 2 0 0], v00000229ec723ab0_0, L_00000229ec7a87e8;
L_00000229ec7a2c90 .concat [ 4 28 0 0], v00000229ec722430_0, L_00000229ec7a8830;
L_00000229ec7a3370 .arith/sum 32, L_00000229ec7a2c90, L_00000229ec7a8878;
L_00000229ec7a2290 .concat [ 4 28 0 0], v00000229ec723ab0_0, L_00000229ec7a88c0;
L_00000229ec7a2150 .cmp/eq 32, L_00000229ec7a3370, L_00000229ec7a2290;
L_00000229ec7a2330 .functor MUXZ 2, L_00000229ec7a8950, L_00000229ec7a8908, L_00000229ec7a2150, C4<>;
L_00000229ec7a34b0 .part L_00000229ec7a2330, 0, 1;
L_00000229ec7a3550 .cmp/eq 4, v00000229ec722430_0, v00000229ec723ab0_0;
L_00000229ec7a35f0 .functor MUXZ 2, L_00000229ec7a89e0, L_00000229ec7a8998, L_00000229ec7a3550, C4<>;
L_00000229ec7a23d0 .part L_00000229ec7a35f0, 0, 1;
S_00000229ec6b3b30 .scope module, "FIFO_AW" "FIFO" 2 56, 5 1 0, S_00000229ec6cfd70;
 .timescale 0 0;
    .port_info 0 /INPUT 1 "clk";
    .port_info 1 /INPUT 1 "rst_n";
    .port_info 2 /INPUT 1 "i_push";
    .port_info 3 /INPUT 1 "i_pop";
    .port_info 4 /INPUT 45 "i_data";
    .port_info 5 /OUTPUT 1 "o_empty";
    .port_info 6 /OUTPUT 1 "o_full";
    .port_info 7 /OUTPUT 45 "o_data";
P_00000229ec73c0e0 .param/l "d_width" 0 5 2, +C4<00000000000000000000000000101101>;
L_00000229ec731480 .functor BUFZ 45, L_00000229ec7a37d0, C4<000000000000000000000000000000000000000000000>, C4<000000000000000000000000000000000000000000000>, C4<000000000000000000000000000000000000000000000>;
v00000229ec721f30_0 .net *"_ivl_0", 44 0, L_00000229ec7a37d0;  1 drivers
L_00000229ec7a8170 .functor BUFT 1, C4<0000000000000000000000000000>, C4<0>, C4<0>, C4<0>;
v00000229ec722f70_0 .net *"_ivl_11", 27 0, L_00000229ec7a8170;  1 drivers
L_00000229ec7a81b8 .functor BUFT 1, C4<00000000000000000000000000000001>, C4<0>, C4<0>, C4<0>;
v00000229ec723010_0 .net/2u *"_ivl_12", 31 0, L_00000229ec7a81b8;  1 drivers
v00000229ec7230b0_0 .net *"_ivl_14", 31 0, L_00000229ec7a2470;  1 drivers
v00000229ec723150_0 .net *"_ivl_16", 31 0, L_00000229ec7a3b90;  1 drivers
L_00000229ec7a8200 .functor BUFT 1, C4<0000000000000000000000000000>, C4<0>, C4<0>, C4<0>;
v00000229ec7231f0_0 .net *"_ivl_19", 27 0, L_00000229ec7a8200;  1 drivers
v00000229ec723470_0 .net *"_ivl_2", 5 0, L_00000229ec7a25b0;  1 drivers
v00000229ec7221b0_0 .net *"_ivl_20", 0 0, L_00000229ec7a2dd0;  1 drivers
L_00000229ec7a8248 .functor BUFT 1, C4<01>, C4<0>, C4<0>, C4<0>;
v00000229ec723510_0 .net/2s *"_ivl_22", 1 0, L_00000229ec7a8248;  1 drivers
L_00000229ec7a8290 .functor BUFT 1, C4<00>, C4<0>, C4<0>, C4<0>;
v00000229ec723790_0 .net/2s *"_ivl_24", 1 0, L_00000229ec7a8290;  1 drivers
v00000229ec723650_0 .net *"_ivl_26", 1 0, L_00000229ec7a3d70;  1 drivers
v00000229ec723830_0 .net *"_ivl_30", 0 0, L_00000229ec7a2650;  1 drivers
L_00000229ec7a82d8 .functor BUFT 1, C4<01>, C4<0>, C4<0>, C4<0>;
v00000229ec7222f0_0 .net/2s *"_ivl_32", 1 0, L_00000229ec7a82d8;  1 drivers
L_00000229ec7a8320 .functor BUFT 1, C4<00>, C4<0>, C4<0>, C4<0>;
v00000229ec7236f0_0 .net/2s *"_ivl_34", 1 0, L_00000229ec7a8320;  1 drivers
v00000229ec7238d0_0 .net *"_ivl_36", 1 0, L_00000229ec7a3cd0;  1 drivers
L_00000229ec7a8128 .functor BUFT 1, C4<00>, C4<0>, C4<0>, C4<0>;
v00000229ec70ad10_0 .net *"_ivl_5", 1 0, L_00000229ec7a8128;  1 drivers
v00000229ec70b2b0_0 .net *"_ivl_8", 31 0, L_00000229ec7a3050;  1 drivers
v00000229ec70b8f0_0 .net "clk", 0 0, o00000229ec7600b8;  alias, 0 drivers
v00000229ec70bdf0_0 .var/i "i", 31 0;
v00000229ec70abd0_0 .net "i_data", 44 0, L_00000229ec7a26f0;  1 drivers
v00000229ec70c1b0_0 .net "i_pop", 0 0, v00000229ec79d580_0;  alias, 1 drivers
v00000229ec70c4d0_0 .net "i_push", 0 0, o00000229ec761168;  alias, 0 drivers
v00000229ec6a49b0 .array "mem_data", 15 0, 44 0;
v00000229ec6a4c30_0 .net "o_data", 44 0, L_00000229ec731480;  alias, 1 drivers
v00000229ec799740_0 .net "o_empty", 0 0, L_00000229ec7a3690;  alias, 1 drivers
v00000229ec79aaa0_0 .net "o_full", 0 0, L_00000229ec7a3c30;  alias, 1 drivers
v00000229ec79a960_0 .var "r_ptr", 3 0;
v00000229ec799e20_0 .net "rst_n", 0 0, o00000229ec760178;  alias, 0 drivers
v00000229ec79ad20_0 .var "w_ptr", 3 0;
L_00000229ec7a37d0 .array/port v00000229ec6a49b0, L_00000229ec7a25b0;
L_00000229ec7a25b0 .concat [ 4 2 0 0], v00000229ec79a960_0, L_00000229ec7a8128;
L_00000229ec7a3050 .concat [ 4 28 0 0], v00000229ec79ad20_0, L_00000229ec7a8170;
L_00000229ec7a2470 .arith/sum 32, L_00000229ec7a3050, L_00000229ec7a81b8;
L_00000229ec7a3b90 .concat [ 4 28 0 0], v00000229ec79a960_0, L_00000229ec7a8200;
L_00000229ec7a2dd0 .cmp/eq 32, L_00000229ec7a2470, L_00000229ec7a3b90;
L_00000229ec7a3d70 .functor MUXZ 2, L_00000229ec7a8290, L_00000229ec7a8248, L_00000229ec7a2dd0, C4<>;
L_00000229ec7a3c30 .part L_00000229ec7a3d70, 0, 1;
L_00000229ec7a2650 .cmp/eq 4, v00000229ec79ad20_0, v00000229ec79a960_0;
L_00000229ec7a3cd0 .functor MUXZ 2, L_00000229ec7a8320, L_00000229ec7a82d8, L_00000229ec7a2650, C4<>;
L_00000229ec7a3690 .part L_00000229ec7a3cd0, 0, 1;
S_00000229ec6b3cc0 .scope module, "FIFO_B" "FIFO" 2 94, 5 1 0, S_00000229ec6cfd70;
 .timescale 0 0;
    .port_info 0 /INPUT 1 "clk";
    .port_info 1 /INPUT 1 "rst_n";
    .port_info 2 /INPUT 1 "i_push";
    .port_info 3 /INPUT 1 "i_pop";
    .port_info 4 /INPUT 2 "i_data";
    .port_info 5 /OUTPUT 1 "o_empty";
    .port_info 6 /OUTPUT 1 "o_full";
    .port_info 7 /OUTPUT 2 "o_data";
P_00000229ec73c120 .param/l "d_width" 0 5 2, +C4<00000000000000000000000000000010>;
L_00000229ec731330 .functor BUFZ 2, L_00000229ec7a3910, C4<00>, C4<00>, C4<00>;
v00000229ec79a640_0 .net *"_ivl_0", 1 0, L_00000229ec7a3910;  1 drivers
L_00000229ec7a85f0 .functor BUFT 1, C4<0000000000000000000000000000>, C4<0>, C4<0>, C4<0>;
v00000229ec79adc0_0 .net *"_ivl_11", 27 0, L_00000229ec7a85f0;  1 drivers
L_00000229ec7a8638 .functor BUFT 1, C4<00000000000000000000000000000001>, C4<0>, C4<0>, C4<0>;
v00000229ec79a320_0 .net/2u *"_ivl_12", 31 0, L_00000229ec7a8638;  1 drivers
v00000229ec799a60_0 .net *"_ivl_14", 31 0, L_00000229ec7a3410;  1 drivers
v00000229ec799600_0 .net *"_ivl_16", 31 0, L_00000229ec7a39b0;  1 drivers
L_00000229ec7a8680 .functor BUFT 1, C4<0000000000000000000000000000>, C4<0>, C4<0>, C4<0>;
v00000229ec79ae60_0 .net *"_ivl_19", 27 0, L_00000229ec7a8680;  1 drivers
v00000229ec799b00_0 .net *"_ivl_2", 5 0, L_00000229ec7a2830;  1 drivers
v00000229ec79a460_0 .net *"_ivl_20", 0 0, L_00000229ec7a3a50;  1 drivers
L_00000229ec7a86c8 .functor BUFT 1, C4<01>, C4<0>, C4<0>, C4<0>;
v00000229ec79ab40_0 .net/2s *"_ivl_22", 1 0, L_00000229ec7a86c8;  1 drivers
L_00000229ec7a8710 .functor BUFT 1, C4<00>, C4<0>, C4<0>, C4<0>;
v00000229ec799240_0 .net/2s *"_ivl_24", 1 0, L_00000229ec7a8710;  1 drivers
v00000229ec79a280_0 .net *"_ivl_26", 1 0, L_00000229ec7a3ff0;  1 drivers
v00000229ec79af00_0 .net *"_ivl_30", 0 0, L_00000229ec7a2ab0;  1 drivers
L_00000229ec7a8758 .functor BUFT 1, C4<01>, C4<0>, C4<0>, C4<0>;
v00000229ec7994c0_0 .net/2s *"_ivl_32", 1 0, L_00000229ec7a8758;  1 drivers
L_00000229ec7a87a0 .functor BUFT 1, C4<00>, C4<0>, C4<0>, C4<0>;
v00000229ec799d80_0 .net/2s *"_ivl_34", 1 0, L_00000229ec7a87a0;  1 drivers
v00000229ec79a3c0_0 .net *"_ivl_36", 1 0, L_00000229ec7a2f10;  1 drivers
L_00000229ec7a85a8 .functor BUFT 1, C4<00>, C4<0>, C4<0>, C4<0>;
v00000229ec79a500_0 .net *"_ivl_5", 1 0, L_00000229ec7a85a8;  1 drivers
v00000229ec79a6e0_0 .net *"_ivl_8", 31 0, L_00000229ec7a2970;  1 drivers
v00000229ec799560_0 .net "clk", 0 0, o00000229ec7600b8;  alias, 0 drivers
v00000229ec7999c0_0 .var/i "i", 31 0;
v00000229ec799ba0_0 .net "i_data", 1 0, v00000229ec73d790_0;  alias, 1 drivers
v00000229ec79a140_0 .net "i_pop", 0 0, o00000229ec761768;  alias, 0 drivers
v00000229ec799ec0_0 .net "i_push", 0 0, v00000229ec73c4d0_0;  alias, 1 drivers
v00000229ec7996a0 .array "mem_data", 15 0, 1 0;
v00000229ec79a780_0 .net "o_data", 1 0, L_00000229ec731330;  alias, 1 drivers
v00000229ec79a5a0_0 .net "o_empty", 0 0, L_00000229ec7a32d0;  alias, 1 drivers
v00000229ec79a820_0 .net "o_full", 0 0, L_00000229ec7a2a10;  alias, 1 drivers
v00000229ec79a8c0_0 .var "r_ptr", 3 0;
v00000229ec799380_0 .net "rst_n", 0 0, o00000229ec760178;  alias, 0 drivers
v00000229ec7992e0_0 .var "w_ptr", 3 0;
L_00000229ec7a3910 .array/port v00000229ec7996a0, L_00000229ec7a2830;
L_00000229ec7a2830 .concat [ 4 2 0 0], v00000229ec79a8c0_0, L_00000229ec7a85a8;
L_00000229ec7a2970 .concat [ 4 28 0 0], v00000229ec7992e0_0, L_00000229ec7a85f0;
L_00000229ec7a3410 .arith/sum 32, L_00000229ec7a2970, L_00000229ec7a8638;
L_00000229ec7a39b0 .concat [ 4 28 0 0], v00000229ec79a8c0_0, L_00000229ec7a8680;
L_00000229ec7a3a50 .cmp/eq 32, L_00000229ec7a3410, L_00000229ec7a39b0;
L_00000229ec7a3ff0 .functor MUXZ 2, L_00000229ec7a8710, L_00000229ec7a86c8, L_00000229ec7a3a50, C4<>;
L_00000229ec7a2a10 .part L_00000229ec7a3ff0, 0, 1;
L_00000229ec7a2ab0 .cmp/eq 4, v00000229ec7992e0_0, v00000229ec79a8c0_0;
L_00000229ec7a2f10 .functor MUXZ 2, L_00000229ec7a87a0, L_00000229ec7a8758, L_00000229ec7a2ab0, C4<>;
L_00000229ec7a32d0 .part L_00000229ec7a2f10, 0, 1;
S_00000229ec6c80a0 .scope module, "FIFO_R" "FIFO" 2 134, 5 1 0, S_00000229ec6cfd70;
 .timescale 0 0;
    .port_info 0 /INPUT 1 "clk";
    .port_info 1 /INPUT 1 "rst_n";
    .port_info 2 /INPUT 1 "i_push";
    .port_info 3 /INPUT 1 "i_pop";
    .port_info 4 /INPUT 67 "i_data";
    .port_info 5 /OUTPUT 1 "o_empty";
    .port_info 6 /OUTPUT 1 "o_full";
    .port_info 7 /OUTPUT 67 "o_data";
P_00000229ec73bee0 .param/l "d_width" 0 5 2, +C4<00000000000000000000000001000011>;
L_00000229ec731090 .functor BUFZ 67, L_00000229ec803800, C4<0000000000000000000000000000000000000000000000000000000000000000000>, C4<0000000000000000000000000000000000000000000000000000000000000000000>, C4<0000000000000000000000000000000000000000000000000000000000000000000>;
v00000229ec799420_0 .net *"_ivl_0", 66 0, L_00000229ec803800;  1 drivers
L_00000229ec7a8a70 .functor BUFT 1, C4<0000000000000000000000000000>, C4<0>, C4<0>, C4<0>;
v00000229ec79aa00_0 .net *"_ivl_11", 27 0, L_00000229ec7a8a70;  1 drivers
L_00000229ec7a8ab8 .functor BUFT 1, C4<00000000000000000000000000000001>, C4<0>, C4<0>, C4<0>;
v00000229ec799100_0 .net/2u *"_ivl_12", 31 0, L_00000229ec7a8ab8;  1 drivers
v00000229ec79abe0_0 .net *"_ivl_14", 31 0, L_00000229ec803e40;  1 drivers
v00000229ec799f60_0 .net *"_ivl_16", 31 0, L_00000229ec802ea0;  1 drivers
L_00000229ec7a8b00 .functor BUFT 1, C4<0000000000000000000000000000>, C4<0>, C4<0>, C4<0>;
v00000229ec799920_0 .net *"_ivl_19", 27 0, L_00000229ec7a8b00;  1 drivers
v00000229ec7997e0_0 .net *"_ivl_2", 5 0, L_00000229ec803760;  1 drivers
v00000229ec79ac80_0 .net *"_ivl_20", 0 0, L_00000229ec803bc0;  1 drivers
L_00000229ec7a8b48 .functor BUFT 1, C4<01>, C4<0>, C4<0>, C4<0>;
v00000229ec79afa0_0 .net/2s *"_ivl_22", 1 0, L_00000229ec7a8b48;  1 drivers
L_00000229ec7a8b90 .functor BUFT 1, C4<00>, C4<0>, C4<0>, C4<0>;
v00000229ec79a000_0 .net/2s *"_ivl_24", 1 0, L_00000229ec7a8b90;  1 drivers
v00000229ec799c40_0 .net *"_ivl_26", 1 0, L_00000229ec802cc0;  1 drivers
v00000229ec7991a0_0 .net *"_ivl_30", 0 0, L_00000229ec802a40;  1 drivers
L_00000229ec7a8bd8 .functor BUFT 1, C4<01>, C4<0>, C4<0>, C4<0>;
v00000229ec799ce0_0 .net/2s *"_ivl_32", 1 0, L_00000229ec7a8bd8;  1 drivers
L_00000229ec7a8c20 .functor BUFT 1, C4<00>, C4<0>, C4<0>, C4<0>;
v00000229ec799880_0 .net/2s *"_ivl_34", 1 0, L_00000229ec7a8c20;  1 drivers
v00000229ec79a0a0_0 .net *"_ivl_36", 1 0, L_00000229ec803b20;  1 drivers
L_00000229ec7a8a28 .functor BUFT 1, C4<00>, C4<0>, C4<0>, C4<0>;
v00000229ec79a1e0_0 .net *"_ivl_5", 1 0, L_00000229ec7a8a28;  1 drivers
v00000229ec79b890_0 .net *"_ivl_8", 31 0, L_00000229ec803260;  1 drivers
v00000229ec79c970_0 .net "clk", 0 0, o00000229ec7600b8;  alias, 0 drivers
v00000229ec79bb10_0 .var/i "i", 31 0;
v00000229ec79bbb0_0 .net "i_data", 66 0, L_00000229ec803620;  1 drivers
v00000229ec79cd30_0 .net "i_pop", 0 0, o00000229ec761d98;  alias, 0 drivers
v00000229ec79b570_0 .net "i_push", 0 0, L_00000229ec731560;  alias, 1 drivers
v00000229ec79b390 .array "mem_data", 15 0, 66 0;
v00000229ec79ce70_0 .net "o_data", 66 0, L_00000229ec731090;  1 drivers
v00000229ec79bcf0_0 .net "o_empty", 0 0, L_00000229ec803da0;  alias, 1 drivers
v00000229ec79bd90_0 .net "o_full", 0 0, L_00000229ec8036c0;  alias, 1 drivers
v00000229ec79c150_0 .var "r_ptr", 3 0;
v00000229ec79b930_0 .net "rst_n", 0 0, o00000229ec760178;  alias, 0 drivers
v00000229ec79c0b0_0 .var "w_ptr", 3 0;
L_00000229ec803800 .array/port v00000229ec79b390, L_00000229ec803760;
L_00000229ec803760 .concat [ 4 2 0 0], v00000229ec79c150_0, L_00000229ec7a8a28;
L_00000229ec803260 .concat [ 4 28 0 0], v00000229ec79c0b0_0, L_00000229ec7a8a70;
L_00000229ec803e40 .arith/sum 32, L_00000229ec803260, L_00000229ec7a8ab8;
L_00000229ec802ea0 .concat [ 4 28 0 0], v00000229ec79c150_0, L_00000229ec7a8b00;
L_00000229ec803bc0 .cmp/eq 32, L_00000229ec803e40, L_00000229ec802ea0;
L_00000229ec802cc0 .functor MUXZ 2, L_00000229ec7a8b90, L_00000229ec7a8b48, L_00000229ec803bc0, C4<>;
L_00000229ec8036c0 .part L_00000229ec802cc0, 0, 1;
L_00000229ec802a40 .cmp/eq 4, v00000229ec79c0b0_0, v00000229ec79c150_0;
L_00000229ec803b20 .functor MUXZ 2, L_00000229ec7a8c20, L_00000229ec7a8bd8, L_00000229ec802a40, C4<>;
L_00000229ec803da0 .part L_00000229ec803b20, 0, 1;
S_00000229ec6c8230 .scope module, "FIFO_W" "FIFO" 2 75, 5 1 0, S_00000229ec6cfd70;
 .timescale 0 0;
    .port_info 0 /INPUT 1 "clk";
    .port_info 1 /INPUT 1 "rst_n";
    .port_info 2 /INPUT 1 "i_push";
    .port_info 3 /INPUT 1 "i_pop";
    .port_info 4 /INPUT 73 "i_data";
    .port_info 5 /OUTPUT 1 "o_empty";
    .port_info 6 /OUTPUT 1 "o_full";
    .port_info 7 /OUTPUT 73 "o_data";
P_00000229ec73baa0 .param/l "d_width" 0 5 2, +C4<00000000000000000000000001001001>;
L_00000229ec7312c0 .functor BUFZ 73, L_00000229ec7a2510, C4<0000000000000000000000000000000000000000000000000000000000000000000000000>, C4<0000000000000000000000000000000000000000000000000000000000000000000000000>, C4<0000000000000000000000000000000000000000000000000000000000000000000000000>;
v00000229ec79bf70_0 .net *"_ivl_0", 72 0, L_00000229ec7a2510;  1 drivers
L_00000229ec7a83b0 .functor BUFT 1, C4<0000000000000000000000000000>, C4<0>, C4<0>, C4<0>;
v00000229ec79b6b0_0 .net *"_ivl_11", 27 0, L_00000229ec7a83b0;  1 drivers
L_00000229ec7a83f8 .functor BUFT 1, C4<00000000000000000000000000000001>, C4<0>, C4<0>, C4<0>;
v00000229ec79b9d0_0 .net/2u *"_ivl_12", 31 0, L_00000229ec7a83f8;  1 drivers
v00000229ec79c330_0 .net *"_ivl_14", 31 0, L_00000229ec7a3190;  1 drivers
v00000229ec79bc50_0 .net *"_ivl_16", 31 0, L_00000229ec7a3730;  1 drivers
L_00000229ec7a8440 .functor BUFT 1, C4<0000000000000000000000000000>, C4<0>, C4<0>, C4<0>;
v00000229ec79cb50_0 .net *"_ivl_19", 27 0, L_00000229ec7a8440;  1 drivers
v00000229ec79b430_0 .net *"_ivl_2", 5 0, L_00000229ec7a2b50;  1 drivers
v00000229ec79cbf0_0 .net *"_ivl_20", 0 0, L_00000229ec7a30f0;  1 drivers
L_00000229ec7a8488 .functor BUFT 1, C4<01>, C4<0>, C4<0>, C4<0>;
v00000229ec79be30_0 .net/2s *"_ivl_22", 1 0, L_00000229ec7a8488;  1 drivers
L_00000229ec7a84d0 .functor BUFT 1, C4<00>, C4<0>, C4<0>, C4<0>;
v00000229ec79b610_0 .net/2s *"_ivl_24", 1 0, L_00000229ec7a84d0;  1 drivers
v00000229ec79cf10_0 .net *"_ivl_26", 1 0, L_00000229ec7a28d0;  1 drivers
v00000229ec79cc90_0 .net *"_ivl_30", 0 0, L_00000229ec7a3230;  1 drivers
L_00000229ec7a8518 .functor BUFT 1, C4<01>, C4<0>, C4<0>, C4<0>;
v00000229ec79c010_0 .net/2s *"_ivl_32", 1 0, L_00000229ec7a8518;  1 drivers
L_00000229ec7a8560 .functor BUFT 1, C4<00>, C4<0>, C4<0>, C4<0>;
v00000229ec79b110_0 .net/2s *"_ivl_34", 1 0, L_00000229ec7a8560;  1 drivers
v00000229ec79c290_0 .net *"_ivl_36", 1 0, L_00000229ec7a3870;  1 drivers
L_00000229ec7a8368 .functor BUFT 1, C4<00>, C4<0>, C4<0>, C4<0>;
v00000229ec79ca10_0 .net *"_ivl_5", 1 0, L_00000229ec7a8368;  1 drivers
v00000229ec79cdd0_0 .net *"_ivl_8", 31 0, L_00000229ec7a3f50;  1 drivers
v00000229ec79b750_0 .net "clk", 0 0, o00000229ec7600b8;  alias, 0 drivers
v00000229ec79ba70_0 .var/i "i", 31 0;
v00000229ec79b7f0_0 .net "i_data", 72 0, L_00000229ec7a2790;  1 drivers
v00000229ec79c3d0_0 .net "i_pop", 0 0, v00000229ec79e020_0;  alias, 1 drivers
v00000229ec79bed0_0 .net "i_push", 0 0, o00000229ec762428;  alias, 0 drivers
v00000229ec79c1f0 .array "mem_data", 15 0, 72 0;
v00000229ec79c470_0 .net "o_data", 72 0, L_00000229ec7312c0;  alias, 1 drivers
v00000229ec79cab0_0 .net "o_empty", 0 0, L_00000229ec7a21f0;  alias, 1 drivers
v00000229ec79cfb0_0 .net "o_full", 0 0, L_00000229ec7a2e70;  alias, 1 drivers
v00000229ec79c510_0 .var "r_ptr", 3 0;
v00000229ec79c650_0 .net "rst_n", 0 0, o00000229ec760178;  alias, 0 drivers
v00000229ec79c5b0_0 .var "w_ptr", 3 0;
L_00000229ec7a2510 .array/port v00000229ec79c1f0, L_00000229ec7a2b50;
L_00000229ec7a2b50 .concat [ 4 2 0 0], v00000229ec79c510_0, L_00000229ec7a8368;
L_00000229ec7a3f50 .concat [ 4 28 0 0], v00000229ec79c5b0_0, L_00000229ec7a83b0;
L_00000229ec7a3190 .arith/sum 32, L_00000229ec7a3f50, L_00000229ec7a83f8;
L_00000229ec7a3730 .concat [ 4 28 0 0], v00000229ec79c510_0, L_00000229ec7a8440;
L_00000229ec7a30f0 .cmp/eq 32, L_00000229ec7a3190, L_00000229ec7a3730;
L_00000229ec7a28d0 .functor MUXZ 2, L_00000229ec7a84d0, L_00000229ec7a8488, L_00000229ec7a30f0, C4<>;
L_00000229ec7a2e70 .part L_00000229ec7a28d0, 0, 1;
L_00000229ec7a3230 .cmp/eq 4, v00000229ec79c5b0_0, v00000229ec79c510_0;
L_00000229ec7a3870 .functor MUXZ 2, L_00000229ec7a8560, L_00000229ec7a8518, L_00000229ec7a3230, C4<>;
L_00000229ec7a21f0 .part L_00000229ec7a3870, 0, 1;
S_00000229ec6c83c0 .scope module, "FSM_MASTER_READ_inst" "FSM_MASTER_READ" 2 183, 6 1 0, S_00000229ec6cfd70;
 .timescale 0 0;
    .port_info 0 /INPUT 1 "clk";
    .port_info 1 /INPUT 1 "rst_n";
    .port_info 2 /INPUT 1 "m_arvalid";
    .port_info 3 /OUTPUT 1 "m_arready";
    .port_info 4 /INPUT 2 "m_arburst";
    .port_info 5 /INPUT 8 "m_arlen";
    .port_info 6 /INPUT 1 "m_rvalid";
    .port_info 7 /OUTPUT 1 "m_rready";
    .port_info 8 /OUTPUT 1 "m_rlast";
    .port_info 9 /OUTPUT 2 "m_rresp";
    .port_info 10 /OUTPUT 1 "select_address";
    .port_info 11 /OUTPUT 1 "o_ren";
P_00000229ec6cd490 .param/l "IDLE" 1 6 22, +C4<00000000000000000000000000000000>;
P_00000229ec6cd4c8 .param/l "TRANSFER" 1 6 23, +C4<00000000000000000000000000000001>;
L_00000229ec731560 .functor BUFZ 1, v00000229ec79ee80_0, C4<0>, C4<0>, C4<0>;
L_00000229ec7318e0 .functor AND 1, L_00000229ec803f80, L_00000229ec8039e0, C4<1>, C4<1>;
L_00000229ec7a8cf8 .functor BUFT 1, C4<00000000000000000000000000000001>, C4<0>, C4<0>, C4<0>;
v00000229ec79c6f0_0 .net/2u *"_ivl_10", 31 0, L_00000229ec7a8cf8;  1 drivers
v00000229ec79c790_0 .net *"_ivl_12", 0 0, L_00000229ec803f80;  1 drivers
L_00000229ec7a8d40 .functor BUFT 1, C4<01>, C4<0>, C4<0>, C4<0>;
v00000229ec79c830_0 .net/2u *"_ivl_14", 1 0, L_00000229ec7a8d40;  1 drivers
v00000229ec79c8d0_0 .net *"_ivl_16", 0 0, L_00000229ec8039e0;  1 drivers
v00000229ec79b1b0_0 .net *"_ivl_6", 31 0, L_00000229ec804020;  1 drivers
L_00000229ec7a8cb0 .functor BUFT 1, C4<0000000000000000000000000000000>, C4<0>, C4<0>, C4<0>;
v00000229ec79b250_0 .net *"_ivl_9", 30 0, L_00000229ec7a8cb0;  1 drivers
v00000229ec79b2f0_0 .net "clk", 0 0, o00000229ec7600b8;  alias, 0 drivers
v00000229ec79b4d0_0 .var "cnt_read", 7 0;
v00000229ec79e700_0 .net "m_arburst", 1 0, L_00000229ec8029a0;  1 drivers
v00000229ec79d940_0 .net "m_arlen", 7 0, L_00000229ec803c60;  1 drivers
v00000229ec79e840_0 .var "m_arready", 0 0;
v00000229ec79df80_0 .net "m_arvalid", 0 0, L_00000229ec731720;  alias, 1 drivers
v00000229ec79d6c0_0 .net "m_rlast", 0 0, v00000229ec79d4e0_0;  alias, 1 drivers
v00000229ec79d4e0_0 .var "m_rlast_stage0", 0 0;
v00000229ec79db20_0 .net "m_rready", 0 0, L_00000229ec731560;  alias, 1 drivers
v00000229ec79ee80_0 .var "m_rready_stage0", 0 0;
v00000229ec79d300_0 .net "m_rresp", 1 0, v00000229ec79d3a0_0;  alias, 1 drivers
v00000229ec79d3a0_0 .var "m_rresp_stage0", 1 0;
v00000229ec79ed40_0 .net "m_rvalid", 0 0, L_00000229ec731db0;  alias, 1 drivers
v00000229ec79e200_0 .var "next_state", 0 0;
v00000229ec79d440_0 .var "o_ren", 0 0;
v00000229ec79eb60_0 .net "rst_n", 0 0, o00000229ec760178;  alias, 0 drivers
v00000229ec79eac0_0 .net "select_address", 0 0, L_00000229ec7318e0;  alias, 1 drivers
v00000229ec79e340_0 .var "state", 0 0;
E_00000229ec73b620 .event anyedge, v00000229ec79e340_0;
E_00000229ec73b820 .event anyedge, v00000229ec79e340_0, v00000229ec79b4d0_0, v00000229ec79d940_0;
E_00000229ec73c160 .event anyedge, v00000229ec79e340_0, v00000229ec79df80_0, v00000229ec79b4d0_0, v00000229ec79d940_0;
L_00000229ec804020 .concat [ 1 31 0 0], v00000229ec79e340_0, L_00000229ec7a8cb0;
L_00000229ec803f80 .cmp/eq 32, L_00000229ec804020, L_00000229ec7a8cf8;
L_00000229ec8039e0 .cmp/eq 2, L_00000229ec8029a0, L_00000229ec7a8d40;
S_00000229ec6dcdf0 .scope module, "FSM_MASTER_WRITE_inst" "FSM_MASTER_WRITE" 2 148, 7 1 0, S_00000229ec6cfd70;
 .timescale 0 0;
    .port_info 0 /INPUT 1 "clk";
    .port_info 1 /INPUT 1 "rst_n";
    .port_info 2 /INPUT 1 "m_awvalid";
    .port_info 3 /OUTPUT 1 "m_awready";
    .port_info 4 /INPUT 2 "m_awburst";
    .port_info 5 /INPUT 8 "m_awlen";
    .port_info 6 /INPUT 1 "m_wvalid";
    .port_info 7 /OUTPUT 1 "m_wready";
    .port_info 8 /INPUT 1 "m_wlast";
    .port_info 9 /OUTPUT 3 "b_reps";
    .port_info 10 /OUTPUT 1 "select_address";
    .port_info 11 /OUTPUT 1 "o_wen";
P_00000229ec6cd510 .param/l "IDLE" 1 7 21, +C4<00000000000000000000000000000000>;
P_00000229ec6cd548 .param/l "TRANSFER" 1 7 22, +C4<00000000000000000000000000000001>;
v00000229ec79e3e0_0 .var "b_reps", 2 0;
v00000229ec79dda0_0 .net "clk", 0 0, o00000229ec7600b8;  alias, 0 drivers
v00000229ec79e480_0 .var "cnt_push", 7 0;
v00000229ec79e520_0 .net "m_awburst", 1 0, L_00000229ec8034e0;  1 drivers
v00000229ec79e660_0 .net "m_awlen", 7 0, L_00000229ec803940;  1 drivers
v00000229ec79d580_0 .var "m_awready", 0 0;
v00000229ec79ede0_0 .net "m_awvalid", 0 0, L_00000229ec731b10;  alias, 1 drivers
v00000229ec79dbc0_0 .net "m_wlast", 0 0, L_00000229ec803300;  1 drivers
v00000229ec79e020_0 .var "m_wready", 0 0;
v00000229ec79dee0_0 .net "m_wvalid", 0 0, L_00000229ec731c60;  alias, 1 drivers
v00000229ec79d760_0 .var "next_state", 0 0;
v00000229ec79e7a0_0 .var "o_wen", 0 0;
v00000229ec79ef20_0 .net "rst_n", 0 0, o00000229ec760178;  alias, 0 drivers
v00000229ec79e5c0_0 .var "select_address", 0 0;
v00000229ec79e8e0_0 .var "state", 0 0;
E_00000229ec73bfa0 .event anyedge, v00000229ec79e8e0_0, v00000229ec79e520_0;
E_00000229ec73b860 .event anyedge, v00000229ec79dbc0_0, v00000229ec79e480_0, v00000229ec79e660_0, v00000229ec79e8e0_0;
E_00000229ec73bea0 .event anyedge, v00000229ec79e8e0_0, v00000229ec79ede0_0, v00000229ec79dee0_0;
E_00000229ec73c0a0 .event anyedge, v00000229ec79dbc0_0, v00000229ec79e8e0_0;
E_00000229ec73bbe0 .event anyedge, v00000229ec79e8e0_0, v00000229ec79ede0_0, v00000229ec79dee0_0, v00000229ec79dbc0_0;
S_00000229ec6dcf80 .scope module, "LANE_EN_WRITE_inst" "LANE_EN_WRITE" 2 208, 8 1 0, S_00000229ec6cfd70;
 .timescale 0 0;
    .port_info 0 /INPUT 1 "clk";
    .port_info 1 /INPUT 1 "rst_n";
    .port_info 2 /INPUT 64 "i_data";
    .port_info 3 /INPUT 8 "byte_enable";
    .port_info 4 /OUTPUT 64 "o_data";
v00000229ec79e0c0_0 .net "byte_enable", 7 0, L_00000229ec802d60;  1 drivers
v00000229ec79d620_0 .net "clk", 0 0, o00000229ec7600b8;  alias, 0 drivers
v00000229ec79dc60_0 .net "i_data", 63 0, L_00000229ec802c20;  1 drivers
v00000229ec79dd00_0 .var "o_data", 63 0;
v00000229ec79e980_0 .net "rst_n", 0 0, o00000229ec760178;  alias, 0 drivers
S_00000229ec6dd110 .scope module, "RAM_inst" "RAM" 2 216, 9 1 0, S_00000229ec6cfd70;
 .timescale 0 0;
    .port_info 0 /INPUT 1 "clk";
    .port_info 1 /INPUT 1 "rst_n";
    .port_info 2 /INPUT 1 "i_wen";
    .port_info 3 /INPUT 32 "i_write_address";
    .port_info 4 /INPUT 64 "i_data";
    .port_info 5 /INPUT 1 "i_ren";
    .port_info 6 /INPUT 32 "i_read_address";
    .port_info 7 /OUTPUT 64 "o_data";
v00000229ec79e160_0 .net "clk", 0 0, o00000229ec7600b8;  alias, 0 drivers
v00000229ec79d800_0 .var/i "i", 31 0;
v00000229ec79efc0_0 .net "i_data", 63 0, v00000229ec79dd00_0;  alias, 1 drivers
v00000229ec79ea20_0 .net "i_read_address", 31 0, v00000229ec73dbf0_0;  alias, 1 drivers
v00000229ec79ec00_0 .net "i_ren", 0 0, v00000229ec79d440_0;  alias, 1 drivers
v00000229ec79e2a0_0 .net "i_wen", 0 0, v00000229ec79e7a0_0;  alias, 1 drivers
v00000229ec79eca0_0 .net "i_write_address", 31 0, v00000229ec73da10_0;  alias, 1 drivers
v00000229ec79d120 .array "mem_data", 1023 0, 7 0;
v00000229ec79d1c0_0 .var "o_data", 63 0;
v00000229ec79d260_0 .net "rst_n", 0 0, o00000229ec760178;  alias, 0 drivers
E_00000229ec73c1e0 .event posedge, v00000229ec73c750_0;
    .scope S_00000229ec6b3b30;
T_0 ;
    %wait E_00000229ec73ba60;
    %load/vec4 v00000229ec799e20_0;
    %nor/r;
    %flag_set/vec4 8;
    %jmp/0xz  T_0.0, 8;
    %pushi/vec4 0, 0, 32;
    %store/vec4 v00000229ec70bdf0_0, 0, 32;
T_0.2 ;
    %load/vec4 v00000229ec70bdf0_0;
    %cmpi/s 16, 0, 32;
    %jmp/0xz T_0.3, 5;
    %pushi/vec4 0, 0, 45;
    %ix/getv/s 3, v00000229ec70bdf0_0;
    %ix/load 4, 0, 0; Constant delay
    %assign/vec4/a/d v00000229ec6a49b0, 0, 4;
    %load/vec4 v00000229ec70bdf0_0;
    %addi 1, 0, 32;
    %store/vec4 v00000229ec70bdf0_0, 0, 32;
    %jmp T_0.2;
T_0.3 ;
    %pushi/vec4 0, 0, 4;
    %assign/vec4 v00000229ec79ad20_0, 0;
    %pushi/vec4 0, 0, 4;
    %assign/vec4 v00000229ec79a960_0, 0;
    %jmp T_0.1;
T_0.0 ;
    %load/vec4 v00000229ec70c4d0_0;
    %load/vec4 v00000229ec79aaa0_0;
    %nor/r;
    %and;
    %flag_set/vec4 8;
    %jmp/0xz  T_0.4, 8;
    %load/vec4 v00000229ec70abd0_0;
    %load/vec4 v00000229ec79ad20_0;
    %pad/u 6;
    %ix/vec4 3;
    %ix/load 4, 0, 0; Constant delay
    %assign/vec4/a/d v00000229ec6a49b0, 0, 4;
    %load/vec4 v00000229ec79ad20_0;
    %addi 1, 0, 4;
    %assign/vec4 v00000229ec79ad20_0, 0;
T_0.4 ;
    %load/vec4 v00000229ec70c1b0_0;
    %load/vec4 v00000229ec799740_0;
    %nor/r;
    %and;
    %flag_set/vec4 8;
    %jmp/0xz  T_0.6, 8;
    %load/vec4 v00000229ec79a960_0;
    %addi 1, 0, 4;
    %assign/vec4 v00000229ec79a960_0, 0;
T_0.6 ;
T_0.1 ;
    %jmp T_0;
    .thread T_0;
    .scope S_00000229ec6c8230;
T_1 ;
    %wait E_00000229ec73ba60;
    %load/vec4 v00000229ec79c650_0;
    %nor/r;
    %flag_set/vec4 8;
    %jmp/0xz  T_1.0, 8;
    %pushi/vec4 0, 0, 32;
    %store/vec4 v00000229ec79ba70_0, 0, 32;
T_1.2 ;
    %load/vec4 v00000229ec79ba70_0;
    %cmpi/s 16, 0, 32;
    %jmp/0xz T_1.3, 5;
    %pushi/vec4 0, 0, 73;
    %ix/getv/s 3, v00000229ec79ba70_0;
    %ix/load 4, 0, 0; Constant delay
    %assign/vec4/a/d v00000229ec79c1f0, 0, 4;
    %load/vec4 v00000229ec79ba70_0;
    %addi 1, 0, 32;
    %store/vec4 v00000229ec79ba70_0, 0, 32;
    %jmp T_1.2;
T_1.3 ;
    %pushi/vec4 0, 0, 4;
    %assign/vec4 v00000229ec79c5b0_0, 0;
    %pushi/vec4 0, 0, 4;
    %assign/vec4 v00000229ec79c510_0, 0;
    %jmp T_1.1;
T_1.0 ;
    %load/vec4 v00000229ec79bed0_0;
    %load/vec4 v00000229ec79cfb0_0;
    %nor/r;
    %and;
    %flag_set/vec4 8;
    %jmp/0xz  T_1.4, 8;
    %load/vec4 v00000229ec79b7f0_0;
    %load/vec4 v00000229ec79c5b0_0;
    %pad/u 6;
    %ix/vec4 3;
    %ix/load 4, 0, 0; Constant delay
    %assign/vec4/a/d v00000229ec79c1f0, 0, 4;
    %load/vec4 v00000229ec79c5b0_0;
    %addi 1, 0, 4;
    %assign/vec4 v00000229ec79c5b0_0, 0;
T_1.4 ;
    %load/vec4 v00000229ec79c3d0_0;
    %load/vec4 v00000229ec79cab0_0;
    %nor/r;
    %and;
    %flag_set/vec4 8;
    %jmp/0xz  T_1.6, 8;
    %load/vec4 v00000229ec79c510_0;
    %addi 1, 0, 4;
    %assign/vec4 v00000229ec79c510_0, 0;
T_1.6 ;
T_1.1 ;
    %jmp T_1;
    .thread T_1;
    .scope S_00000229ec6b3cc0;
T_2 ;
    %wait E_00000229ec73ba60;
    %load/vec4 v00000229ec799380_0;
    %nor/r;
    %flag_set/vec4 8;
    %jmp/0xz  T_2.0, 8;
    %pushi/vec4 0, 0, 32;
    %store/vec4 v00000229ec7999c0_0, 0, 32;
T_2.2 ;
    %load/vec4 v00000229ec7999c0_0;
    %cmpi/s 16, 0, 32;
    %jmp/0xz T_2.3, 5;
    %pushi/vec4 0, 0, 2;
    %ix/getv/s 3, v00000229ec7999c0_0;
    %ix/load 4, 0, 0; Constant delay
    %assign/vec4/a/d v00000229ec7996a0, 0, 4;
    %load/vec4 v00000229ec7999c0_0;
    %addi 1, 0, 32;
    %store/vec4 v00000229ec7999c0_0, 0, 32;
    %jmp T_2.2;
T_2.3 ;
    %pushi/vec4 0, 0, 4;
    %assign/vec4 v00000229ec7992e0_0, 0;
    %pushi/vec4 0, 0, 4;
    %assign/vec4 v00000229ec79a8c0_0, 0;
    %jmp T_2.1;
T_2.0 ;
    %load/vec4 v00000229ec799ec0_0;
    %load/vec4 v00000229ec79a820_0;
    %nor/r;
    %and;
    %flag_set/vec4 8;
    %jmp/0xz  T_2.4, 8;
    %load/vec4 v00000229ec799ba0_0;
    %load/vec4 v00000229ec7992e0_0;
    %pad/u 6;
    %ix/vec4 3;
    %ix/load 4, 0, 0; Constant delay
    %assign/vec4/a/d v00000229ec7996a0, 0, 4;
    %load/vec4 v00000229ec7992e0_0;
    %addi 1, 0, 4;
    %assign/vec4 v00000229ec7992e0_0, 0;
T_2.4 ;
    %load/vec4 v00000229ec79a140_0;
    %load/vec4 v00000229ec79a5a0_0;
    %nor/r;
    %and;
    %flag_set/vec4 8;
    %jmp/0xz  T_2.6, 8;
    %load/vec4 v00000229ec79a8c0_0;
    %addi 1, 0, 4;
    %assign/vec4 v00000229ec79a8c0_0, 0;
T_2.6 ;
T_2.1 ;
    %jmp T_2;
    .thread T_2;
    .scope S_00000229ec6b39a0;
T_3 ;
    %wait E_00000229ec73ba60;
    %load/vec4 v00000229ec722d90_0;
    %nor/r;
    %flag_set/vec4 8;
    %jmp/0xz  T_3.0, 8;
    %pushi/vec4 0, 0, 32;
    %store/vec4 v00000229ec73e050_0, 0, 32;
T_3.2 ;
    %load/vec4 v00000229ec73e050_0;
    %cmpi/s 16, 0, 32;
    %jmp/0xz T_3.3, 5;
    %pushi/vec4 0, 0, 45;
    %ix/getv/s 3, v00000229ec73e050_0;
    %ix/load 4, 0, 0; Constant delay
    %assign/vec4/a/d v00000229ec73e370, 0, 4;
    %load/vec4 v00000229ec73e050_0;
    %addi 1, 0, 32;
    %store/vec4 v00000229ec73e050_0, 0, 32;
    %jmp T_3.2;
T_3.3 ;
    %pushi/vec4 0, 0, 4;
    %assign/vec4 v00000229ec722430_0, 0;
    %pushi/vec4 0, 0, 4;
    %assign/vec4 v00000229ec723ab0_0, 0;
    %jmp T_3.1;
T_3.0 ;
    %load/vec4 v00000229ec73e2d0_0;
    %load/vec4 v00000229ec721fd0_0;
    %nor/r;
    %and;
    %flag_set/vec4 8;
    %jmp/0xz  T_3.4, 8;
    %load/vec4 v00000229ec73d0b0_0;
    %load/vec4 v00000229ec722430_0;
    %pad/u 6;
    %ix/vec4 3;
    %ix/load 4, 0, 0; Constant delay
    %assign/vec4/a/d v00000229ec73e370, 0, 4;
    %load/vec4 v00000229ec722430_0;
    %addi 1, 0, 4;
    %assign/vec4 v00000229ec722430_0, 0;
T_3.4 ;
    %load/vec4 v00000229ec73e230_0;
    %load/vec4 v00000229ec73d6f0_0;
    %nor/r;
    %and;
    %flag_set/vec4 8;
    %jmp/0xz  T_3.6, 8;
    %load/vec4 v00000229ec723ab0_0;
    %addi 1, 0, 4;
    %assign/vec4 v00000229ec723ab0_0, 0;
T_3.6 ;
T_3.1 ;
    %jmp T_3;
    .thread T_3;
    .scope S_00000229ec6c80a0;
T_4 ;
    %wait E_00000229ec73ba60;
    %load/vec4 v00000229ec79b930_0;
    %nor/r;
    %flag_set/vec4 8;
    %jmp/0xz  T_4.0, 8;
    %pushi/vec4 0, 0, 32;
    %store/vec4 v00000229ec79bb10_0, 0, 32;
T_4.2 ;
    %load/vec4 v00000229ec79bb10_0;
    %cmpi/s 16, 0, 32;
    %jmp/0xz T_4.3, 5;
    %pushi/vec4 0, 0, 67;
    %ix/getv/s 3, v00000229ec79bb10_0;
    %ix/load 4, 0, 0; Constant delay
    %assign/vec4/a/d v00000229ec79b390, 0, 4;
    %load/vec4 v00000229ec79bb10_0;
    %addi 1, 0, 32;
    %store/vec4 v00000229ec79bb10_0, 0, 32;
    %jmp T_4.2;
T_4.3 ;
    %pushi/vec4 0, 0, 4;
    %assign/vec4 v00000229ec79c0b0_0, 0;
    %pushi/vec4 0, 0, 4;
    %assign/vec4 v00000229ec79c150_0, 0;
    %jmp T_4.1;
T_4.0 ;
    %load/vec4 v00000229ec79b570_0;
    %load/vec4 v00000229ec79bd90_0;
    %nor/r;
    %and;
    %flag_set/vec4 8;
    %jmp/0xz  T_4.4, 8;
    %load/vec4 v00000229ec79bbb0_0;
    %load/vec4 v00000229ec79c0b0_0;
    %pad/u 6;
    %ix/vec4 3;
    %ix/load 4, 0, 0; Constant delay
    %assign/vec4/a/d v00000229ec79b390, 0, 4;
    %load/vec4 v00000229ec79c0b0_0;
    %addi 1, 0, 4;
    %assign/vec4 v00000229ec79c0b0_0, 0;
T_4.4 ;
    %load/vec4 v00000229ec79cd30_0;
    %load/vec4 v00000229ec79bcf0_0;
    %nor/r;
    %and;
    %flag_set/vec4 8;
    %jmp/0xz  T_4.6, 8;
    %load/vec4 v00000229ec79c150_0;
    %addi 1, 0, 4;
    %assign/vec4 v00000229ec79c150_0, 0;
T_4.6 ;
T_4.1 ;
    %jmp T_4;
    .thread T_4;
    .scope S_00000229ec6dcdf0;
T_5 ;
    %wait E_00000229ec73bbe0;
    %load/vec4 v00000229ec79e8e0_0;
    %dup/vec4;
    %pushi/vec4 0, 0, 1;
    %cmp/u;
    %jmp/1 T_5.0, 6;
    %dup/vec4;
    %pushi/vec4 1, 0, 1;
    %cmp/u;
    %jmp/1 T_5.1, 6;
    %jmp T_5.2;
T_5.0 ;
    %load/vec4 v00000229ec79ede0_0;
    %load/vec4 v00000229ec79dee0_0;
    %and;
    %flag_set/vec4 8;
    %jmp/0 T_5.3, 8;
    %pushi/vec4 1, 0, 32;
    %jmp/1 T_5.4, 8;
T_5.3 ; End of true expr.
    %pushi/vec4 0, 0, 32;
    %jmp/0 T_5.4, 8;
 ; End of false expr.
    %blend;
T_5.4;
    %pad/s 1;
    %store/vec4 v00000229ec79d760_0, 0, 1;
    %jmp T_5.2;
T_5.1 ;
    %load/vec4 v00000229ec79dbc0_0;
    %flag_set/vec4 8;
    %jmp/0 T_5.5, 8;
    %pushi/vec4 0, 0, 32;
    %jmp/1 T_5.6, 8;
T_5.5 ; End of true expr.
    %pushi/vec4 1, 0, 32;
    %jmp/0 T_5.6, 8;
 ; End of false expr.
    %blend;
T_5.6;
    %pad/s 1;
    %store/vec4 v00000229ec79d760_0, 0, 1;
    %jmp T_5.2;
T_5.2 ;
    %pop/vec4 1;
    %jmp T_5;
    .thread T_5, $push;
    .scope S_00000229ec6dcdf0;
T_6 ;
    %wait E_00000229ec73ba60;
    %load/vec4 v00000229ec79ef20_0;
    %nor/r;
    %flag_set/vec4 8;
    %jmp/0xz  T_6.0, 8;
    %pushi/vec4 0, 0, 1;
    %assign/vec4 v00000229ec79e8e0_0, 0;
    %jmp T_6.1;
T_6.0 ;
    %load/vec4 v00000229ec79d760_0;
    %assign/vec4 v00000229ec79e8e0_0, 0;
T_6.1 ;
    %jmp T_6;
    .thread T_6;
    .scope S_00000229ec6dcdf0;
T_7 ;
    %wait E_00000229ec73c0a0;
    %pushi/vec4 0, 0, 1;
    %store/vec4 v00000229ec79d580_0, 0, 1;
    %load/vec4 v00000229ec79dbc0_0;
    %load/vec4 v00000229ec79e8e0_0;
    %pad/u 32;
    %pushi/vec4 1, 0, 32;
    %cmp/e;
    %flag_get/vec4 4;
    %and;
    %flag_set/vec4 8;
    %jmp/0xz  T_7.0, 8;
    %pushi/vec4 1, 0, 1;
    %store/vec4 v00000229ec79d580_0, 0, 1;
T_7.0 ;
    %jmp T_7;
    .thread T_7, $push;
    .scope S_00000229ec6dcdf0;
T_8 ;
    %wait E_00000229ec73ba60;
    %load/vec4 v00000229ec79ef20_0;
    %nor/r;
    %flag_set/vec4 8;
    %jmp/0xz  T_8.0, 8;
    %pushi/vec4 0, 0, 8;
    %assign/vec4 v00000229ec79e480_0, 0;
    %jmp T_8.1;
T_8.0 ;
    %load/vec4 v00000229ec79e8e0_0;
    %pad/u 32;
    %pushi/vec4 1, 0, 32;
    %cmp/e;
    %flag_get/vec4 4;
    %load/vec4 v00000229ec79dbc0_0;
    %nor/r;
    %and;
    %flag_set/vec4 8;
    %load/vec4 v00000229ec79e8e0_0;
    %pad/u 32;
    %pushi/vec4 0, 0, 32;
    %cmp/e;
    %flag_get/vec4 4;
    %load/vec4 v00000229ec79ede0_0;
    %and;
    %load/vec4 v00000229ec79dee0_0;
    %and;
    %flag_set/vec4 9;
    %flag_or 9, 8;
    %jmp/0xz  T_8.2, 9;
    %load/vec4 v00000229ec79e480_0;
    %addi 1, 0, 8;
    %assign/vec4 v00000229ec79e480_0, 0;
    %jmp T_8.3;
T_8.2 ;
    %load/vec4 v00000229ec79e8e0_0;
    %pad/u 32;
    %pushi/vec4 1, 0, 32;
    %cmp/e;
    %flag_get/vec4 4;
    %load/vec4 v00000229ec79dbc0_0;
    %and;
    %flag_set/vec4 8;
    %jmp/0xz  T_8.4, 8;
    %pushi/vec4 0, 0, 8;
    %assign/vec4 v00000229ec79e480_0, 0;
T_8.4 ;
T_8.3 ;
T_8.1 ;
    %jmp T_8;
    .thread T_8;
    .scope S_00000229ec6dcdf0;
T_9 ;
    %wait E_00000229ec73bea0;
    %pushi/vec4 0, 0, 1;
    %store/vec4 v00000229ec79e020_0, 0, 1;
    %load/vec4 v00000229ec79e8e0_0;
    %pad/u 32;
    %cmpi/e 1, 0, 32;
    %flag_mov 8, 4;
    %load/vec4 v00000229ec79e8e0_0;
    %pad/u 32;
    %pushi/vec4 0, 0, 32;
    %cmp/e;
    %flag_get/vec4 4;
    %load/vec4 v00000229ec79ede0_0;
    %and;
    %load/vec4 v00000229ec79dee0_0;
    %and;
    %flag_set/vec4 9;
    %flag_or 9, 8;
    %jmp/0xz  T_9.0, 9;
    %pushi/vec4 1, 0, 1;
    %store/vec4 v00000229ec79e020_0, 0, 1;
T_9.0 ;
    %jmp T_9;
    .thread T_9, $push;
    .scope S_00000229ec6dcdf0;
T_10 ;
    %wait E_00000229ec73b860;
    %load/vec4 v00000229ec79dbc0_0;
    %load/vec4 v00000229ec79e480_0;
    %load/vec4 v00000229ec79e660_0;
    %cmp/e;
    %flag_get/vec4 4;
    %and;
    %load/vec4 v00000229ec79e8e0_0;
    %pad/u 32;
    %pushi/vec4 1, 0, 32;
    %cmp/e;
    %flag_get/vec4 4;
    %and;
    %flag_set/vec4 8;
    %jmp/0xz  T_10.0, 8;
    %pushi/vec4 4, 0, 3;
    %store/vec4 v00000229ec79e3e0_0, 0, 3;
    %jmp T_10.1;
T_10.0 ;
    %pushi/vec4 7, 0, 3;
    %store/vec4 v00000229ec79e3e0_0, 0, 3;
T_10.1 ;
    %jmp T_10;
    .thread T_10, $push;
    .scope S_00000229ec6dcdf0;
T_11 ;
    %wait E_00000229ec73bfa0;
    %pushi/vec4 0, 0, 1;
    %store/vec4 v00000229ec79e5c0_0, 0, 1;
    %load/vec4 v00000229ec79e8e0_0;
    %pad/u 32;
    %pushi/vec4 1, 0, 32;
    %cmp/e;
    %flag_get/vec4 4;
    %load/vec4 v00000229ec79e520_0;
    %pushi/vec4 1, 0, 2;
    %cmp/e;
    %flag_get/vec4 4;
    %and;
    %flag_set/vec4 8;
    %jmp/0xz  T_11.0, 8;
    %pushi/vec4 1, 0, 1;
    %store/vec4 v00000229ec79e5c0_0, 0, 1;
T_11.0 ;
    %jmp T_11;
    .thread T_11, $push;
    .scope S_00000229ec6dcdf0;
T_12 ;
    %wait E_00000229ec73ba60;
    %load/vec4 v00000229ec79ef20_0;
    %nor/r;
    %flag_set/vec4 8;
    %jmp/0xz  T_12.0, 8;
    %pushi/vec4 0, 0, 1;
    %assign/vec4 v00000229ec79e7a0_0, 0;
    %jmp T_12.1;
T_12.0 ;
    %load/vec4 v00000229ec79e8e0_0;
    %pad/u 32;
    %cmpi/e 1, 0, 32;
    %flag_mov 8, 4;
    %load/vec4 v00000229ec79e8e0_0;
    %pad/u 32;
    %pushi/vec4 0, 0, 32;
    %cmp/e;
    %flag_get/vec4 4;
    %load/vec4 v00000229ec79ede0_0;
    %and;
    %load/vec4 v00000229ec79dee0_0;
    %and;
    %flag_set/vec4 9;
    %flag_or 9, 8;
    %jmp/0xz  T_12.2, 9;
    %pushi/vec4 1, 0, 1;
    %assign/vec4 v00000229ec79e7a0_0, 0;
    %jmp T_12.3;
T_12.2 ;
    %pushi/vec4 0, 0, 1;
    %assign/vec4 v00000229ec79e7a0_0, 0;
T_12.3 ;
T_12.1 ;
    %jmp T_12;
    .thread T_12;
    .scope S_00000229ec6d7950;
T_13 ;
    %wait E_00000229ec73ba60;
    %load/vec4 v00000229ec73cb10_0;
    %nor/r;
    %flag_set/vec4 8;
    %jmp/0xz  T_13.0, 8;
    %pushi/vec4 0, 0, 32;
    %assign/vec4 v00000229ec73da10_0, 0;
    %jmp T_13.1;
T_13.0 ;
    %load/vec4 v00000229ec73d150_0;
    %pad/u 32;
    %cmpi/e 0, 0, 32;
    %jmp/0xz  T_13.2, 4;
    %load/vec4 v00000229ec73d8d0_0;
    %assign/vec4 v00000229ec73da10_0, 0;
    %jmp T_13.3;
T_13.2 ;
    %load/vec4 v00000229ec73da10_0;
    %load/vec4 v00000229ec73d3d0_0;
    %pad/u 32;
    %add;
    %assign/vec4 v00000229ec73da10_0, 0;
T_13.3 ;
T_13.1 ;
    %jmp T_13;
    .thread T_13;
    .scope S_00000229ec6d77c0;
T_14 ;
    %wait E_00000229ec73a760;
    %pushi/vec4 0, 0, 1;
    %store/vec4 v00000229ec73c4d0_0, 0, 1;
    %pushi/vec4 0, 0, 2;
    %store/vec4 v00000229ec73d790_0, 0, 2;
    %load/vec4 v00000229ec73c6b0_0;
    %pushi/vec4 4, 0, 3;
    %cmp/e;
    %flag_get/vec4 4;
    %load/vec4 v00000229ec73cc50_0;
    %and;
    %flag_set/vec4 8;
    %jmp/0xz  T_14.0, 8;
    %pushi/vec4 1, 0, 1;
    %store/vec4 v00000229ec73c4d0_0, 0, 1;
    %pushi/vec4 0, 0, 2;
    %store/vec4 v00000229ec73d790_0, 0, 2;
T_14.0 ;
    %jmp T_14;
    .thread T_14, $push;
    .scope S_00000229ec6c83c0;
T_15 ;
    %wait E_00000229ec73c160;
    %load/vec4 v00000229ec79e340_0;
    %dup/vec4;
    %pushi/vec4 0, 0, 1;
    %cmp/u;
    %jmp/1 T_15.0, 6;
    %dup/vec4;
    %pushi/vec4 1, 0, 1;
    %cmp/u;
    %jmp/1 T_15.1, 6;
    %jmp T_15.2;
T_15.0 ;
    %load/vec4 v00000229ec79df80_0;
    %flag_set/vec4 8;
    %jmp/0 T_15.3, 8;
    %pushi/vec4 1, 0, 32;
    %jmp/1 T_15.4, 8;
T_15.3 ; End of true expr.
    %pushi/vec4 0, 0, 32;
    %jmp/0 T_15.4, 8;
 ; End of false expr.
    %blend;
T_15.4;
    %pad/s 1;
    %store/vec4 v00000229ec79e200_0, 0, 1;
    %jmp T_15.2;
T_15.1 ;
    %load/vec4 v00000229ec79b4d0_0;
    %pad/u 32;
    %load/vec4 v00000229ec79d940_0;
    %pad/u 32;
    %addi 1, 0, 32;
    %cmp/e;
    %flag_mov 8, 4;
    %jmp/0 T_15.5, 8;
    %pushi/vec4 0, 0, 32;
    %jmp/1 T_15.6, 8;
T_15.5 ; End of true expr.
    %pushi/vec4 1, 0, 32;
    %jmp/0 T_15.6, 8;
 ; End of false expr.
    %blend;
T_15.6;
    %pad/s 1;
    %store/vec4 v00000229ec79e200_0, 0, 1;
    %jmp T_15.2;
T_15.2 ;
    %pop/vec4 1;
    %jmp T_15;
    .thread T_15, $push;
    .scope S_00000229ec6c83c0;
T_16 ;
    %wait E_00000229ec73ba60;
    %load/vec4 v00000229ec79eb60_0;
    %nor/r;
    %flag_set/vec4 8;
    %jmp/0xz  T_16.0, 8;
    %pushi/vec4 0, 0, 1;
    %assign/vec4 v00000229ec79e340_0, 0;
    %jmp T_16.1;
T_16.0 ;
    %load/vec4 v00000229ec79e200_0;
    %assign/vec4 v00000229ec79e340_0, 0;
T_16.1 ;
    %jmp T_16;
    .thread T_16;
    .scope S_00000229ec6c83c0;
T_17 ;
    %wait E_00000229ec73b820;
    %pushi/vec4 0, 0, 1;
    %store/vec4 v00000229ec79e840_0, 0, 1;
    %load/vec4 v00000229ec79e340_0;
    %pad/u 32;
    %pushi/vec4 1, 0, 32;
    %cmp/e;
    %flag_get/vec4 4;
    %load/vec4 v00000229ec79b4d0_0;
    %pad/u 32;
    %load/vec4 v00000229ec79d940_0;
    %pad/u 32;
    %addi 1, 0, 32;
    %cmp/e;
    %flag_get/vec4 4;
    %and;
    %flag_set/vec4 8;
    %jmp/0xz  T_17.0, 8;
    %pushi/vec4 1, 0, 1;
    %store/vec4 v00000229ec79e840_0, 0, 1;
T_17.0 ;
    %jmp T_17;
    .thread T_17, $push;
    .scope S_00000229ec6c83c0;
T_18 ;
    %wait E_00000229ec73ba60;
    %load/vec4 v00000229ec79eb60_0;
    %nor/r;
    %flag_set/vec4 8;
    %jmp/0xz  T_18.0, 8;
    %pushi/vec4 0, 0, 8;
    %assign/vec4 v00000229ec79b4d0_0, 0;
    %jmp T_18.1;
T_18.0 ;
    %load/vec4 v00000229ec79e340_0;
    %pad/u 32;
    %pushi/vec4 1, 0, 32;
    %cmp/e;
    %flag_get/vec4 4;
    %load/vec4 v00000229ec79d4e0_0;
    %nor/r;
    %and;
    %flag_set/vec4 8;
    %jmp/0xz  T_18.2, 8;
    %load/vec4 v00000229ec79b4d0_0;
    %addi 1, 0, 8;
    %assign/vec4 v00000229ec79b4d0_0, 0;
    %jmp T_18.3;
T_18.2 ;
    %load/vec4 v00000229ec79d4e0_0;
    %flag_set/vec4 8;
    %jmp/0xz  T_18.4, 8;
    %pushi/vec4 0, 0, 8;
    %assign/vec4 v00000229ec79b4d0_0, 0;
T_18.4 ;
T_18.3 ;
T_18.1 ;
    %jmp T_18;
    .thread T_18;
    .scope S_00000229ec6c83c0;
T_19 ;
    %wait E_00000229ec73ba60;
    %load/vec4 v00000229ec79eb60_0;
    %nor/r;
    %flag_set/vec4 8;
    %jmp/0xz  T_19.0, 8;
    %pushi/vec4 0, 0, 1;
    %assign/vec4 v00000229ec79ee80_0, 0;
    %jmp T_19.1;
T_19.0 ;
    %load/vec4 v00000229ec79e340_0;
    %pad/u 32;
    %pushi/vec4 1, 0, 32;
    %cmp/e;
    %flag_get/vec4 4;
    %load/vec4 v00000229ec79b4d0_0;
    %pad/u 32;
    %load/vec4 v00000229ec79d940_0;
    %pad/u 32;
    %addi 1, 0, 32;
    %cmp/ne;
    %flag_get/vec4 4;
    %and;
    %flag_set/vec4 8;
    %jmp/0xz  T_19.2, 8;
    %pushi/vec4 1, 0, 1;
    %assign/vec4 v00000229ec79ee80_0, 0;
    %jmp T_19.3;
T_19.2 ;
    %pushi/vec4 0, 0, 1;
    %assign/vec4 v00000229ec79ee80_0, 0;
T_19.3 ;
T_19.1 ;
    %jmp T_19;
    .thread T_19;
    .scope S_00000229ec6c83c0;
T_20 ;
    %wait E_00000229ec73ba60;
    %load/vec4 v00000229ec79eb60_0;
    %nor/r;
    %flag_set/vec4 8;
    %jmp/0xz  T_20.0, 8;
    %pushi/vec4 0, 0, 1;
    %assign/vec4 v00000229ec79d4e0_0, 0;
    %jmp T_20.1;
T_20.0 ;
    %load/vec4 v00000229ec79e340_0;
    %pad/u 32;
    %pushi/vec4 1, 0, 32;
    %cmp/e;
    %flag_get/vec4 4;
    %load/vec4 v00000229ec79b4d0_0;
    %load/vec4 v00000229ec79d940_0;
    %cmp/e;
    %flag_get/vec4 4;
    %and;
    %flag_set/vec4 8;
    %jmp/0xz  T_20.2, 8;
    %pushi/vec4 1, 0, 1;
    %assign/vec4 v00000229ec79d4e0_0, 0;
    %jmp T_20.3;
T_20.2 ;
    %pushi/vec4 0, 0, 1;
    %assign/vec4 v00000229ec79d4e0_0, 0;
T_20.3 ;
T_20.1 ;
    %jmp T_20;
    .thread T_20;
    .scope S_00000229ec6c83c0;
T_21 ;
    %wait E_00000229ec73ba60;
    %load/vec4 v00000229ec79eb60_0;
    %nor/r;
    %flag_set/vec4 8;
    %jmp/0xz  T_21.0, 8;
    %pushi/vec4 0, 0, 2;
    %assign/vec4 v00000229ec79d3a0_0, 0;
    %jmp T_21.1;
T_21.0 ;
    %load/vec4 v00000229ec79e340_0;
    %pad/u 32;
    %cmpi/e 1, 0, 32;
    %jmp/0xz  T_21.2, 4;
    %pushi/vec4 0, 0, 2;
    %assign/vec4 v00000229ec79d3a0_0, 0;
    %jmp T_21.3;
T_21.2 ;
    %pushi/vec4 3, 0, 2;
    %assign/vec4 v00000229ec79d3a0_0, 0;
T_21.3 ;
T_21.1 ;
    %jmp T_21;
    .thread T_21;
    .scope S_00000229ec6c83c0;
T_22 ;
    %wait E_00000229ec73b620;
    %pushi/vec4 0, 0, 1;
    %store/vec4 v00000229ec79d440_0, 0, 1;
    %load/vec4 v00000229ec79e340_0;
    %pad/u 32;
    %cmpi/e 1, 0, 32;
    %jmp/0xz  T_22.0, 4;
    %pushi/vec4 1, 0, 1;
    %store/vec4 v00000229ec79d440_0, 0, 1;
T_22.0 ;
    %jmp T_22;
    .thread T_22, $push;
    .scope S_00000229ec6d7ae0;
T_23 ;
    %wait E_00000229ec73ba60;
    %load/vec4 v00000229ec73dc90_0;
    %nor/r;
    %flag_set/vec4 8;
    %jmp/0xz  T_23.0, 8;
    %pushi/vec4 0, 0, 32;
    %assign/vec4 v00000229ec73dbf0_0, 0;
    %jmp T_23.1;
T_23.0 ;
    %load/vec4 v00000229ec73d010_0;
    %pad/u 32;
    %cmpi/e 0, 0, 32;
    %jmp/0xz  T_23.2, 4;
    %load/vec4 v00000229ec73d470_0;
    %assign/vec4 v00000229ec73dbf0_0, 0;
    %jmp T_23.3;
T_23.2 ;
    %load/vec4 v00000229ec73dbf0_0;
    %load/vec4 v00000229ec73dab0_0;
    %pad/u 32;
    %add;
    %assign/vec4 v00000229ec73dbf0_0, 0;
T_23.3 ;
T_23.1 ;
    %jmp T_23;
    .thread T_23;
    .scope S_00000229ec6dcf80;
T_24 ;
    %wait E_00000229ec73ba60;
    %load/vec4 v00000229ec79e980_0;
    %nor/r;
    %flag_set/vec4 8;
    %jmp/0xz  T_24.0, 8;
    %pushi/vec4 0, 0, 64;
    %assign/vec4 v00000229ec79dd00_0, 0;
    %jmp T_24.1;
T_24.0 ;
    %load/vec4 v00000229ec79e0c0_0;
    %parti/s 1, 0, 2;
    %flag_set/vec4 8;
    %jmp/0xz  T_24.2, 8;
    %load/vec4 v00000229ec79dc60_0;
    %parti/s 8, 0, 2;
    %ix/load 4, 0, 0;
    %ix/load 5, 0, 0;
    %flag_set/imm 4, 0;
    %assign/vec4/off/d v00000229ec79dd00_0, 4, 5;
T_24.2 ;
    %load/vec4 v00000229ec79e0c0_0;
    %parti/s 1, 1, 2;
    %flag_set/vec4 8;
    %jmp/0xz  T_24.4, 8;
    %load/vec4 v00000229ec79dc60_0;
    %parti/s 8, 8, 5;
    %ix/load 4, 8, 0;
    %ix/load 5, 0, 0;
    %flag_set/imm 4, 0;
    %assign/vec4/off/d v00000229ec79dd00_0, 4, 5;
T_24.4 ;
    %load/vec4 v00000229ec79e0c0_0;
    %parti/s 1, 2, 3;
    %flag_set/vec4 8;
    %jmp/0xz  T_24.6, 8;
    %load/vec4 v00000229ec79dc60_0;
    %parti/s 8, 16, 6;
    %ix/load 4, 16, 0;
    %ix/load 5, 0, 0;
    %flag_set/imm 4, 0;
    %assign/vec4/off/d v00000229ec79dd00_0, 4, 5;
T_24.6 ;
    %load/vec4 v00000229ec79e0c0_0;
    %parti/s 1, 3, 3;
    %flag_set/vec4 8;
    %jmp/0xz  T_24.8, 8;
    %load/vec4 v00000229ec79dc60_0;
    %parti/s 8, 24, 6;
    %ix/load 4, 24, 0;
    %ix/load 5, 0, 0;
    %flag_set/imm 4, 0;
    %assign/vec4/off/d v00000229ec79dd00_0, 4, 5;
T_24.8 ;
    %load/vec4 v00000229ec79e0c0_0;
    %parti/s 1, 4, 4;
    %flag_set/vec4 8;
    %jmp/0xz  T_24.10, 8;
    %load/vec4 v00000229ec79dc60_0;
    %parti/s 8, 32, 7;
    %ix/load 4, 32, 0;
    %ix/load 5, 0, 0;
    %flag_set/imm 4, 0;
    %assign/vec4/off/d v00000229ec79dd00_0, 4, 5;
T_24.10 ;
    %load/vec4 v00000229ec79e0c0_0;
    %parti/s 1, 5, 4;
    %flag_set/vec4 8;
    %jmp/0xz  T_24.12, 8;
    %load/vec4 v00000229ec79dc60_0;
    %parti/s 8, 40, 7;
    %ix/load 4, 40, 0;
    %ix/load 5, 0, 0;
    %flag_set/imm 4, 0;
    %assign/vec4/off/d v00000229ec79dd00_0, 4, 5;
T_24.12 ;
    %load/vec4 v00000229ec79e0c0_0;
    %parti/s 1, 6, 4;
    %flag_set/vec4 8;
    %jmp/0xz  T_24.14, 8;
    %load/vec4 v00000229ec79dc60_0;
    %parti/s 8, 48, 7;
    %ix/load 4, 48, 0;
    %ix/load 5, 0, 0;
    %flag_set/imm 4, 0;
    %assign/vec4/off/d v00000229ec79dd00_0, 4, 5;
T_24.14 ;
    %load/vec4 v00000229ec79e0c0_0;
    %parti/s 1, 7, 4;
    %flag_set/vec4 8;
    %jmp/0xz  T_24.16, 8;
    %load/vec4 v00000229ec79dc60_0;
    %parti/s 8, 56, 7;
    %ix/load 4, 56, 0;
    %ix/load 5, 0, 0;
    %flag_set/imm 4, 0;
    %assign/vec4/off/d v00000229ec79dd00_0, 4, 5;
T_24.16 ;
T_24.1 ;
    %jmp T_24;
    .thread T_24;
    .scope S_00000229ec6dd110;
T_25 ;
    %pushi/vec4 0, 0, 32;
    %store/vec4 v00000229ec79d800_0, 0, 32;
T_25.0 ;
    %load/vec4 v00000229ec79d800_0;
    %cmpi/s 1024, 0, 32;
    %jmp/0xz T_25.1, 5;
    %pushi/vec4 0, 0, 8;
    %ix/getv/s 4, v00000229ec79d800_0;
    %store/vec4a v00000229ec79d120, 4, 0;
    %load/vec4 v00000229ec79d800_0;
    %addi 1, 0, 32;
    %store/vec4 v00000229ec79d800_0, 0, 32;
    %jmp T_25.0;
T_25.1 ;
    %end;
    .thread T_25;
    .scope S_00000229ec6dd110;
T_26 ;
    %wait E_00000229ec73c1e0;
    %load/vec4 v00000229ec79e2a0_0;
    %flag_set/vec4 8;
    %jmp/0xz  T_26.0, 8;
    %load/vec4 v00000229ec79efc0_0;
    %parti/s 8, 0, 2;
    %ix/getv 3, v00000229ec79eca0_0;
    %ix/load 4, 0, 0; Constant delay
    %assign/vec4/a/d v00000229ec79d120, 0, 4;
    %load/vec4 v00000229ec79efc0_0;
    %parti/s 8, 8, 5;
    %load/vec4 v00000229ec79eca0_0;
    %pad/u 33;
    %addi 1, 0, 33;
    %ix/vec4 3;
    %ix/load 4, 0, 0; Constant delay
    %assign/vec4/a/d v00000229ec79d120, 0, 4;
    %load/vec4 v00000229ec79efc0_0;
    %parti/s 8, 16, 6;
    %load/vec4 v00000229ec79eca0_0;
    %pad/u 33;
    %addi 2, 0, 33;
    %ix/vec4 3;
    %ix/load 4, 0, 0; Constant delay
    %assign/vec4/a/d v00000229ec79d120, 0, 4;
    %load/vec4 v00000229ec79efc0_0;
    %parti/s 8, 24, 6;
    %load/vec4 v00000229ec79eca0_0;
    %pad/u 33;
    %addi 3, 0, 33;
    %ix/vec4 3;
    %ix/load 4, 0, 0; Constant delay
    %assign/vec4/a/d v00000229ec79d120, 0, 4;
    %load/vec4 v00000229ec79efc0_0;
    %parti/s 8, 32, 7;
    %load/vec4 v00000229ec79eca0_0;
    %pad/u 33;
    %addi 4, 0, 33;
    %ix/vec4 3;
    %ix/load 4, 0, 0; Constant delay
    %assign/vec4/a/d v00000229ec79d120, 0, 4;
    %load/vec4 v00000229ec79efc0_0;
    %parti/s 8, 40, 7;
    %load/vec4 v00000229ec79eca0_0;
    %pad/u 33;
    %addi 5, 0, 33;
    %ix/vec4 3;
    %ix/load 4, 0, 0; Constant delay
    %assign/vec4/a/d v00000229ec79d120, 0, 4;
    %load/vec4 v00000229ec79efc0_0;
    %parti/s 8, 48, 7;
    %load/vec4 v00000229ec79eca0_0;
    %pad/u 33;
    %addi 6, 0, 33;
    %ix/vec4 3;
    %ix/load 4, 0, 0; Constant delay
    %assign/vec4/a/d v00000229ec79d120, 0, 4;
    %load/vec4 v00000229ec79efc0_0;
    %parti/s 8, 56, 7;
    %load/vec4 v00000229ec79eca0_0;
    %pad/u 33;
    %addi 7, 0, 33;
    %ix/vec4 3;
    %ix/load 4, 0, 0; Constant delay
    %assign/vec4/a/d v00000229ec79d120, 0, 4;
T_26.0 ;
    %jmp T_26;
    .thread T_26;
    .scope S_00000229ec6dd110;
T_27 ;
    %wait E_00000229ec73c1e0;
    %pushi/vec4 0, 0, 64;
    %assign/vec4 v00000229ec79d1c0_0, 0;
    %load/vec4 v00000229ec79ec00_0;
    %flag_set/vec4 8;
    %jmp/0xz  T_27.0, 8;
    %ix/getv 4, v00000229ec79ea20_0;
    %load/vec4a v00000229ec79d120, 4;
    %ix/load 4, 0, 0;
    %ix/load 5, 0, 0;
    %flag_set/imm 4, 0;
    %assign/vec4/off/d v00000229ec79d1c0_0, 4, 5;
    %load/vec4 v00000229ec79ea20_0;
    %pad/u 33;
    %addi 1, 0, 33;
    %ix/vec4 4;
    %load/vec4a v00000229ec79d120, 4;
    %ix/load 4, 8, 0;
    %ix/load 5, 0, 0;
    %flag_set/imm 4, 0;
    %assign/vec4/off/d v00000229ec79d1c0_0, 4, 5;
    %load/vec4 v00000229ec79ea20_0;
    %pad/u 33;
    %addi 2, 0, 33;
    %ix/vec4 4;
    %load/vec4a v00000229ec79d120, 4;
    %ix/load 4, 16, 0;
    %ix/load 5, 0, 0;
    %flag_set/imm 4, 0;
    %assign/vec4/off/d v00000229ec79d1c0_0, 4, 5;
    %load/vec4 v00000229ec79ea20_0;
    %pad/u 33;
    %addi 3, 0, 33;
    %ix/vec4 4;
    %load/vec4a v00000229ec79d120, 4;
    %ix/load 4, 24, 0;
    %ix/load 5, 0, 0;
    %flag_set/imm 4, 0;
    %assign/vec4/off/d v00000229ec79d1c0_0, 4, 5;
    %load/vec4 v00000229ec79ea20_0;
    %pad/u 33;
    %addi 4, 0, 33;
    %ix/vec4 4;
    %load/vec4a v00000229ec79d120, 4;
    %ix/load 4, 32, 0;
    %ix/load 5, 0, 0;
    %flag_set/imm 4, 0;
    %assign/vec4/off/d v00000229ec79d1c0_0, 4, 5;
    %load/vec4 v00000229ec79ea20_0;
    %pad/u 33;
    %addi 5, 0, 33;
    %ix/vec4 4;
    %load/vec4a v00000229ec79d120, 4;
    %ix/load 4, 40, 0;
    %ix/load 5, 0, 0;
    %flag_set/imm 4, 0;
    %assign/vec4/off/d v00000229ec79d1c0_0, 4, 5;
    %load/vec4 v00000229ec79ea20_0;
    %pad/u 33;
    %addi 6, 0, 33;
    %ix/vec4 4;
    %load/vec4a v00000229ec79d120, 4;
    %ix/load 4, 48, 0;
    %ix/load 5, 0, 0;
    %flag_set/imm 4, 0;
    %assign/vec4/off/d v00000229ec79d1c0_0, 4, 5;
    %load/vec4 v00000229ec79ea20_0;
    %pad/u 33;
    %addi 7, 0, 33;
    %ix/vec4 4;
    %load/vec4a v00000229ec79d120, 4;
    %ix/load 4, 56, 0;
    %ix/load 5, 0, 0;
    %flag_set/imm 4, 0;
    %assign/vec4/off/d v00000229ec79d1c0_0, 4, 5;
T_27.0 ;
    %jmp T_27;
    .thread T_27;
# The file index is used to find the file name in the following table.
:file_names 10;
    "N/A";
    "<interactive>";
    "AXI_RAM.v";
    "./BRESP.v";
    "./DECODE_ADDR.v";
    "./FIFO.v";
    "./FSM_MASTER_READ.v";
    "./FSM_MASTER_WRITE.v";
    "./LANE_EN_WRITE.v";
    "./RAM.v";
