#! /c/Source/iverilog-install/bin/vvp
:ivl_version "12.0 (devel)" "(s20150603-1110-g18392a46)";
:ivl_delay_selection "TYPICAL";
:vpi_time_precision + 0;
:vpi_module "D:\iverilog\iverilog\lib\ivl\system.vpi";
:vpi_module "D:\iverilog\iverilog\lib\ivl\vhdl_sys.vpi";
:vpi_module "D:\iverilog\iverilog\lib\ivl\vhdl_textio.vpi";
:vpi_module "D:\iverilog\iverilog\lib\ivl\v2005_math.vpi";
:vpi_module "D:\iverilog\iverilog\lib\ivl\va_math.vpi";
S_000001e1e621fd70 .scope module, "AXI_RAM" "AXI_RAM" 2 9;
 .timescale 0 0;
    .port_info 0 /INPUT 1 "clk";
    .port_info 1 /INPUT 1 "rst_n";
    .port_info 2 /OUTPUT 1 "s_awready";
    .port_info 3 /INPUT 1 "s_awvalid";
    .port_info 4 /INPUT 2 "s_awburst";
    .port_info 5 /INPUT 3 "s_awsize";
    .port_info 6 /INPUT 8 "s_awlen";
    .port_info 7 /INPUT 32 "s_awaddr";
    .port_info 8 /OUTPUT 1 "s_wready";
    .port_info 9 /INPUT 1 "s_wvalid";
    .port_info 10 /INPUT 1 "s_wlast";
    .port_info 11 /INPUT 64 "s_wdata";
    .port_info 12 /INPUT 8 "s_wstrb";
    .port_info 13 /OUTPUT 1 "s_bvalid";
    .port_info 14 /INPUT 1 "s_bready";
    .port_info 15 /OUTPUT 2 "s_bresp";
    .port_info 16 /OUTPUT 1 "s_arready";
    .port_info 17 /INPUT 1 "s_arvalid";
    .port_info 18 /INPUT 2 "s_arburst";
    .port_info 19 /INPUT 3 "s_arsize";
    .port_info 20 /INPUT 8 "s_arlen";
    .port_info 21 /INPUT 32 "s_araddr";
    .port_info 22 /OUTPUT 1 "s_rvalid";
    .port_info 23 /INPUT 1 "s_rready";
    .port_info 24 /OUTPUT 1 "s_rlast";
    .port_info 25 /OUTPUT 64 "s_rdata";
    .port_info 26 /OUTPUT 2 "s_rresp";
L_000001e1e6281170 .functor NOT 1, L_000001e1e62f2bf0, C4<0>, C4<0>, C4<0>;
L_000001e1e62811e0 .functor NOT 1, L_000001e1e62f25b0, C4<0>, C4<0>, C4<0>;
L_000001e1e62814f0 .functor NOT 1, L_000001e1e62f2dd0, C4<0>, C4<0>, C4<0>;
L_000001e1e6281db0 .functor NOT 1, L_000001e1e62f3ff0, C4<0>, C4<0>, C4<0>;
L_000001e1e62815d0 .functor NOT 1, L_000001e1e63518c0, C4<0>, C4<0>, C4<0>;
v000001e1e62edc60_0 .net "address_read_RAM", 31 0, v000001e1e628ccf0_0;  1 drivers
v000001e1e62edd00_0 .net "address_write_RAM", 31 0, v000001e1e628c890_0;  1 drivers
v000001e1e62ee020_0 .net "b_resp", 2 0, v000001e1e62ee340_0;  1 drivers
o000001e1e62b00b8 .functor BUFZ 1, C4<z>; HiZ drive
v000001e1e62ee160_0 .net "clk", 0 0, o000001e1e62b00b8;  0 drivers
v000001e1e62ef450_0 .net "empty_AR", 0 0, L_000001e1e62f3ff0;  1 drivers
v000001e1e62f0e90_0 .net "empty_AW", 0 0, L_000001e1e62f2bf0;  1 drivers
v000001e1e62f05d0_0 .net "empty_W", 0 0, L_000001e1e62f25b0;  1 drivers
v000001e1e62f0c10_0 .net "full_B", 0 0, L_000001e1e62f2dd0;  1 drivers
v000001e1e62f0df0_0 .net "full_R", 0 0, L_000001e1e63518c0;  1 drivers
v000001e1e62f0030_0 .net "m_arready", 0 0, v000001e1e62ed580_0;  1 drivers
v000001e1e62f00d0_0 .net "m_arvalid", 0 0, L_000001e1e6281db0;  1 drivers
v000001e1e62f07b0_0 .net "m_awready", 0 0, v000001e1e62eede0_0;  1 drivers
v000001e1e62ef950_0 .net "m_awvalid", 0 0, L_000001e1e6281170;  1 drivers
v000001e1e62ef4f0_0 .net "m_bready", 0 0, v000001e1e628e2d0_0;  1 drivers
v000001e1e62f0350_0 .net "m_bresp", 1 0, v000001e1e628cc50_0;  1 drivers
v000001e1e62f0b70_0 .net "m_bvalid", 0 0, L_000001e1e62814f0;  1 drivers
v000001e1e62efa90_0 .net "m_rdata", 63 0, v000001e1e62ed9e0_0;  1 drivers
v000001e1e62f0f30_0 .net "m_rlast", 0 0, v000001e1e62ee3e0_0;  1 drivers
v000001e1e62ef310_0 .net "m_rready", 0 0, L_000001e1e6281d40;  1 drivers
v000001e1e62f0cb0_0 .net "m_rresp", 1 0, v000001e1e62eeca0_0;  1 drivers
v000001e1e62f0850_0 .net "m_rvalid", 0 0, L_000001e1e62815d0;  1 drivers
v000001e1e62f0990_0 .net "m_wready", 0 0, v000001e1e62ed3a0_0;  1 drivers
v000001e1e62eff90_0 .net "m_wvalid", 0 0, L_000001e1e62811e0;  1 drivers
v000001e1e62efb30_0 .net "o_data_AR", 44 0, L_000001e1e6280fb0;  1 drivers
v000001e1e62f0d50_0 .net "o_data_AW", 44 0, L_000001e1e6281c60;  1 drivers
v000001e1e62f0710_0 .net "o_data_W", 72 0, L_000001e1e6281480;  1 drivers
v000001e1e62f02b0_0 .net "ren_RAM", 0 0, v000001e1e62ed8a0_0;  1 drivers
o000001e1e62b0178 .functor BUFZ 1, C4<z>; HiZ drive
v000001e1e62f03f0_0 .net "rst_n", 0 0, o000001e1e62b0178;  0 drivers
o000001e1e62b33e8 .functor BUFZ 32, C4<zzzzzzzzzzzzzzzzzzzzzzzzzzzzzzzz>; HiZ drive
v000001e1e62ef6d0_0 .net "s_araddr", 31 0, o000001e1e62b33e8;  0 drivers
o000001e1e62b3418 .functor BUFZ 2, C4<zz>; HiZ drive
v000001e1e62f0170_0 .net "s_arburst", 1 0, o000001e1e62b3418;  0 drivers
o000001e1e62b3448 .functor BUFZ 8, C4<zzzzzzzz>; HiZ drive
v000001e1e62f0490_0 .net "s_arlen", 7 0, o000001e1e62b3448;  0 drivers
v000001e1e62f0530_0 .net "s_arready", 0 0, L_000001e1e62f3b90;  1 drivers
o000001e1e62b3478 .functor BUFZ 3, C4<zzz>; HiZ drive
v000001e1e62ef770_0 .net "s_arsize", 2 0, o000001e1e62b3478;  0 drivers
o000001e1e62b0b08 .functor BUFZ 1, C4<z>; HiZ drive
v000001e1e62ef810_0 .net "s_arvalid", 0 0, o000001e1e62b0b08;  0 drivers
o000001e1e62b34a8 .functor BUFZ 32, C4<zzzzzzzzzzzzzzzzzzzzzzzzzzzzzzzz>; HiZ drive
v000001e1e62f0210_0 .net "s_awaddr", 31 0, o000001e1e62b34a8;  0 drivers
o000001e1e62b34d8 .functor BUFZ 2, C4<zz>; HiZ drive
v000001e1e62f0fd0_0 .net "s_awburst", 1 0, o000001e1e62b34d8;  0 drivers
o000001e1e62b3508 .functor BUFZ 8, C4<zzzzzzzz>; HiZ drive
v000001e1e62ef590_0 .net "s_awlen", 7 0, o000001e1e62b3508;  0 drivers
v000001e1e62f0670_0 .net "s_awready", 0 0, L_000001e1e62f2c90;  1 drivers
o000001e1e62b3538 .functor BUFZ 3, C4<zzz>; HiZ drive
v000001e1e62ef9f0_0 .net "s_awsize", 2 0, o000001e1e62b3538;  0 drivers
o000001e1e62b1168 .functor BUFZ 1, C4<z>; HiZ drive
v000001e1e62f08f0_0 .net "s_awvalid", 0 0, o000001e1e62b1168;  0 drivers
o000001e1e62b1768 .functor BUFZ 1, C4<z>; HiZ drive
v000001e1e62ef130_0 .net "s_bready", 0 0, o000001e1e62b1768;  0 drivers
v000001e1e62f0a30_0 .net "s_bresp", 1 0, L_000001e1e6281560;  1 drivers
v000001e1e62ef8b0_0 .net "s_bvalid", 0 0, L_000001e1e62f35f0;  1 drivers
v000001e1e62efe50_0 .net "s_rdata", 63 0, L_000001e1e6351000;  1 drivers
v000001e1e62efef0_0 .net "s_rlast", 0 0, L_000001e1e6352680;  1 drivers
o000001e1e62b1d98 .functor BUFZ 1, C4<z>; HiZ drive
v000001e1e62ef3b0_0 .net "s_rready", 0 0, o000001e1e62b1d98;  0 drivers
v000001e1e62efc70_0 .net "s_rresp", 1 0, L_000001e1e6350420;  1 drivers
v000001e1e62f0ad0_0 .net "s_rvalid", 0 0, L_000001e1e6350740;  1 drivers
o000001e1e62b35f8 .functor BUFZ 64, C4<zzzzzzzzzzzzzzzzzzzzzzzzzzzzzzzzzzzzzzzzzzzzzzzzzzzzzzzzzzzzzzzz>; HiZ drive
v000001e1e62ef1d0_0 .net "s_wdata", 63 0, o000001e1e62b35f8;  0 drivers
o000001e1e62b3628 .functor BUFZ 1, C4<z>; HiZ drive
v000001e1e62ef270_0 .net "s_wlast", 0 0, o000001e1e62b3628;  0 drivers
v000001e1e62ef630_0 .net "s_wready", 0 0, L_000001e1e62f34b0;  1 drivers
o000001e1e62b3658 .functor BUFZ 8, C4<zzzzzzzz>; HiZ drive
v000001e1e62efbd0_0 .net "s_wstrb", 7 0, o000001e1e62b3658;  0 drivers
o000001e1e62b2428 .functor BUFZ 1, C4<z>; HiZ drive
v000001e1e62efd10_0 .net "s_wvalid", 0 0, o000001e1e62b2428;  0 drivers
v000001e1e62efdb0_0 .net "select_address_read", 0 0, L_000001e1e6281100;  1 drivers
v000001e1e62f3230_0 .net "select_address_write", 0 0, v000001e1e62ed800_0;  1 drivers
v000001e1e62f3870_0 .net "wen_RAM", 0 0, v000001e1e62ee660_0;  1 drivers
v000001e1e62f3730_0 .net "write_data_RAM", 63 0, v000001e1e62eda80_0;  1 drivers
L_000001e1e62f30f0 .concat [ 32 3 8 2], o000001e1e62b34a8, o000001e1e62b3538, o000001e1e62b3508, o000001e1e62b34d8;
L_000001e1e62f3a50 .concat [ 8 64 1 0], o000001e1e62b3658, o000001e1e62b35f8, o000001e1e62b3628;
L_000001e1e62f2150 .concat [ 32 3 8 2], o000001e1e62b33e8, o000001e1e62b3478, o000001e1e62b3448, o000001e1e62b3418;
L_000001e1e6351820 .concat [ 2 64 1 0], v000001e1e62eeca0_0, v000001e1e62ed9e0_0, v000001e1e62ee3e0_0;
L_000001e1e6352680 .part L_000001e1e6281cd0, 66, 1;
L_000001e1e6351000 .part L_000001e1e6281cd0, 2, 64;
L_000001e1e6350420 .part L_000001e1e6281cd0, 0, 2;
L_000001e1e6351960 .part L_000001e1e6281c60, 43, 2;
L_000001e1e63506a0 .part L_000001e1e6281c60, 35, 8;
L_000001e1e63502e0 .part L_000001e1e6281480, 72, 1;
L_000001e1e6350d80 .part L_000001e1e6281c60, 32, 3;
L_000001e1e63504c0 .part L_000001e1e6281c60, 0, 32;
L_000001e1e6351280 .part L_000001e1e6280fb0, 43, 2;
L_000001e1e6350880 .part L_000001e1e6280fb0, 35, 8;
L_000001e1e6352720 .part L_000001e1e6280fb0, 32, 3;
L_000001e1e6350240 .part L_000001e1e6280fb0, 0, 32;
L_000001e1e63511e0 .part L_000001e1e6281480, 8, 64;
L_000001e1e6352900 .part L_000001e1e6281480, 0, 8;
S_000001e1e62277c0 .scope module, "BRESP_inst" "BRESP" 2 172, 3 1 0, S_000001e1e621fd70;
 .timescale 0 0;
    .port_info 0 /INPUT 1 "clk";
    .port_info 1 /INPUT 1 "rst_n";
    .port_info 2 /INPUT 3 "b_resp";
    .port_info 3 /INPUT 1 "m_bvalid";
    .port_info 4 /OUTPUT 1 "m_bready";
    .port_info 5 /OUTPUT 2 "m_bresp";
v000001e1e628cb10_0 .net "b_resp", 2 0, v000001e1e62ee340_0;  alias, 1 drivers
v000001e1e628c610_0 .net "clk", 0 0, o000001e1e62b00b8;  alias, 0 drivers
v000001e1e628e2d0_0 .var "m_bready", 0 0;
v000001e1e628cc50_0 .var "m_bresp", 1 0;
v000001e1e628c570_0 .net "m_bvalid", 0 0, L_000001e1e62814f0;  alias, 1 drivers
v000001e1e628db50_0 .net "rst_n", 0 0, o000001e1e62b0178;  alias, 0 drivers
E_000001e1e6288aa0 .event anyedge, v000001e1e628cb10_0, v000001e1e628c570_0;
S_000001e1e6227950 .scope module, "DECODE_ADDR_inst0" "DECODE_ADDR" 2 163, 4 1 0, S_000001e1e621fd70;
 .timescale 0 0;
    .port_info 0 /INPUT 1 "clk";
    .port_info 1 /INPUT 1 "rst_n";
    .port_info 2 /INPUT 3 "size";
    .port_info 3 /INPUT 32 "addr";
    .port_info 4 /INPUT 1 "select";
    .port_info 5 /OUTPUT 32 "addr_decode";
L_000001e1e62f8c68 .functor BUFT 1, C4<00000001>, C4<0>, C4<0>, C4<0>;
v000001e1e628d470_0 .net/2s *"_ivl_0", 7 0, L_000001e1e62f8c68;  1 drivers
v000001e1e628d510_0 .net "addr", 31 0, L_000001e1e63504c0;  1 drivers
v000001e1e628c890_0 .var "addr_decode", 31 0;
v000001e1e628ddd0_0 .net "clk", 0 0, o000001e1e62b00b8;  alias, 0 drivers
v000001e1e628de70_0 .net "offset", 7 0, L_000001e1e63513c0;  1 drivers
v000001e1e628ca70_0 .net "rst_n", 0 0, o000001e1e62b0178;  alias, 0 drivers
v000001e1e628d790_0 .net "select", 0 0, v000001e1e62ed800_0;  alias, 1 drivers
v000001e1e628d650_0 .net "size", 2 0, L_000001e1e6350d80;  1 drivers
E_000001e1e6289ae0/0 .event negedge, v000001e1e628db50_0;
E_000001e1e6289ae0/1 .event posedge, v000001e1e628c610_0;
E_000001e1e6289ae0 .event/or E_000001e1e6289ae0/0, E_000001e1e6289ae0/1;
L_000001e1e63513c0 .shift/l 8, L_000001e1e62f8c68, L_000001e1e6350d80;
S_000001e1e6227ae0 .scope module, "DECODE_ADDR_inst1" "DECODE_ADDR" 2 198, 4 1 0, S_000001e1e621fd70;
 .timescale 0 0;
    .port_info 0 /INPUT 1 "clk";
    .port_info 1 /INPUT 1 "rst_n";
    .port_info 2 /INPUT 3 "size";
    .port_info 3 /INPUT 32 "addr";
    .port_info 4 /INPUT 1 "select";
    .port_info 5 /OUTPUT 32 "addr_decode";
L_000001e1e62f8d88 .functor BUFT 1, C4<00000001>, C4<0>, C4<0>, C4<0>;
v000001e1e628c9d0_0 .net/2s *"_ivl_0", 7 0, L_000001e1e62f8d88;  1 drivers
v000001e1e628dbf0_0 .net "addr", 31 0, L_000001e1e6350240;  1 drivers
v000001e1e628ccf0_0 .var "addr_decode", 31 0;
v000001e1e628e190_0 .net "clk", 0 0, o000001e1e62b00b8;  alias, 0 drivers
v000001e1e628c4d0_0 .net "offset", 7 0, L_000001e1e63522c0;  1 drivers
v000001e1e628cd90_0 .net "rst_n", 0 0, o000001e1e62b0178;  alias, 0 drivers
v000001e1e628da10_0 .net "select", 0 0, L_000001e1e6281100;  alias, 1 drivers
v000001e1e628ce30_0 .net "size", 2 0, L_000001e1e6352720;  1 drivers
L_000001e1e63522c0 .shift/l 8, L_000001e1e62f8d88, L_000001e1e6352720;
S_000001e1e62039a0 .scope module, "FIFO_AR" "FIFO" 2 113, 5 1 0, S_000001e1e621fd70;
 .timescale 0 0;
    .port_info 0 /INPUT 1 "clk";
    .port_info 1 /INPUT 1 "rst_n";
    .port_info 2 /INPUT 1 "i_push";
    .port_info 3 /INPUT 1 "i_pop";
    .port_info 4 /INPUT 45 "i_data";
    .port_info 5 /OUTPUT 1 "o_empty";
    .port_info 6 /OUTPUT 1 "o_full";
    .port_info 7 /OUTPUT 45 "o_data";
P_000001e1e6289160 .param/l "d_width" 0 5 2, +C4<00000000000000000000000000101101>;
L_000001e1e6280fb0 .functor BUFZ 45, L_000001e1e62f3cd0, C4<000000000000000000000000000000000000000000000>, C4<000000000000000000000000000000000000000000000>, C4<000000000000000000000000000000000000000000000>;
v000001e1e628e050_0 .net *"_ivl_0", 44 0, L_000001e1e62f3cd0;  1 drivers
L_000001e1e62f8830 .functor BUFT 1, C4<0000000000000000000000000000>, C4<0>, C4<0>, C4<0>;
v000001e1e628c6b0_0 .net *"_ivl_11", 27 0, L_000001e1e62f8830;  1 drivers
L_000001e1e62f8878 .functor BUFT 1, C4<00000000000000000000000000000001>, C4<0>, C4<0>, C4<0>;
v000001e1e628c750_0 .net/2u *"_ivl_12", 31 0, L_000001e1e62f8878;  1 drivers
v000001e1e628d6f0_0 .net *"_ivl_14", 31 0, L_000001e1e62f2fb0;  1 drivers
v000001e1e628c7f0_0 .net *"_ivl_16", 31 0, L_000001e1e62f3190;  1 drivers
L_000001e1e62f88c0 .functor BUFT 1, C4<0000000000000000000000000000>, C4<0>, C4<0>, C4<0>;
v000001e1e628e0f0_0 .net *"_ivl_19", 27 0, L_000001e1e62f88c0;  1 drivers
v000001e1e628d150_0 .net *"_ivl_2", 5 0, L_000001e1e62f2f10;  1 drivers
v000001e1e628c930_0 .net *"_ivl_20", 0 0, L_000001e1e62f3410;  1 drivers
L_000001e1e62f8908 .functor BUFT 1, C4<01>, C4<0>, C4<0>, C4<0>;
v000001e1e628d5b0_0 .net/2s *"_ivl_22", 1 0, L_000001e1e62f8908;  1 drivers
L_000001e1e62f8950 .functor BUFT 1, C4<00>, C4<0>, C4<0>, C4<0>;
v000001e1e628d830_0 .net/2s *"_ivl_24", 1 0, L_000001e1e62f8950;  1 drivers
v000001e1e628df10_0 .net *"_ivl_26", 1 0, L_000001e1e62f3af0;  1 drivers
v000001e1e628e230_0 .net *"_ivl_30", 0 0, L_000001e1e62f3d70;  1 drivers
L_000001e1e62f8998 .functor BUFT 1, C4<01>, C4<0>, C4<0>, C4<0>;
v000001e1e628ced0_0 .net/2s *"_ivl_32", 1 0, L_000001e1e62f8998;  1 drivers
L_000001e1e62f89e0 .functor BUFT 1, C4<00>, C4<0>, C4<0>, C4<0>;
v000001e1e628d8d0_0 .net/2s *"_ivl_34", 1 0, L_000001e1e62f89e0;  1 drivers
v000001e1e628d970_0 .net *"_ivl_36", 1 0, L_000001e1e62f3f50;  1 drivers
L_000001e1e62f87e8 .functor BUFT 1, C4<00>, C4<0>, C4<0>, C4<0>;
v000001e1e628cf70_0 .net *"_ivl_5", 1 0, L_000001e1e62f87e8;  1 drivers
v000001e1e628d1f0_0 .net *"_ivl_8", 31 0, L_000001e1e62f3910;  1 drivers
v000001e1e628d010_0 .net "clk", 0 0, o000001e1e62b00b8;  alias, 0 drivers
v000001e1e628d0b0_0 .var/i "i", 31 0;
v000001e1e628d290_0 .net "i_data", 44 0, L_000001e1e62f2150;  1 drivers
v000001e1e628dab0_0 .net "i_pop", 0 0, v000001e1e62ed580_0;  alias, 1 drivers
v000001e1e628d330_0 .net "i_push", 0 0, o000001e1e62b0b08;  alias, 0 drivers
v000001e1e628dc90 .array "mem_data", 15 0, 44 0;
v000001e1e628dd30_0 .net "o_data", 44 0, L_000001e1e6280fb0;  alias, 1 drivers
v000001e1e628dfb0_0 .net "o_empty", 0 0, L_000001e1e62f3ff0;  alias, 1 drivers
v000001e1e62731f0_0 .net "o_full", 0 0, L_000001e1e62f3b90;  alias, 1 drivers
v000001e1e6272610_0 .var "r_ptr", 3 0;
v000001e1e62730b0_0 .net "rst_n", 0 0, o000001e1e62b0178;  alias, 0 drivers
v000001e1e6273bf0_0 .var "w_ptr", 3 0;
L_000001e1e62f3cd0 .array/port v000001e1e628dc90, L_000001e1e62f2f10;
L_000001e1e62f2f10 .concat [ 4 2 0 0], v000001e1e6272610_0, L_000001e1e62f87e8;
L_000001e1e62f3910 .concat [ 4 28 0 0], v000001e1e6273bf0_0, L_000001e1e62f8830;
L_000001e1e62f2fb0 .arith/sum 32, L_000001e1e62f3910, L_000001e1e62f8878;
L_000001e1e62f3190 .concat [ 4 28 0 0], v000001e1e6272610_0, L_000001e1e62f88c0;
L_000001e1e62f3410 .cmp/eq 32, L_000001e1e62f2fb0, L_000001e1e62f3190;
L_000001e1e62f3af0 .functor MUXZ 2, L_000001e1e62f8950, L_000001e1e62f8908, L_000001e1e62f3410, C4<>;
L_000001e1e62f3b90 .part L_000001e1e62f3af0, 0, 1;
L_000001e1e62f3d70 .cmp/eq 4, v000001e1e6273bf0_0, v000001e1e6272610_0;
L_000001e1e62f3f50 .functor MUXZ 2, L_000001e1e62f89e0, L_000001e1e62f8998, L_000001e1e62f3d70, C4<>;
L_000001e1e62f3ff0 .part L_000001e1e62f3f50, 0, 1;
S_000001e1e6203b30 .scope module, "FIFO_AW" "FIFO" 2 56, 5 1 0, S_000001e1e621fd70;
 .timescale 0 0;
    .port_info 0 /INPUT 1 "clk";
    .port_info 1 /INPUT 1 "rst_n";
    .port_info 2 /INPUT 1 "i_push";
    .port_info 3 /INPUT 1 "i_pop";
    .port_info 4 /INPUT 45 "i_data";
    .port_info 5 /OUTPUT 1 "o_empty";
    .port_info 6 /OUTPUT 1 "o_full";
    .port_info 7 /OUTPUT 45 "o_data";
P_000001e1e6289d60 .param/l "d_width" 0 5 2, +C4<00000000000000000000000000101101>;
L_000001e1e6281c60 .functor BUFZ 45, L_000001e1e62f3690, C4<000000000000000000000000000000000000000000000>, C4<000000000000000000000000000000000000000000000>, C4<000000000000000000000000000000000000000000000>;
v000001e1e62724d0_0 .net *"_ivl_0", 44 0, L_000001e1e62f3690;  1 drivers
L_000001e1e62f8170 .functor BUFT 1, C4<0000000000000000000000000000>, C4<0>, C4<0>, C4<0>;
v000001e1e62726b0_0 .net *"_ivl_11", 27 0, L_000001e1e62f8170;  1 drivers
L_000001e1e62f81b8 .functor BUFT 1, C4<00000000000000000000000000000001>, C4<0>, C4<0>, C4<0>;
v000001e1e6273330_0 .net/2u *"_ivl_12", 31 0, L_000001e1e62f81b8;  1 drivers
v000001e1e62735b0_0 .net *"_ivl_14", 31 0, L_000001e1e62f3550;  1 drivers
v000001e1e6272f70_0 .net *"_ivl_16", 31 0, L_000001e1e62f32d0;  1 drivers
L_000001e1e62f8200 .functor BUFT 1, C4<0000000000000000000000000000>, C4<0>, C4<0>, C4<0>;
v000001e1e6272750_0 .net *"_ivl_19", 27 0, L_000001e1e62f8200;  1 drivers
v000001e1e6273a10_0 .net *"_ivl_2", 5 0, L_000001e1e62f2290;  1 drivers
v000001e1e6272930_0 .net *"_ivl_20", 0 0, L_000001e1e62f3e10;  1 drivers
L_000001e1e62f8248 .functor BUFT 1, C4<01>, C4<0>, C4<0>, C4<0>;
v000001e1e6273ab0_0 .net/2s *"_ivl_22", 1 0, L_000001e1e62f8248;  1 drivers
L_000001e1e62f8290 .functor BUFT 1, C4<00>, C4<0>, C4<0>, C4<0>;
v000001e1e62729d0_0 .net/2s *"_ivl_24", 1 0, L_000001e1e62f8290;  1 drivers
v000001e1e6272b10_0 .net *"_ivl_26", 1 0, L_000001e1e62f39b0;  1 drivers
v000001e1e62727f0_0 .net *"_ivl_30", 0 0, L_000001e1e62f37d0;  1 drivers
L_000001e1e62f82d8 .functor BUFT 1, C4<01>, C4<0>, C4<0>, C4<0>;
v000001e1e6272a70_0 .net/2s *"_ivl_32", 1 0, L_000001e1e62f82d8;  1 drivers
L_000001e1e62f8320 .functor BUFT 1, C4<00>, C4<0>, C4<0>, C4<0>;
v000001e1e6272bb0_0 .net/2s *"_ivl_34", 1 0, L_000001e1e62f8320;  1 drivers
v000001e1e6273290_0 .net *"_ivl_36", 1 0, L_000001e1e62f2a10;  1 drivers
L_000001e1e62f8128 .functor BUFT 1, C4<00>, C4<0>, C4<0>, C4<0>;
v000001e1e625bd50_0 .net *"_ivl_5", 1 0, L_000001e1e62f8128;  1 drivers
v000001e1e625bad0_0 .net *"_ivl_8", 31 0, L_000001e1e62f2470;  1 drivers
v000001e1e625bb70_0 .net "clk", 0 0, o000001e1e62b00b8;  alias, 0 drivers
v000001e1e625bc10_0 .var/i "i", 31 0;
v000001e1e625ae50_0 .net "i_data", 44 0, L_000001e1e62f30f0;  1 drivers
v000001e1e625c610_0 .net "i_pop", 0 0, v000001e1e62eede0_0;  alias, 1 drivers
v000001e1e625b030_0 .net "i_push", 0 0, o000001e1e62b1168;  alias, 0 drivers
v000001e1e61f4050 .array "mem_data", 15 0, 44 0;
v000001e1e61f47d0_0 .net "o_data", 44 0, L_000001e1e6281c60;  alias, 1 drivers
v000001e1e62e92e0_0 .net "o_empty", 0 0, L_000001e1e62f2bf0;  alias, 1 drivers
v000001e1e62ea280_0 .net "o_full", 0 0, L_000001e1e62f2c90;  alias, 1 drivers
v000001e1e62ea3c0_0 .var "r_ptr", 3 0;
v000001e1e62e9d80_0 .net "rst_n", 0 0, o000001e1e62b0178;  alias, 0 drivers
v000001e1e62eadc0_0 .var "w_ptr", 3 0;
L_000001e1e62f3690 .array/port v000001e1e61f4050, L_000001e1e62f2290;
L_000001e1e62f2290 .concat [ 4 2 0 0], v000001e1e62ea3c0_0, L_000001e1e62f8128;
L_000001e1e62f2470 .concat [ 4 28 0 0], v000001e1e62eadc0_0, L_000001e1e62f8170;
L_000001e1e62f3550 .arith/sum 32, L_000001e1e62f2470, L_000001e1e62f81b8;
L_000001e1e62f32d0 .concat [ 4 28 0 0], v000001e1e62ea3c0_0, L_000001e1e62f8200;
L_000001e1e62f3e10 .cmp/eq 32, L_000001e1e62f3550, L_000001e1e62f32d0;
L_000001e1e62f39b0 .functor MUXZ 2, L_000001e1e62f8290, L_000001e1e62f8248, L_000001e1e62f3e10, C4<>;
L_000001e1e62f2c90 .part L_000001e1e62f39b0, 0, 1;
L_000001e1e62f37d0 .cmp/eq 4, v000001e1e62eadc0_0, v000001e1e62ea3c0_0;
L_000001e1e62f2a10 .functor MUXZ 2, L_000001e1e62f8320, L_000001e1e62f82d8, L_000001e1e62f37d0, C4<>;
L_000001e1e62f2bf0 .part L_000001e1e62f2a10, 0, 1;
S_000001e1e6203cc0 .scope module, "FIFO_B" "FIFO" 2 94, 5 1 0, S_000001e1e621fd70;
 .timescale 0 0;
    .port_info 0 /INPUT 1 "clk";
    .port_info 1 /INPUT 1 "rst_n";
    .port_info 2 /INPUT 1 "i_push";
    .port_info 3 /INPUT 1 "i_pop";
    .port_info 4 /INPUT 2 "i_data";
    .port_info 5 /OUTPUT 1 "o_empty";
    .port_info 6 /OUTPUT 1 "o_full";
    .port_info 7 /OUTPUT 2 "o_data";
P_000001e1e62898a0 .param/l "d_width" 0 5 2, +C4<00000000000000000000000000000010>;
L_000001e1e6281560 .functor BUFZ 2, L_000001e1e62f2d30, C4<00>, C4<00>, C4<00>;
v000001e1e62ea780_0 .net *"_ivl_0", 1 0, L_000001e1e62f2d30;  1 drivers
L_000001e1e62f85f0 .functor BUFT 1, C4<0000000000000000000000000000>, C4<0>, C4<0>, C4<0>;
v000001e1e62e9a60_0 .net *"_ivl_11", 27 0, L_000001e1e62f85f0;  1 drivers
L_000001e1e62f8638 .functor BUFT 1, C4<00000000000000000000000000000001>, C4<0>, C4<0>, C4<0>;
v000001e1e62ead20_0 .net/2u *"_ivl_12", 31 0, L_000001e1e62f8638;  1 drivers
v000001e1e62ea8c0_0 .net *"_ivl_14", 31 0, L_000001e1e62f3eb0;  1 drivers
v000001e1e62ea5a0_0 .net *"_ivl_16", 31 0, L_000001e1e62f3c30;  1 drivers
L_000001e1e62f8680 .functor BUFT 1, C4<0000000000000000000000000000>, C4<0>, C4<0>, C4<0>;
v000001e1e62ea320_0 .net *"_ivl_19", 27 0, L_000001e1e62f8680;  1 drivers
v000001e1e62e9600_0 .net *"_ivl_2", 5 0, L_000001e1e62f2650;  1 drivers
v000001e1e62eae60_0 .net *"_ivl_20", 0 0, L_000001e1e62f3050;  1 drivers
L_000001e1e62f86c8 .functor BUFT 1, C4<01>, C4<0>, C4<0>, C4<0>;
v000001e1e62e94c0_0 .net/2s *"_ivl_22", 1 0, L_000001e1e62f86c8;  1 drivers
L_000001e1e62f8710 .functor BUFT 1, C4<00>, C4<0>, C4<0>, C4<0>;
v000001e1e62e9560_0 .net/2s *"_ivl_24", 1 0, L_000001e1e62f8710;  1 drivers
v000001e1e62e96a0_0 .net *"_ivl_26", 1 0, L_000001e1e62f2970;  1 drivers
v000001e1e62ea960_0 .net *"_ivl_30", 0 0, L_000001e1e62f2ab0;  1 drivers
L_000001e1e62f8758 .functor BUFT 1, C4<01>, C4<0>, C4<0>, C4<0>;
v000001e1e62eafa0_0 .net/2s *"_ivl_32", 1 0, L_000001e1e62f8758;  1 drivers
L_000001e1e62f87a0 .functor BUFT 1, C4<00>, C4<0>, C4<0>, C4<0>;
v000001e1e62ea820_0 .net/2s *"_ivl_34", 1 0, L_000001e1e62f87a0;  1 drivers
v000001e1e62e9240_0 .net *"_ivl_36", 1 0, L_000001e1e62f2e70;  1 drivers
L_000001e1e62f85a8 .functor BUFT 1, C4<00>, C4<0>, C4<0>, C4<0>;
v000001e1e62ea0a0_0 .net *"_ivl_5", 1 0, L_000001e1e62f85a8;  1 drivers
v000001e1e62e9e20_0 .net *"_ivl_8", 31 0, L_000001e1e62f3370;  1 drivers
v000001e1e62eaf00_0 .net "clk", 0 0, o000001e1e62b00b8;  alias, 0 drivers
v000001e1e62eaa00_0 .var/i "i", 31 0;
v000001e1e62eaaa0_0 .net "i_data", 1 0, v000001e1e628cc50_0;  alias, 1 drivers
v000001e1e62eab40_0 .net "i_pop", 0 0, o000001e1e62b1768;  alias, 0 drivers
v000001e1e62e9100_0 .net "i_push", 0 0, v000001e1e628e2d0_0;  alias, 1 drivers
v000001e1e62e91a0 .array "mem_data", 15 0, 1 0;
v000001e1e62eabe0_0 .net "o_data", 1 0, L_000001e1e6281560;  alias, 1 drivers
v000001e1e62e9b00_0 .net "o_empty", 0 0, L_000001e1e62f35f0;  alias, 1 drivers
v000001e1e62eac80_0 .net "o_full", 0 0, L_000001e1e62f2dd0;  alias, 1 drivers
v000001e1e62ea140_0 .var "r_ptr", 3 0;
v000001e1e62e97e0_0 .net "rst_n", 0 0, o000001e1e62b0178;  alias, 0 drivers
v000001e1e62e9ec0_0 .var "w_ptr", 3 0;
L_000001e1e62f2d30 .array/port v000001e1e62e91a0, L_000001e1e62f2650;
L_000001e1e62f2650 .concat [ 4 2 0 0], v000001e1e62ea140_0, L_000001e1e62f85a8;
L_000001e1e62f3370 .concat [ 4 28 0 0], v000001e1e62e9ec0_0, L_000001e1e62f85f0;
L_000001e1e62f3eb0 .arith/sum 32, L_000001e1e62f3370, L_000001e1e62f8638;
L_000001e1e62f3c30 .concat [ 4 28 0 0], v000001e1e62ea140_0, L_000001e1e62f8680;
L_000001e1e62f3050 .cmp/eq 32, L_000001e1e62f3eb0, L_000001e1e62f3c30;
L_000001e1e62f2970 .functor MUXZ 2, L_000001e1e62f8710, L_000001e1e62f86c8, L_000001e1e62f3050, C4<>;
L_000001e1e62f2dd0 .part L_000001e1e62f2970, 0, 1;
L_000001e1e62f2ab0 .cmp/eq 4, v000001e1e62e9ec0_0, v000001e1e62ea140_0;
L_000001e1e62f2e70 .functor MUXZ 2, L_000001e1e62f87a0, L_000001e1e62f8758, L_000001e1e62f2ab0, C4<>;
L_000001e1e62f35f0 .part L_000001e1e62f2e70, 0, 1;
S_000001e1e62180a0 .scope module, "FIFO_R" "FIFO" 2 134, 5 1 0, S_000001e1e621fd70;
 .timescale 0 0;
    .port_info 0 /INPUT 1 "clk";
    .port_info 1 /INPUT 1 "rst_n";
    .port_info 2 /INPUT 1 "i_push";
    .port_info 3 /INPUT 1 "i_pop";
    .port_info 4 /INPUT 67 "i_data";
    .port_info 5 /OUTPUT 1 "o_empty";
    .port_info 6 /OUTPUT 1 "o_full";
    .port_info 7 /OUTPUT 67 "o_data";
P_000001e1e628a4a0 .param/l "d_width" 0 5 2, +C4<00000000000000000000000001000011>;
L_000001e1e6281cd0 .functor BUFZ 67, L_000001e1e6350560, C4<0000000000000000000000000000000000000000000000000000000000000000000>, C4<0000000000000000000000000000000000000000000000000000000000000000000>, C4<0000000000000000000000000000000000000000000000000000000000000000000>;
v000001e1e62ea1e0_0 .net *"_ivl_0", 66 0, L_000001e1e6350560;  1 drivers
L_000001e1e62f8a70 .functor BUFT 1, C4<0000000000000000000000000000>, C4<0>, C4<0>, C4<0>;
v000001e1e62e9380_0 .net *"_ivl_11", 27 0, L_000001e1e62f8a70;  1 drivers
L_000001e1e62f8ab8 .functor BUFT 1, C4<00000000000000000000000000000001>, C4<0>, C4<0>, C4<0>;
v000001e1e62e9420_0 .net/2u *"_ivl_12", 31 0, L_000001e1e62f8ab8;  1 drivers
v000001e1e62ea460_0 .net *"_ivl_14", 31 0, L_000001e1e6352860;  1 drivers
v000001e1e62e9ba0_0 .net *"_ivl_16", 31 0, L_000001e1e63509c0;  1 drivers
L_000001e1e62f8b00 .functor BUFT 1, C4<0000000000000000000000000000>, C4<0>, C4<0>, C4<0>;
v000001e1e62e9740_0 .net *"_ivl_19", 27 0, L_000001e1e62f8b00;  1 drivers
v000001e1e62e9880_0 .net *"_ivl_2", 5 0, L_000001e1e63527c0;  1 drivers
v000001e1e62ea500_0 .net *"_ivl_20", 0 0, L_000001e1e6351b40;  1 drivers
L_000001e1e62f8b48 .functor BUFT 1, C4<01>, C4<0>, C4<0>, C4<0>;
v000001e1e62e9920_0 .net/2s *"_ivl_22", 1 0, L_000001e1e62f8b48;  1 drivers
L_000001e1e62f8b90 .functor BUFT 1, C4<00>, C4<0>, C4<0>, C4<0>;
v000001e1e62e99c0_0 .net/2s *"_ivl_24", 1 0, L_000001e1e62f8b90;  1 drivers
v000001e1e62e9c40_0 .net *"_ivl_26", 1 0, L_000001e1e6351aa0;  1 drivers
v000001e1e62e9ce0_0 .net *"_ivl_30", 0 0, L_000001e1e6352220;  1 drivers
L_000001e1e62f8bd8 .functor BUFT 1, C4<01>, C4<0>, C4<0>, C4<0>;
v000001e1e62ea6e0_0 .net/2s *"_ivl_32", 1 0, L_000001e1e62f8bd8;  1 drivers
L_000001e1e62f8c20 .functor BUFT 1, C4<00>, C4<0>, C4<0>, C4<0>;
v000001e1e62ea000_0 .net/2s *"_ivl_34", 1 0, L_000001e1e62f8c20;  1 drivers
v000001e1e62e9f60_0 .net *"_ivl_36", 1 0, L_000001e1e6350380;  1 drivers
L_000001e1e62f8a28 .functor BUFT 1, C4<00>, C4<0>, C4<0>, C4<0>;
v000001e1e62ea640_0 .net *"_ivl_5", 1 0, L_000001e1e62f8a28;  1 drivers
v000001e1e62ec510_0 .net *"_ivl_8", 31 0, L_000001e1e6350920;  1 drivers
v000001e1e62ec6f0_0 .net "clk", 0 0, o000001e1e62b00b8;  alias, 0 drivers
v000001e1e62eb2f0_0 .var/i "i", 31 0;
v000001e1e62ec5b0_0 .net "i_data", 66 0, L_000001e1e6351820;  1 drivers
v000001e1e62eb390_0 .net "i_pop", 0 0, o000001e1e62b1d98;  alias, 0 drivers
v000001e1e62ec150_0 .net "i_push", 0 0, L_000001e1e6281d40;  alias, 1 drivers
v000001e1e62eb610 .array "mem_data", 15 0, 66 0;
v000001e1e62eb4d0_0 .net "o_data", 66 0, L_000001e1e6281cd0;  1 drivers
v000001e1e62eb570_0 .net "o_empty", 0 0, L_000001e1e6350740;  alias, 1 drivers
v000001e1e62eb6b0_0 .net "o_full", 0 0, L_000001e1e63518c0;  alias, 1 drivers
v000001e1e62eb750_0 .var "r_ptr", 3 0;
v000001e1e62eb7f0_0 .net "rst_n", 0 0, o000001e1e62b0178;  alias, 0 drivers
v000001e1e62eb890_0 .var "w_ptr", 3 0;
L_000001e1e6350560 .array/port v000001e1e62eb610, L_000001e1e63527c0;
L_000001e1e63527c0 .concat [ 4 2 0 0], v000001e1e62eb750_0, L_000001e1e62f8a28;
L_000001e1e6350920 .concat [ 4 28 0 0], v000001e1e62eb890_0, L_000001e1e62f8a70;
L_000001e1e6352860 .arith/sum 32, L_000001e1e6350920, L_000001e1e62f8ab8;
L_000001e1e63509c0 .concat [ 4 28 0 0], v000001e1e62eb750_0, L_000001e1e62f8b00;
L_000001e1e6351b40 .cmp/eq 32, L_000001e1e6352860, L_000001e1e63509c0;
L_000001e1e6351aa0 .functor MUXZ 2, L_000001e1e62f8b90, L_000001e1e62f8b48, L_000001e1e6351b40, C4<>;
L_000001e1e63518c0 .part L_000001e1e6351aa0, 0, 1;
L_000001e1e6352220 .cmp/eq 4, v000001e1e62eb890_0, v000001e1e62eb750_0;
L_000001e1e6350380 .functor MUXZ 2, L_000001e1e62f8c20, L_000001e1e62f8bd8, L_000001e1e6352220, C4<>;
L_000001e1e6350740 .part L_000001e1e6350380, 0, 1;
S_000001e1e6218230 .scope module, "FIFO_W" "FIFO" 2 75, 5 1 0, S_000001e1e621fd70;
 .timescale 0 0;
    .port_info 0 /INPUT 1 "clk";
    .port_info 1 /INPUT 1 "rst_n";
    .port_info 2 /INPUT 1 "i_push";
    .port_info 3 /INPUT 1 "i_pop";
    .port_info 4 /INPUT 73 "i_data";
    .port_info 5 /OUTPUT 1 "o_empty";
    .port_info 6 /OUTPUT 1 "o_full";
    .port_info 7 /OUTPUT 73 "o_data";
P_000001e1e6289da0 .param/l "d_width" 0 5 2, +C4<00000000000000000000000001001001>;
L_000001e1e6281480 .functor BUFZ 73, L_000001e1e62f26f0, C4<0000000000000000000000000000000000000000000000000000000000000000000000000>, C4<0000000000000000000000000000000000000000000000000000000000000000000000000>, C4<0000000000000000000000000000000000000000000000000000000000000000000000000>;
v000001e1e62eb930_0 .net *"_ivl_0", 72 0, L_000001e1e62f26f0;  1 drivers
L_000001e1e62f83b0 .functor BUFT 1, C4<0000000000000000000000000000>, C4<0>, C4<0>, C4<0>;
v000001e1e62eb9d0_0 .net *"_ivl_11", 27 0, L_000001e1e62f83b0;  1 drivers
L_000001e1e62f83f8 .functor BUFT 1, C4<00000000000000000000000000000001>, C4<0>, C4<0>, C4<0>;
v000001e1e62ec830_0 .net/2u *"_ivl_12", 31 0, L_000001e1e62f83f8;  1 drivers
v000001e1e62ecfb0_0 .net *"_ivl_14", 31 0, L_000001e1e62f2510;  1 drivers
v000001e1e62eba70_0 .net *"_ivl_16", 31 0, L_000001e1e62f2830;  1 drivers
L_000001e1e62f8440 .functor BUFT 1, C4<0000000000000000000000000000>, C4<0>, C4<0>, C4<0>;
v000001e1e62ec650_0 .net *"_ivl_19", 27 0, L_000001e1e62f8440;  1 drivers
v000001e1e62ebb10_0 .net *"_ivl_2", 5 0, L_000001e1e62f2790;  1 drivers
v000001e1e62ebbb0_0 .net *"_ivl_20", 0 0, L_000001e1e62f2330;  1 drivers
L_000001e1e62f8488 .functor BUFT 1, C4<01>, C4<0>, C4<0>, C4<0>;
v000001e1e62ec470_0 .net/2s *"_ivl_22", 1 0, L_000001e1e62f8488;  1 drivers
L_000001e1e62f84d0 .functor BUFT 1, C4<00>, C4<0>, C4<0>, C4<0>;
v000001e1e62ebc50_0 .net/2s *"_ivl_24", 1 0, L_000001e1e62f84d0;  1 drivers
v000001e1e62ebcf0_0 .net *"_ivl_26", 1 0, L_000001e1e62f28d0;  1 drivers
v000001e1e62ecab0_0 .net *"_ivl_30", 0 0, L_000001e1e62f2b50;  1 drivers
L_000001e1e62f8518 .functor BUFT 1, C4<01>, C4<0>, C4<0>, C4<0>;
v000001e1e62ec790_0 .net/2s *"_ivl_32", 1 0, L_000001e1e62f8518;  1 drivers
L_000001e1e62f8560 .functor BUFT 1, C4<00>, C4<0>, C4<0>, C4<0>;
v000001e1e62ec290_0 .net/2s *"_ivl_34", 1 0, L_000001e1e62f8560;  1 drivers
v000001e1e62eb110_0 .net *"_ivl_36", 1 0, L_000001e1e62f23d0;  1 drivers
L_000001e1e62f8368 .functor BUFT 1, C4<00>, C4<0>, C4<0>, C4<0>;
v000001e1e62ec1f0_0 .net *"_ivl_5", 1 0, L_000001e1e62f8368;  1 drivers
v000001e1e62ebed0_0 .net *"_ivl_8", 31 0, L_000001e1e62f21f0;  1 drivers
v000001e1e62ebd90_0 .net "clk", 0 0, o000001e1e62b00b8;  alias, 0 drivers
v000001e1e62ec970_0 .var/i "i", 31 0;
v000001e1e62ebe30_0 .net "i_data", 72 0, L_000001e1e62f3a50;  1 drivers
v000001e1e62eb1b0_0 .net "i_pop", 0 0, v000001e1e62ed3a0_0;  alias, 1 drivers
v000001e1e62ebf70_0 .net "i_push", 0 0, o000001e1e62b2428;  alias, 0 drivers
v000001e1e62eb250 .array "mem_data", 15 0, 72 0;
v000001e1e62ec8d0_0 .net "o_data", 72 0, L_000001e1e6281480;  alias, 1 drivers
v000001e1e62ecdd0_0 .net "o_empty", 0 0, L_000001e1e62f25b0;  alias, 1 drivers
v000001e1e62ecd30_0 .net "o_full", 0 0, L_000001e1e62f34b0;  alias, 1 drivers
v000001e1e62ec0b0_0 .var "r_ptr", 3 0;
v000001e1e62eb430_0 .net "rst_n", 0 0, o000001e1e62b0178;  alias, 0 drivers
v000001e1e62ecb50_0 .var "w_ptr", 3 0;
L_000001e1e62f26f0 .array/port v000001e1e62eb250, L_000001e1e62f2790;
L_000001e1e62f2790 .concat [ 4 2 0 0], v000001e1e62ec0b0_0, L_000001e1e62f8368;
L_000001e1e62f21f0 .concat [ 4 28 0 0], v000001e1e62ecb50_0, L_000001e1e62f83b0;
L_000001e1e62f2510 .arith/sum 32, L_000001e1e62f21f0, L_000001e1e62f83f8;
L_000001e1e62f2830 .concat [ 4 28 0 0], v000001e1e62ec0b0_0, L_000001e1e62f8440;
L_000001e1e62f2330 .cmp/eq 32, L_000001e1e62f2510, L_000001e1e62f2830;
L_000001e1e62f28d0 .functor MUXZ 2, L_000001e1e62f84d0, L_000001e1e62f8488, L_000001e1e62f2330, C4<>;
L_000001e1e62f34b0 .part L_000001e1e62f28d0, 0, 1;
L_000001e1e62f2b50 .cmp/eq 4, v000001e1e62ecb50_0, v000001e1e62ec0b0_0;
L_000001e1e62f23d0 .functor MUXZ 2, L_000001e1e62f8560, L_000001e1e62f8518, L_000001e1e62f2b50, C4<>;
L_000001e1e62f25b0 .part L_000001e1e62f23d0, 0, 1;
S_000001e1e62183c0 .scope module, "FSM_MASTER_READ_inst" "FSM_MASTER_READ" 2 183, 6 1 0, S_000001e1e621fd70;
 .timescale 0 0;
    .port_info 0 /INPUT 1 "clk";
    .port_info 1 /INPUT 1 "rst_n";
    .port_info 2 /INPUT 1 "m_arvalid";
    .port_info 3 /OUTPUT 1 "m_arready";
    .port_info 4 /INPUT 2 "m_arburst";
    .port_info 5 /INPUT 8 "m_arlen";
    .port_info 6 /INPUT 1 "m_rvalid";
    .port_info 7 /OUTPUT 1 "m_rready";
    .port_info 8 /OUTPUT 1 "m_rlast";
    .port_info 9 /OUTPUT 2 "m_rresp";
    .port_info 10 /OUTPUT 1 "select_address";
    .port_info 11 /OUTPUT 1 "o_ren";
P_000001e1e621d110 .param/l "IDLE" 1 6 22, +C4<00000000000000000000000000000000>;
P_000001e1e621d148 .param/l "TRANSFER" 1 6 23, +C4<00000000000000000000000000000001>;
L_000001e1e6281d40 .functor BUFZ 1, v000001e1e62edbc0_0, C4<0>, C4<0>, C4<0>;
L_000001e1e6281100 .functor AND 1, L_000001e1e6350ba0, L_000001e1e6350e20, C4<1>, C4<1>;
L_000001e1e62f8cf8 .functor BUFT 1, C4<00000000000000000000000000000001>, C4<0>, C4<0>, C4<0>;
v000001e1e62eca10_0 .net/2u *"_ivl_10", 31 0, L_000001e1e62f8cf8;  1 drivers
v000001e1e62ece70_0 .net *"_ivl_12", 0 0, L_000001e1e6350ba0;  1 drivers
L_000001e1e62f8d40 .functor BUFT 1, C4<01>, C4<0>, C4<0>, C4<0>;
v000001e1e62ec010_0 .net/2u *"_ivl_14", 1 0, L_000001e1e62f8d40;  1 drivers
v000001e1e62ec330_0 .net *"_ivl_16", 0 0, L_000001e1e6350e20;  1 drivers
v000001e1e62ec3d0_0 .net *"_ivl_6", 31 0, L_000001e1e63507e0;  1 drivers
L_000001e1e62f8cb0 .functor BUFT 1, C4<0000000000000000000000000000000>, C4<0>, C4<0>, C4<0>;
v000001e1e62ecbf0_0 .net *"_ivl_9", 30 0, L_000001e1e62f8cb0;  1 drivers
v000001e1e62ecc90_0 .net "clk", 0 0, o000001e1e62b00b8;  alias, 0 drivers
v000001e1e62ecf10_0 .var "cnt_read", 7 0;
v000001e1e62eeac0_0 .net "m_arburst", 1 0, L_000001e1e6351280;  1 drivers
v000001e1e62eeb60_0 .net "m_arlen", 7 0, L_000001e1e6350880;  1 drivers
v000001e1e62ed580_0 .var "m_arready", 0 0;
v000001e1e62ed300_0 .net "m_arvalid", 0 0, L_000001e1e6281db0;  alias, 1 drivers
v000001e1e62ee2a0_0 .net "m_rlast", 0 0, v000001e1e62ee3e0_0;  alias, 1 drivers
v000001e1e62ee3e0_0 .var "m_rlast_stage0", 0 0;
v000001e1e62ee5c0_0 .net "m_rready", 0 0, L_000001e1e6281d40;  alias, 1 drivers
v000001e1e62edbc0_0 .var "m_rready_stage0", 0 0;
v000001e1e62eed40_0 .net "m_rresp", 1 0, v000001e1e62eeca0_0;  alias, 1 drivers
v000001e1e62eeca0_0 .var "m_rresp_stage0", 1 0;
v000001e1e62ee980_0 .net "m_rvalid", 0 0, L_000001e1e62815d0;  alias, 1 drivers
v000001e1e62eef20_0 .var "next_state", 0 0;
v000001e1e62ed8a0_0 .var "o_ren", 0 0;
v000001e1e62ed4e0_0 .net "rst_n", 0 0, o000001e1e62b0178;  alias, 0 drivers
v000001e1e62ed1c0_0 .net "select_address", 0 0, L_000001e1e6281100;  alias, 1 drivers
v000001e1e62ee200_0 .var "state", 0 0;
E_000001e1e628a160 .event anyedge, v000001e1e62ee200_0;
E_000001e1e628a120 .event anyedge, v000001e1e62ee200_0, v000001e1e62ecf10_0, v000001e1e62eeb60_0;
E_000001e1e6289720 .event anyedge, v000001e1e62ee200_0, v000001e1e62ed300_0, v000001e1e62ecf10_0, v000001e1e62eeb60_0;
L_000001e1e63507e0 .concat [ 1 31 0 0], v000001e1e62ee200_0, L_000001e1e62f8cb0;
L_000001e1e6350ba0 .cmp/eq 32, L_000001e1e63507e0, L_000001e1e62f8cf8;
L_000001e1e6350e20 .cmp/eq 2, L_000001e1e6351280, L_000001e1e62f8d40;
S_000001e1e622cdf0 .scope module, "FSM_MASTER_WRITE_inst" "FSM_MASTER_WRITE" 2 148, 7 1 0, S_000001e1e621fd70;
 .timescale 0 0;
    .port_info 0 /INPUT 1 "clk";
    .port_info 1 /INPUT 1 "rst_n";
    .port_info 2 /INPUT 1 "m_awvalid";
    .port_info 3 /OUTPUT 1 "m_awready";
    .port_info 4 /INPUT 2 "m_awburst";
    .port_info 5 /INPUT 8 "m_awlen";
    .port_info 6 /INPUT 1 "m_wvalid";
    .port_info 7 /OUTPUT 1 "m_wready";
    .port_info 8 /INPUT 1 "m_wlast";
    .port_info 9 /OUTPUT 3 "b_reps";
    .port_info 10 /OUTPUT 1 "select_address";
    .port_info 11 /OUTPUT 1 "o_wen";
P_000001e1e621cc10 .param/l "IDLE" 1 7 21, +C4<00000000000000000000000000000000>;
P_000001e1e621cc48 .param/l "TRANSFER" 1 7 22, +C4<00000000000000000000000000000001>;
v000001e1e62ee340_0 .var "b_reps", 2 0;
v000001e1e62ee7a0_0 .net "clk", 0 0, o000001e1e62b00b8;  alias, 0 drivers
v000001e1e62ed760_0 .var "cnt_push", 7 0;
v000001e1e62ee0c0_0 .net "m_awburst", 1 0, L_000001e1e6351960;  1 drivers
v000001e1e62ede40_0 .net "m_awlen", 7 0, L_000001e1e63506a0;  1 drivers
v000001e1e62eede0_0 .var "m_awready", 0 0;
v000001e1e62ee480_0 .net "m_awvalid", 0 0, L_000001e1e6281170;  alias, 1 drivers
v000001e1e62eea20_0 .net "m_wlast", 0 0, L_000001e1e63502e0;  1 drivers
v000001e1e62ed3a0_0 .var "m_wready", 0 0;
v000001e1e62eee80_0 .net "m_wvalid", 0 0, L_000001e1e62811e0;  alias, 1 drivers
v000001e1e62eefc0_0 .var "next_state", 0 0;
v000001e1e62ee660_0 .var "o_wen", 0 0;
v000001e1e62ed620_0 .net "rst_n", 0 0, o000001e1e62b0178;  alias, 0 drivers
v000001e1e62ed800_0 .var "select_address", 0 0;
v000001e1e62ee520_0 .var "state", 0 0;
E_000001e1e6289a20 .event anyedge, v000001e1e62ee520_0, v000001e1e62ee0c0_0;
E_000001e1e6289de0 .event anyedge, v000001e1e62eea20_0, v000001e1e62ed760_0, v000001e1e62ede40_0, v000001e1e62ee520_0;
E_000001e1e62897a0 .event anyedge, v000001e1e62ee520_0, v000001e1e62ee480_0, v000001e1e62eee80_0;
E_000001e1e6289b60 .event anyedge, v000001e1e62eea20_0, v000001e1e62ee520_0;
E_000001e1e62898e0 .event anyedge, v000001e1e62ee520_0, v000001e1e62ee480_0, v000001e1e62eee80_0, v000001e1e62eea20_0;
S_000001e1e622cf80 .scope module, "LANE_EN_WRITE_inst" "LANE_EN_WRITE" 2 208, 8 1 0, S_000001e1e621fd70;
 .timescale 0 0;
    .port_info 0 /INPUT 1 "clk";
    .port_info 1 /INPUT 1 "rst_n";
    .port_info 2 /INPUT 64 "i_data";
    .port_info 3 /INPUT 8 "byte_enable";
    .port_info 4 /OUTPUT 64 "o_data";
v000001e1e62eec00_0 .net "byte_enable", 7 0, L_000001e1e6352900;  1 drivers
v000001e1e62ed120_0 .net "clk", 0 0, o000001e1e62b00b8;  alias, 0 drivers
v000001e1e62ed260_0 .net "i_data", 63 0, L_000001e1e63511e0;  1 drivers
v000001e1e62eda80_0 .var "o_data", 63 0;
v000001e1e62ee700_0 .net "rst_n", 0 0, o000001e1e62b0178;  alias, 0 drivers
S_000001e1e622d110 .scope module, "RAM_inst" "RAM" 2 216, 9 1 0, S_000001e1e621fd70;
 .timescale 0 0;
    .port_info 0 /INPUT 1 "clk";
    .port_info 1 /INPUT 1 "rst_n";
    .port_info 2 /INPUT 1 "i_wen";
    .port_info 3 /INPUT 32 "i_write_address";
    .port_info 4 /INPUT 64 "i_data";
    .port_info 5 /INPUT 1 "i_ren";
    .port_info 6 /INPUT 32 "i_read_address";
    .port_info 7 /OUTPUT 64 "o_data";
v000001e1e62ed6c0_0 .net "clk", 0 0, o000001e1e62b00b8;  alias, 0 drivers
v000001e1e62ed440_0 .var/i "i", 31 0;
v000001e1e62edee0_0 .net "i_data", 63 0, v000001e1e62eda80_0;  alias, 1 drivers
v000001e1e62ee840_0 .net "i_read_address", 31 0, v000001e1e628ccf0_0;  alias, 1 drivers
v000001e1e62edb20_0 .net "i_ren", 0 0, v000001e1e62ed8a0_0;  alias, 1 drivers
v000001e1e62ee8e0_0 .net "i_wen", 0 0, v000001e1e62ee660_0;  alias, 1 drivers
v000001e1e62ed940_0 .net "i_write_address", 31 0, v000001e1e628c890_0;  alias, 1 drivers
v000001e1e62edda0 .array "mem_data", 1023 0, 7 0;
v000001e1e62ed9e0_0 .var "o_data", 63 0;
v000001e1e62edf80_0 .net "rst_n", 0 0, o000001e1e62b0178;  alias, 0 drivers
E_000001e1e6289ee0 .event posedge, v000001e1e628c610_0;
    .scope S_000001e1e6203b30;
T_0 ;
    %wait E_000001e1e6289ae0;
    %load/vec4 v000001e1e62e9d80_0;
    %nor/r;
    %flag_set/vec4 8;
    %jmp/0xz  T_0.0, 8;
    %pushi/vec4 0, 0, 32;
    %store/vec4 v000001e1e625bc10_0, 0, 32;
T_0.2 ;
    %load/vec4 v000001e1e625bc10_0;
    %cmpi/s 16, 0, 32;
    %jmp/0xz T_0.3, 5;
    %pushi/vec4 0, 0, 45;
    %ix/getv/s 3, v000001e1e625bc10_0;
    %ix/load 4, 0, 0; Constant delay
    %assign/vec4/a/d v000001e1e61f4050, 0, 4;
    %load/vec4 v000001e1e625bc10_0;
    %addi 1, 0, 32;
    %store/vec4 v000001e1e625bc10_0, 0, 32;
    %jmp T_0.2;
T_0.3 ;
    %pushi/vec4 0, 0, 4;
    %assign/vec4 v000001e1e62eadc0_0, 0;
    %pushi/vec4 0, 0, 4;
    %assign/vec4 v000001e1e62ea3c0_0, 0;
    %jmp T_0.1;
T_0.0 ;
    %load/vec4 v000001e1e625b030_0;
    %load/vec4 v000001e1e62ea280_0;
    %nor/r;
    %and;
    %flag_set/vec4 8;
    %jmp/0xz  T_0.4, 8;
    %load/vec4 v000001e1e625ae50_0;
    %load/vec4 v000001e1e62eadc0_0;
    %pad/u 6;
    %ix/vec4 3;
    %ix/load 4, 0, 0; Constant delay
    %assign/vec4/a/d v000001e1e61f4050, 0, 4;
    %load/vec4 v000001e1e62eadc0_0;
    %addi 1, 0, 4;
    %assign/vec4 v000001e1e62eadc0_0, 0;
T_0.4 ;
    %load/vec4 v000001e1e625c610_0;
    %load/vec4 v000001e1e62e92e0_0;
    %nor/r;
    %and;
    %flag_set/vec4 8;
    %jmp/0xz  T_0.6, 8;
    %load/vec4 v000001e1e62ea3c0_0;
    %addi 1, 0, 4;
    %assign/vec4 v000001e1e62ea3c0_0, 0;
T_0.6 ;
T_0.1 ;
    %jmp T_0;
    .thread T_0;
    .scope S_000001e1e6218230;
T_1 ;
    %wait E_000001e1e6289ae0;
    %load/vec4 v000001e1e62eb430_0;
    %nor/r;
    %flag_set/vec4 8;
    %jmp/0xz  T_1.0, 8;
    %pushi/vec4 0, 0, 32;
    %store/vec4 v000001e1e62ec970_0, 0, 32;
T_1.2 ;
    %load/vec4 v000001e1e62ec970_0;
    %cmpi/s 16, 0, 32;
    %jmp/0xz T_1.3, 5;
    %pushi/vec4 0, 0, 73;
    %ix/getv/s 3, v000001e1e62ec970_0;
    %ix/load 4, 0, 0; Constant delay
    %assign/vec4/a/d v000001e1e62eb250, 0, 4;
    %load/vec4 v000001e1e62ec970_0;
    %addi 1, 0, 32;
    %store/vec4 v000001e1e62ec970_0, 0, 32;
    %jmp T_1.2;
T_1.3 ;
    %pushi/vec4 0, 0, 4;
    %assign/vec4 v000001e1e62ecb50_0, 0;
    %pushi/vec4 0, 0, 4;
    %assign/vec4 v000001e1e62ec0b0_0, 0;
    %jmp T_1.1;
T_1.0 ;
    %load/vec4 v000001e1e62ebf70_0;
    %load/vec4 v000001e1e62ecd30_0;
    %nor/r;
    %and;
    %flag_set/vec4 8;
    %jmp/0xz  T_1.4, 8;
    %load/vec4 v000001e1e62ebe30_0;
    %load/vec4 v000001e1e62ecb50_0;
    %pad/u 6;
    %ix/vec4 3;
    %ix/load 4, 0, 0; Constant delay
    %assign/vec4/a/d v000001e1e62eb250, 0, 4;
    %load/vec4 v000001e1e62ecb50_0;
    %addi 1, 0, 4;
    %assign/vec4 v000001e1e62ecb50_0, 0;
T_1.4 ;
    %load/vec4 v000001e1e62eb1b0_0;
    %load/vec4 v000001e1e62ecdd0_0;
    %nor/r;
    %and;
    %flag_set/vec4 8;
    %jmp/0xz  T_1.6, 8;
    %load/vec4 v000001e1e62ec0b0_0;
    %addi 1, 0, 4;
    %assign/vec4 v000001e1e62ec0b0_0, 0;
T_1.6 ;
T_1.1 ;
    %jmp T_1;
    .thread T_1;
    .scope S_000001e1e6203cc0;
T_2 ;
    %wait E_000001e1e6289ae0;
    %load/vec4 v000001e1e62e97e0_0;
    %nor/r;
    %flag_set/vec4 8;
    %jmp/0xz  T_2.0, 8;
    %pushi/vec4 0, 0, 32;
    %store/vec4 v000001e1e62eaa00_0, 0, 32;
T_2.2 ;
    %load/vec4 v000001e1e62eaa00_0;
    %cmpi/s 16, 0, 32;
    %jmp/0xz T_2.3, 5;
    %pushi/vec4 0, 0, 2;
    %ix/getv/s 3, v000001e1e62eaa00_0;
    %ix/load 4, 0, 0; Constant delay
    %assign/vec4/a/d v000001e1e62e91a0, 0, 4;
    %load/vec4 v000001e1e62eaa00_0;
    %addi 1, 0, 32;
    %store/vec4 v000001e1e62eaa00_0, 0, 32;
    %jmp T_2.2;
T_2.3 ;
    %pushi/vec4 0, 0, 4;
    %assign/vec4 v000001e1e62e9ec0_0, 0;
    %pushi/vec4 0, 0, 4;
    %assign/vec4 v000001e1e62ea140_0, 0;
    %jmp T_2.1;
T_2.0 ;
    %load/vec4 v000001e1e62e9100_0;
    %load/vec4 v000001e1e62eac80_0;
    %nor/r;
    %and;
    %flag_set/vec4 8;
    %jmp/0xz  T_2.4, 8;
    %load/vec4 v000001e1e62eaaa0_0;
    %load/vec4 v000001e1e62e9ec0_0;
    %pad/u 6;
    %ix/vec4 3;
    %ix/load 4, 0, 0; Constant delay
    %assign/vec4/a/d v000001e1e62e91a0, 0, 4;
    %load/vec4 v000001e1e62e9ec0_0;
    %addi 1, 0, 4;
    %assign/vec4 v000001e1e62e9ec0_0, 0;
T_2.4 ;
    %load/vec4 v000001e1e62eab40_0;
    %load/vec4 v000001e1e62e9b00_0;
    %nor/r;
    %and;
    %flag_set/vec4 8;
    %jmp/0xz  T_2.6, 8;
    %load/vec4 v000001e1e62ea140_0;
    %addi 1, 0, 4;
    %assign/vec4 v000001e1e62ea140_0, 0;
T_2.6 ;
T_2.1 ;
    %jmp T_2;
    .thread T_2;
    .scope S_000001e1e62039a0;
T_3 ;
    %wait E_000001e1e6289ae0;
    %load/vec4 v000001e1e62730b0_0;
    %nor/r;
    %flag_set/vec4 8;
    %jmp/0xz  T_3.0, 8;
    %pushi/vec4 0, 0, 32;
    %store/vec4 v000001e1e628d0b0_0, 0, 32;
T_3.2 ;
    %load/vec4 v000001e1e628d0b0_0;
    %cmpi/s 16, 0, 32;
    %jmp/0xz T_3.3, 5;
    %pushi/vec4 0, 0, 45;
    %ix/getv/s 3, v000001e1e628d0b0_0;
    %ix/load 4, 0, 0; Constant delay
    %assign/vec4/a/d v000001e1e628dc90, 0, 4;
    %load/vec4 v000001e1e628d0b0_0;
    %addi 1, 0, 32;
    %store/vec4 v000001e1e628d0b0_0, 0, 32;
    %jmp T_3.2;
T_3.3 ;
    %pushi/vec4 0, 0, 4;
    %assign/vec4 v000001e1e6273bf0_0, 0;
    %pushi/vec4 0, 0, 4;
    %assign/vec4 v000001e1e6272610_0, 0;
    %jmp T_3.1;
T_3.0 ;
    %load/vec4 v000001e1e628d330_0;
    %load/vec4 v000001e1e62731f0_0;
    %nor/r;
    %and;
    %flag_set/vec4 8;
    %jmp/0xz  T_3.4, 8;
    %load/vec4 v000001e1e628d290_0;
    %load/vec4 v000001e1e6273bf0_0;
    %pad/u 6;
    %ix/vec4 3;
    %ix/load 4, 0, 0; Constant delay
    %assign/vec4/a/d v000001e1e628dc90, 0, 4;
    %load/vec4 v000001e1e6273bf0_0;
    %addi 1, 0, 4;
    %assign/vec4 v000001e1e6273bf0_0, 0;
T_3.4 ;
    %load/vec4 v000001e1e628dab0_0;
    %load/vec4 v000001e1e628dfb0_0;
    %nor/r;
    %and;
    %flag_set/vec4 8;
    %jmp/0xz  T_3.6, 8;
    %load/vec4 v000001e1e6272610_0;
    %addi 1, 0, 4;
    %assign/vec4 v000001e1e6272610_0, 0;
T_3.6 ;
T_3.1 ;
    %jmp T_3;
    .thread T_3;
    .scope S_000001e1e62180a0;
T_4 ;
    %wait E_000001e1e6289ae0;
    %load/vec4 v000001e1e62eb7f0_0;
    %nor/r;
    %flag_set/vec4 8;
    %jmp/0xz  T_4.0, 8;
    %pushi/vec4 0, 0, 32;
    %store/vec4 v000001e1e62eb2f0_0, 0, 32;
T_4.2 ;
    %load/vec4 v000001e1e62eb2f0_0;
    %cmpi/s 16, 0, 32;
    %jmp/0xz T_4.3, 5;
    %pushi/vec4 0, 0, 67;
    %ix/getv/s 3, v000001e1e62eb2f0_0;
    %ix/load 4, 0, 0; Constant delay
    %assign/vec4/a/d v000001e1e62eb610, 0, 4;
    %load/vec4 v000001e1e62eb2f0_0;
    %addi 1, 0, 32;
    %store/vec4 v000001e1e62eb2f0_0, 0, 32;
    %jmp T_4.2;
T_4.3 ;
    %pushi/vec4 0, 0, 4;
    %assign/vec4 v000001e1e62eb890_0, 0;
    %pushi/vec4 0, 0, 4;
    %assign/vec4 v000001e1e62eb750_0, 0;
    %jmp T_4.1;
T_4.0 ;
    %load/vec4 v000001e1e62ec150_0;
    %load/vec4 v000001e1e62eb6b0_0;
    %nor/r;
    %and;
    %flag_set/vec4 8;
    %jmp/0xz  T_4.4, 8;
    %load/vec4 v000001e1e62ec5b0_0;
    %load/vec4 v000001e1e62eb890_0;
    %pad/u 6;
    %ix/vec4 3;
    %ix/load 4, 0, 0; Constant delay
    %assign/vec4/a/d v000001e1e62eb610, 0, 4;
    %load/vec4 v000001e1e62eb890_0;
    %addi 1, 0, 4;
    %assign/vec4 v000001e1e62eb890_0, 0;
T_4.4 ;
    %load/vec4 v000001e1e62eb390_0;
    %load/vec4 v000001e1e62eb570_0;
    %nor/r;
    %and;
    %flag_set/vec4 8;
    %jmp/0xz  T_4.6, 8;
    %load/vec4 v000001e1e62eb750_0;
    %addi 1, 0, 4;
    %assign/vec4 v000001e1e62eb750_0, 0;
T_4.6 ;
T_4.1 ;
    %jmp T_4;
    .thread T_4;
    .scope S_000001e1e622cdf0;
T_5 ;
    %wait E_000001e1e62898e0;
    %load/vec4 v000001e1e62ee520_0;
    %dup/vec4;
    %pushi/vec4 0, 0, 1;
    %cmp/u;
    %jmp/1 T_5.0, 6;
    %dup/vec4;
    %pushi/vec4 1, 0, 1;
    %cmp/u;
    %jmp/1 T_5.1, 6;
    %jmp T_5.2;
T_5.0 ;
    %load/vec4 v000001e1e62ee480_0;
    %load/vec4 v000001e1e62eee80_0;
    %and;
    %flag_set/vec4 8;
    %jmp/0 T_5.3, 8;
    %pushi/vec4 1, 0, 32;
    %jmp/1 T_5.4, 8;
T_5.3 ; End of true expr.
    %pushi/vec4 0, 0, 32;
    %jmp/0 T_5.4, 8;
 ; End of false expr.
    %blend;
T_5.4;
    %pad/s 1;
    %store/vec4 v000001e1e62eefc0_0, 0, 1;
    %jmp T_5.2;
T_5.1 ;
    %load/vec4 v000001e1e62eea20_0;
    %flag_set/vec4 8;
    %jmp/0 T_5.5, 8;
    %pushi/vec4 0, 0, 32;
    %jmp/1 T_5.6, 8;
T_5.5 ; End of true expr.
    %pushi/vec4 1, 0, 32;
    %jmp/0 T_5.6, 8;
 ; End of false expr.
    %blend;
T_5.6;
    %pad/s 1;
    %store/vec4 v000001e1e62eefc0_0, 0, 1;
    %jmp T_5.2;
T_5.2 ;
    %pop/vec4 1;
    %jmp T_5;
    .thread T_5, $push;
    .scope S_000001e1e622cdf0;
T_6 ;
    %wait E_000001e1e6289ae0;
    %load/vec4 v000001e1e62ed620_0;
    %nor/r;
    %flag_set/vec4 8;
    %jmp/0xz  T_6.0, 8;
    %pushi/vec4 0, 0, 1;
    %assign/vec4 v000001e1e62ee520_0, 0;
    %jmp T_6.1;
T_6.0 ;
    %load/vec4 v000001e1e62eefc0_0;
    %assign/vec4 v000001e1e62ee520_0, 0;
T_6.1 ;
    %jmp T_6;
    .thread T_6;
    .scope S_000001e1e622cdf0;
T_7 ;
    %wait E_000001e1e6289b60;
    %pushi/vec4 0, 0, 1;
    %store/vec4 v000001e1e62eede0_0, 0, 1;
    %load/vec4 v000001e1e62eea20_0;
    %load/vec4 v000001e1e62ee520_0;
    %pad/u 32;
    %pushi/vec4 1, 0, 32;
    %cmp/e;
    %flag_get/vec4 4;
    %and;
    %flag_set/vec4 8;
    %jmp/0xz  T_7.0, 8;
    %pushi/vec4 1, 0, 1;
    %store/vec4 v000001e1e62eede0_0, 0, 1;
T_7.0 ;
    %jmp T_7;
    .thread T_7, $push;
    .scope S_000001e1e622cdf0;
T_8 ;
    %wait E_000001e1e6289ae0;
    %load/vec4 v000001e1e62ed620_0;
    %nor/r;
    %flag_set/vec4 8;
    %jmp/0xz  T_8.0, 8;
    %pushi/vec4 0, 0, 8;
    %assign/vec4 v000001e1e62ed760_0, 0;
    %jmp T_8.1;
T_8.0 ;
    %load/vec4 v000001e1e62ee520_0;
    %pad/u 32;
    %pushi/vec4 1, 0, 32;
    %cmp/e;
    %flag_get/vec4 4;
    %load/vec4 v000001e1e62eea20_0;
    %nor/r;
    %and;
    %flag_set/vec4 8;
    %load/vec4 v000001e1e62ee520_0;
    %pad/u 32;
    %pushi/vec4 0, 0, 32;
    %cmp/e;
    %flag_get/vec4 4;
    %load/vec4 v000001e1e62ee480_0;
    %and;
    %load/vec4 v000001e1e62eee80_0;
    %and;
    %flag_set/vec4 9;
    %flag_or 9, 8;
    %jmp/0xz  T_8.2, 9;
    %load/vec4 v000001e1e62ed760_0;
    %addi 1, 0, 8;
    %assign/vec4 v000001e1e62ed760_0, 0;
    %jmp T_8.3;
T_8.2 ;
    %load/vec4 v000001e1e62ee520_0;
    %pad/u 32;
    %pushi/vec4 1, 0, 32;
    %cmp/e;
    %flag_get/vec4 4;
    %load/vec4 v000001e1e62eea20_0;
    %and;
    %flag_set/vec4 8;
    %jmp/0xz  T_8.4, 8;
    %pushi/vec4 0, 0, 8;
    %assign/vec4 v000001e1e62ed760_0, 0;
T_8.4 ;
T_8.3 ;
T_8.1 ;
    %jmp T_8;
    .thread T_8;
    .scope S_000001e1e622cdf0;
T_9 ;
    %wait E_000001e1e62897a0;
    %pushi/vec4 0, 0, 1;
    %store/vec4 v000001e1e62ed3a0_0, 0, 1;
    %load/vec4 v000001e1e62ee520_0;
    %pad/u 32;
    %cmpi/e 1, 0, 32;
    %flag_mov 8, 4;
    %load/vec4 v000001e1e62ee520_0;
    %pad/u 32;
    %pushi/vec4 0, 0, 32;
    %cmp/e;
    %flag_get/vec4 4;
    %load/vec4 v000001e1e62ee480_0;
    %and;
    %load/vec4 v000001e1e62eee80_0;
    %and;
    %flag_set/vec4 9;
    %flag_or 9, 8;
    %jmp/0xz  T_9.0, 9;
    %pushi/vec4 1, 0, 1;
    %store/vec4 v000001e1e62ed3a0_0, 0, 1;
T_9.0 ;
    %jmp T_9;
    .thread T_9, $push;
    .scope S_000001e1e622cdf0;
T_10 ;
    %wait E_000001e1e6289de0;
    %load/vec4 v000001e1e62eea20_0;
    %load/vec4 v000001e1e62ed760_0;
    %load/vec4 v000001e1e62ede40_0;
    %cmp/e;
    %flag_get/vec4 4;
    %and;
    %load/vec4 v000001e1e62ee520_0;
    %pad/u 32;
    %pushi/vec4 1, 0, 32;
    %cmp/e;
    %flag_get/vec4 4;
    %and;
    %flag_set/vec4 8;
    %jmp/0xz  T_10.0, 8;
    %pushi/vec4 4, 0, 3;
    %store/vec4 v000001e1e62ee340_0, 0, 3;
    %jmp T_10.1;
T_10.0 ;
    %pushi/vec4 7, 0, 3;
    %store/vec4 v000001e1e62ee340_0, 0, 3;
T_10.1 ;
    %jmp T_10;
    .thread T_10, $push;
    .scope S_000001e1e622cdf0;
T_11 ;
    %wait E_000001e1e6289a20;
    %pushi/vec4 0, 0, 1;
    %store/vec4 v000001e1e62ed800_0, 0, 1;
    %load/vec4 v000001e1e62ee520_0;
    %pad/u 32;
    %pushi/vec4 1, 0, 32;
    %cmp/e;
    %flag_get/vec4 4;
    %load/vec4 v000001e1e62ee0c0_0;
    %pushi/vec4 1, 0, 2;
    %cmp/e;
    %flag_get/vec4 4;
    %and;
    %flag_set/vec4 8;
    %jmp/0xz  T_11.0, 8;
    %pushi/vec4 1, 0, 1;
    %store/vec4 v000001e1e62ed800_0, 0, 1;
T_11.0 ;
    %jmp T_11;
    .thread T_11, $push;
    .scope S_000001e1e622cdf0;
T_12 ;
    %wait E_000001e1e6289ae0;
    %load/vec4 v000001e1e62ed620_0;
    %nor/r;
    %flag_set/vec4 8;
    %jmp/0xz  T_12.0, 8;
    %pushi/vec4 0, 0, 1;
    %assign/vec4 v000001e1e62ee660_0, 0;
    %jmp T_12.1;
T_12.0 ;
    %load/vec4 v000001e1e62ee520_0;
    %pad/u 32;
    %cmpi/e 1, 0, 32;
    %flag_mov 8, 4;
    %load/vec4 v000001e1e62ee520_0;
    %pad/u 32;
    %pushi/vec4 0, 0, 32;
    %cmp/e;
    %flag_get/vec4 4;
    %load/vec4 v000001e1e62ee480_0;
    %and;
    %load/vec4 v000001e1e62eee80_0;
    %and;
    %flag_set/vec4 9;
    %flag_or 9, 8;
    %jmp/0xz  T_12.2, 9;
    %pushi/vec4 1, 0, 1;
    %assign/vec4 v000001e1e62ee660_0, 0;
    %jmp T_12.3;
T_12.2 ;
    %pushi/vec4 0, 0, 1;
    %assign/vec4 v000001e1e62ee660_0, 0;
T_12.3 ;
T_12.1 ;
    %jmp T_12;
    .thread T_12;
    .scope S_000001e1e6227950;
T_13 ;
    %wait E_000001e1e6289ae0;
    %load/vec4 v000001e1e628ca70_0;
    %nor/r;
    %flag_set/vec4 8;
    %jmp/0xz  T_13.0, 8;
    %pushi/vec4 0, 0, 32;
    %assign/vec4 v000001e1e628c890_0, 0;
    %jmp T_13.1;
T_13.0 ;
    %load/vec4 v000001e1e628d790_0;
    %pad/u 32;
    %cmpi/e 0, 0, 32;
    %jmp/0xz  T_13.2, 4;
    %load/vec4 v000001e1e628d510_0;
    %assign/vec4 v000001e1e628c890_0, 0;
    %jmp T_13.3;
T_13.2 ;
    %load/vec4 v000001e1e628c890_0;
    %load/vec4 v000001e1e628de70_0;
    %pad/u 32;
    %add;
    %assign/vec4 v000001e1e628c890_0, 0;
T_13.3 ;
T_13.1 ;
    %jmp T_13;
    .thread T_13;
    .scope S_000001e1e62277c0;
T_14 ;
    %wait E_000001e1e6288aa0;
    %pushi/vec4 0, 0, 1;
    %store/vec4 v000001e1e628e2d0_0, 0, 1;
    %pushi/vec4 0, 0, 2;
    %store/vec4 v000001e1e628cc50_0, 0, 2;
    %load/vec4 v000001e1e628cb10_0;
    %pushi/vec4 4, 0, 3;
    %cmp/e;
    %flag_get/vec4 4;
    %load/vec4 v000001e1e628c570_0;
    %and;
    %flag_set/vec4 8;
    %jmp/0xz  T_14.0, 8;
    %pushi/vec4 1, 0, 1;
    %store/vec4 v000001e1e628e2d0_0, 0, 1;
    %pushi/vec4 0, 0, 2;
    %store/vec4 v000001e1e628cc50_0, 0, 2;
T_14.0 ;
    %jmp T_14;
    .thread T_14, $push;
    .scope S_000001e1e62183c0;
T_15 ;
    %wait E_000001e1e6289720;
    %load/vec4 v000001e1e62ee200_0;
    %dup/vec4;
    %pushi/vec4 0, 0, 1;
    %cmp/u;
    %jmp/1 T_15.0, 6;
    %dup/vec4;
    %pushi/vec4 1, 0, 1;
    %cmp/u;
    %jmp/1 T_15.1, 6;
    %jmp T_15.2;
T_15.0 ;
    %load/vec4 v000001e1e62ed300_0;
    %flag_set/vec4 8;
    %jmp/0 T_15.3, 8;
    %pushi/vec4 1, 0, 32;
    %jmp/1 T_15.4, 8;
T_15.3 ; End of true expr.
    %pushi/vec4 0, 0, 32;
    %jmp/0 T_15.4, 8;
 ; End of false expr.
    %blend;
T_15.4;
    %pad/s 1;
    %store/vec4 v000001e1e62eef20_0, 0, 1;
    %jmp T_15.2;
T_15.1 ;
    %load/vec4 v000001e1e62ecf10_0;
    %pad/u 32;
    %load/vec4 v000001e1e62eeb60_0;
    %pad/u 32;
    %addi 1, 0, 32;
    %cmp/e;
    %flag_mov 8, 4;
    %jmp/0 T_15.5, 8;
    %pushi/vec4 0, 0, 32;
    %jmp/1 T_15.6, 8;
T_15.5 ; End of true expr.
    %pushi/vec4 1, 0, 32;
    %jmp/0 T_15.6, 8;
 ; End of false expr.
    %blend;
T_15.6;
    %pad/s 1;
    %store/vec4 v000001e1e62eef20_0, 0, 1;
    %jmp T_15.2;
T_15.2 ;
    %pop/vec4 1;
    %jmp T_15;
    .thread T_15, $push;
    .scope S_000001e1e62183c0;
T_16 ;
    %wait E_000001e1e6289ae0;
    %load/vec4 v000001e1e62ed4e0_0;
    %nor/r;
    %flag_set/vec4 8;
    %jmp/0xz  T_16.0, 8;
    %pushi/vec4 0, 0, 1;
    %assign/vec4 v000001e1e62ee200_0, 0;
    %jmp T_16.1;
T_16.0 ;
    %load/vec4 v000001e1e62eef20_0;
    %assign/vec4 v000001e1e62ee200_0, 0;
T_16.1 ;
    %jmp T_16;
    .thread T_16;
    .scope S_000001e1e62183c0;
T_17 ;
    %wait E_000001e1e628a120;
    %pushi/vec4 0, 0, 1;
    %store/vec4 v000001e1e62ed580_0, 0, 1;
    %load/vec4 v000001e1e62ee200_0;
    %pad/u 32;
    %pushi/vec4 1, 0, 32;
    %cmp/e;
    %flag_get/vec4 4;
    %load/vec4 v000001e1e62ecf10_0;
    %pad/u 32;
    %load/vec4 v000001e1e62eeb60_0;
    %pad/u 32;
    %addi 1, 0, 32;
    %cmp/e;
    %flag_get/vec4 4;
    %and;
    %flag_set/vec4 8;
    %jmp/0xz  T_17.0, 8;
    %pushi/vec4 1, 0, 1;
    %store/vec4 v000001e1e62ed580_0, 0, 1;
T_17.0 ;
    %jmp T_17;
    .thread T_17, $push;
    .scope S_000001e1e62183c0;
T_18 ;
    %wait E_000001e1e6289ae0;
    %load/vec4 v000001e1e62ed4e0_0;
    %nor/r;
    %flag_set/vec4 8;
    %jmp/0xz  T_18.0, 8;
    %pushi/vec4 0, 0, 8;
    %assign/vec4 v000001e1e62ecf10_0, 0;
    %jmp T_18.1;
T_18.0 ;
    %load/vec4 v000001e1e62ee200_0;
    %pad/u 32;
    %pushi/vec4 1, 0, 32;
    %cmp/e;
    %flag_get/vec4 4;
    %load/vec4 v000001e1e62ee3e0_0;
    %nor/r;
    %and;
    %flag_set/vec4 8;
    %jmp/0xz  T_18.2, 8;
    %load/vec4 v000001e1e62ecf10_0;
    %addi 1, 0, 8;
    %assign/vec4 v000001e1e62ecf10_0, 0;
    %jmp T_18.3;
T_18.2 ;
    %load/vec4 v000001e1e62ee3e0_0;
    %flag_set/vec4 8;
    %jmp/0xz  T_18.4, 8;
    %pushi/vec4 0, 0, 8;
    %assign/vec4 v000001e1e62ecf10_0, 0;
T_18.4 ;
T_18.3 ;
T_18.1 ;
    %jmp T_18;
    .thread T_18;
    .scope S_000001e1e62183c0;
T_19 ;
    %wait E_000001e1e6289ae0;
    %load/vec4 v000001e1e62ed4e0_0;
    %nor/r;
    %flag_set/vec4 8;
    %jmp/0xz  T_19.0, 8;
    %pushi/vec4 0, 0, 1;
    %assign/vec4 v000001e1e62edbc0_0, 0;
    %jmp T_19.1;
T_19.0 ;
    %load/vec4 v000001e1e62ee200_0;
    %pad/u 32;
    %pushi/vec4 1, 0, 32;
    %cmp/e;
    %flag_get/vec4 4;
    %load/vec4 v000001e1e62ecf10_0;
    %pad/u 32;
    %load/vec4 v000001e1e62eeb60_0;
    %pad/u 32;
    %addi 1, 0, 32;
    %cmp/ne;
    %flag_get/vec4 4;
    %and;
    %flag_set/vec4 8;
    %jmp/0xz  T_19.2, 8;
    %pushi/vec4 1, 0, 1;
    %assign/vec4 v000001e1e62edbc0_0, 0;
    %jmp T_19.3;
T_19.2 ;
    %pushi/vec4 0, 0, 1;
    %assign/vec4 v000001e1e62edbc0_0, 0;
T_19.3 ;
T_19.1 ;
    %jmp T_19;
    .thread T_19;
    .scope S_000001e1e62183c0;
T_20 ;
    %wait E_000001e1e6289ae0;
    %load/vec4 v000001e1e62ed4e0_0;
    %nor/r;
    %flag_set/vec4 8;
    %jmp/0xz  T_20.0, 8;
    %pushi/vec4 0, 0, 1;
    %assign/vec4 v000001e1e62ee3e0_0, 0;
    %jmp T_20.1;
T_20.0 ;
    %load/vec4 v000001e1e62ee200_0;
    %pad/u 32;
    %pushi/vec4 1, 0, 32;
    %cmp/e;
    %flag_get/vec4 4;
    %load/vec4 v000001e1e62ecf10_0;
    %load/vec4 v000001e1e62eeb60_0;
    %cmp/e;
    %flag_get/vec4 4;
    %and;
    %flag_set/vec4 8;
    %jmp/0xz  T_20.2, 8;
    %pushi/vec4 1, 0, 1;
    %assign/vec4 v000001e1e62ee3e0_0, 0;
    %jmp T_20.3;
T_20.2 ;
    %pushi/vec4 0, 0, 1;
    %assign/vec4 v000001e1e62ee3e0_0, 0;
T_20.3 ;
T_20.1 ;
    %jmp T_20;
    .thread T_20;
    .scope S_000001e1e62183c0;
T_21 ;
    %wait E_000001e1e6289ae0;
    %load/vec4 v000001e1e62ed4e0_0;
    %nor/r;
    %flag_set/vec4 8;
    %jmp/0xz  T_21.0, 8;
    %pushi/vec4 0, 0, 2;
    %assign/vec4 v000001e1e62eeca0_0, 0;
    %jmp T_21.1;
T_21.0 ;
    %load/vec4 v000001e1e62ee200_0;
    %pad/u 32;
    %cmpi/e 1, 0, 32;
    %jmp/0xz  T_21.2, 4;
    %pushi/vec4 0, 0, 2;
    %assign/vec4 v000001e1e62eeca0_0, 0;
    %jmp T_21.3;
T_21.2 ;
    %pushi/vec4 3, 0, 2;
    %assign/vec4 v000001e1e62eeca0_0, 0;
T_21.3 ;
T_21.1 ;
    %jmp T_21;
    .thread T_21;
    .scope S_000001e1e62183c0;
T_22 ;
    %wait E_000001e1e628a160;
    %pushi/vec4 0, 0, 1;
    %store/vec4 v000001e1e62ed8a0_0, 0, 1;
    %load/vec4 v000001e1e62ee200_0;
    %pad/u 32;
    %cmpi/e 1, 0, 32;
    %jmp/0xz  T_22.0, 4;
    %pushi/vec4 1, 0, 1;
    %store/vec4 v000001e1e62ed8a0_0, 0, 1;
T_22.0 ;
    %jmp T_22;
    .thread T_22, $push;
    .scope S_000001e1e6227ae0;
T_23 ;
    %wait E_000001e1e6289ae0;
    %load/vec4 v000001e1e628cd90_0;
    %nor/r;
    %flag_set/vec4 8;
    %jmp/0xz  T_23.0, 8;
    %pushi/vec4 0, 0, 32;
    %assign/vec4 v000001e1e628ccf0_0, 0;
    %jmp T_23.1;
T_23.0 ;
    %load/vec4 v000001e1e628da10_0;
    %pad/u 32;
    %cmpi/e 0, 0, 32;
    %jmp/0xz  T_23.2, 4;
    %load/vec4 v000001e1e628dbf0_0;
    %assign/vec4 v000001e1e628ccf0_0, 0;
    %jmp T_23.3;
T_23.2 ;
    %load/vec4 v000001e1e628ccf0_0;
    %load/vec4 v000001e1e628c4d0_0;
    %pad/u 32;
    %add;
    %assign/vec4 v000001e1e628ccf0_0, 0;
T_23.3 ;
T_23.1 ;
    %jmp T_23;
    .thread T_23;
    .scope S_000001e1e622cf80;
T_24 ;
    %wait E_000001e1e6289ae0;
    %load/vec4 v000001e1e62ee700_0;
    %nor/r;
    %flag_set/vec4 8;
    %jmp/0xz  T_24.0, 8;
    %pushi/vec4 0, 0, 64;
    %assign/vec4 v000001e1e62eda80_0, 0;
    %jmp T_24.1;
T_24.0 ;
    %load/vec4 v000001e1e62eec00_0;
    %parti/s 1, 0, 2;
    %flag_set/vec4 8;
    %jmp/0xz  T_24.2, 8;
    %load/vec4 v000001e1e62ed260_0;
    %parti/s 8, 0, 2;
    %ix/load 4, 0, 0;
    %ix/load 5, 0, 0;
    %flag_set/imm 4, 0;
    %assign/vec4/off/d v000001e1e62eda80_0, 4, 5;
T_24.2 ;
    %load/vec4 v000001e1e62eec00_0;
    %parti/s 1, 1, 2;
    %flag_set/vec4 8;
    %jmp/0xz  T_24.4, 8;
    %load/vec4 v000001e1e62ed260_0;
    %parti/s 8, 8, 5;
    %ix/load 4, 8, 0;
    %ix/load 5, 0, 0;
    %flag_set/imm 4, 0;
    %assign/vec4/off/d v000001e1e62eda80_0, 4, 5;
T_24.4 ;
    %load/vec4 v000001e1e62eec00_0;
    %parti/s 1, 2, 3;
    %flag_set/vec4 8;
    %jmp/0xz  T_24.6, 8;
    %load/vec4 v000001e1e62ed260_0;
    %parti/s 8, 16, 6;
    %ix/load 4, 16, 0;
    %ix/load 5, 0, 0;
    %flag_set/imm 4, 0;
    %assign/vec4/off/d v000001e1e62eda80_0, 4, 5;
T_24.6 ;
    %load/vec4 v000001e1e62eec00_0;
    %parti/s 1, 3, 3;
    %flag_set/vec4 8;
    %jmp/0xz  T_24.8, 8;
    %load/vec4 v000001e1e62ed260_0;
    %parti/s 8, 24, 6;
    %ix/load 4, 24, 0;
    %ix/load 5, 0, 0;
    %flag_set/imm 4, 0;
    %assign/vec4/off/d v000001e1e62eda80_0, 4, 5;
T_24.8 ;
    %load/vec4 v000001e1e62eec00_0;
    %parti/s 1, 4, 4;
    %flag_set/vec4 8;
    %jmp/0xz  T_24.10, 8;
    %load/vec4 v000001e1e62ed260_0;
    %parti/s 8, 32, 7;
    %ix/load 4, 32, 0;
    %ix/load 5, 0, 0;
    %flag_set/imm 4, 0;
    %assign/vec4/off/d v000001e1e62eda80_0, 4, 5;
T_24.10 ;
    %load/vec4 v000001e1e62eec00_0;
    %parti/s 1, 5, 4;
    %flag_set/vec4 8;
    %jmp/0xz  T_24.12, 8;
    %load/vec4 v000001e1e62ed260_0;
    %parti/s 8, 40, 7;
    %ix/load 4, 40, 0;
    %ix/load 5, 0, 0;
    %flag_set/imm 4, 0;
    %assign/vec4/off/d v000001e1e62eda80_0, 4, 5;
T_24.12 ;
    %load/vec4 v000001e1e62eec00_0;
    %parti/s 1, 6, 4;
    %flag_set/vec4 8;
    %jmp/0xz  T_24.14, 8;
    %load/vec4 v000001e1e62ed260_0;
    %parti/s 8, 48, 7;
    %ix/load 4, 48, 0;
    %ix/load 5, 0, 0;
    %flag_set/imm 4, 0;
    %assign/vec4/off/d v000001e1e62eda80_0, 4, 5;
T_24.14 ;
    %load/vec4 v000001e1e62eec00_0;
    %parti/s 1, 7, 4;
    %flag_set/vec4 8;
    %jmp/0xz  T_24.16, 8;
    %load/vec4 v000001e1e62ed260_0;
    %parti/s 8, 56, 7;
    %ix/load 4, 56, 0;
    %ix/load 5, 0, 0;
    %flag_set/imm 4, 0;
    %assign/vec4/off/d v000001e1e62eda80_0, 4, 5;
T_24.16 ;
T_24.1 ;
    %jmp T_24;
    .thread T_24;
    .scope S_000001e1e622d110;
T_25 ;
    %pushi/vec4 0, 0, 32;
    %store/vec4 v000001e1e62ed440_0, 0, 32;
T_25.0 ;
    %load/vec4 v000001e1e62ed440_0;
    %cmpi/s 1024, 0, 32;
    %jmp/0xz T_25.1, 5;
    %pushi/vec4 0, 0, 8;
    %ix/getv/s 4, v000001e1e62ed440_0;
    %store/vec4a v000001e1e62edda0, 4, 0;
    %load/vec4 v000001e1e62ed440_0;
    %addi 1, 0, 32;
    %store/vec4 v000001e1e62ed440_0, 0, 32;
    %jmp T_25.0;
T_25.1 ;
    %end;
    .thread T_25;
    .scope S_000001e1e622d110;
T_26 ;
    %wait E_000001e1e6289ee0;
    %load/vec4 v000001e1e62ee8e0_0;
    %flag_set/vec4 8;
    %jmp/0xz  T_26.0, 8;
    %load/vec4 v000001e1e62edee0_0;
    %parti/s 8, 0, 2;
    %ix/getv 3, v000001e1e62ed940_0;
    %ix/load 4, 0, 0; Constant delay
    %assign/vec4/a/d v000001e1e62edda0, 0, 4;
    %load/vec4 v000001e1e62edee0_0;
    %parti/s 8, 8, 5;
    %load/vec4 v000001e1e62ed940_0;
    %pad/u 33;
    %addi 1, 0, 33;
    %ix/vec4 3;
    %ix/load 4, 0, 0; Constant delay
    %assign/vec4/a/d v000001e1e62edda0, 0, 4;
    %load/vec4 v000001e1e62edee0_0;
    %parti/s 8, 16, 6;
    %load/vec4 v000001e1e62ed940_0;
    %pad/u 33;
    %addi 2, 0, 33;
    %ix/vec4 3;
    %ix/load 4, 0, 0; Constant delay
    %assign/vec4/a/d v000001e1e62edda0, 0, 4;
    %load/vec4 v000001e1e62edee0_0;
    %parti/s 8, 24, 6;
    %load/vec4 v000001e1e62ed940_0;
    %pad/u 33;
    %addi 3, 0, 33;
    %ix/vec4 3;
    %ix/load 4, 0, 0; Constant delay
    %assign/vec4/a/d v000001e1e62edda0, 0, 4;
    %load/vec4 v000001e1e62edee0_0;
    %parti/s 8, 32, 7;
    %load/vec4 v000001e1e62ed940_0;
    %pad/u 33;
    %addi 4, 0, 33;
    %ix/vec4 3;
    %ix/load 4, 0, 0; Constant delay
    %assign/vec4/a/d v000001e1e62edda0, 0, 4;
    %load/vec4 v000001e1e62edee0_0;
    %parti/s 8, 40, 7;
    %load/vec4 v000001e1e62ed940_0;
    %pad/u 33;
    %addi 5, 0, 33;
    %ix/vec4 3;
    %ix/load 4, 0, 0; Constant delay
    %assign/vec4/a/d v000001e1e62edda0, 0, 4;
    %load/vec4 v000001e1e62edee0_0;
    %parti/s 8, 48, 7;
    %load/vec4 v000001e1e62ed940_0;
    %pad/u 33;
    %addi 6, 0, 33;
    %ix/vec4 3;
    %ix/load 4, 0, 0; Constant delay
    %assign/vec4/a/d v000001e1e62edda0, 0, 4;
    %load/vec4 v000001e1e62edee0_0;
    %parti/s 8, 56, 7;
    %load/vec4 v000001e1e62ed940_0;
    %pad/u 33;
    %addi 7, 0, 33;
    %ix/vec4 3;
    %ix/load 4, 0, 0; Constant delay
    %assign/vec4/a/d v000001e1e62edda0, 0, 4;
T_26.0 ;
    %jmp T_26;
    .thread T_26;
    .scope S_000001e1e622d110;
T_27 ;
    %wait E_000001e1e6289ee0;
    %pushi/vec4 0, 0, 64;
    %assign/vec4 v000001e1e62ed9e0_0, 0;
    %load/vec4 v000001e1e62edb20_0;
    %flag_set/vec4 8;
    %jmp/0xz  T_27.0, 8;
    %ix/getv 4, v000001e1e62ee840_0;
    %load/vec4a v000001e1e62edda0, 4;
    %ix/load 4, 0, 0;
    %ix/load 5, 0, 0;
    %flag_set/imm 4, 0;
    %assign/vec4/off/d v000001e1e62ed9e0_0, 4, 5;
    %load/vec4 v000001e1e62ee840_0;
    %pad/u 33;
    %addi 1, 0, 33;
    %ix/vec4 4;
    %load/vec4a v000001e1e62edda0, 4;
    %ix/load 4, 8, 0;
    %ix/load 5, 0, 0;
    %flag_set/imm 4, 0;
    %assign/vec4/off/d v000001e1e62ed9e0_0, 4, 5;
    %load/vec4 v000001e1e62ee840_0;
    %pad/u 33;
    %addi 2, 0, 33;
    %ix/vec4 4;
    %load/vec4a v000001e1e62edda0, 4;
    %ix/load 4, 16, 0;
    %ix/load 5, 0, 0;
    %flag_set/imm 4, 0;
    %assign/vec4/off/d v000001e1e62ed9e0_0, 4, 5;
    %load/vec4 v000001e1e62ee840_0;
    %pad/u 33;
    %addi 3, 0, 33;
    %ix/vec4 4;
    %load/vec4a v000001e1e62edda0, 4;
    %ix/load 4, 24, 0;
    %ix/load 5, 0, 0;
    %flag_set/imm 4, 0;
    %assign/vec4/off/d v000001e1e62ed9e0_0, 4, 5;
    %load/vec4 v000001e1e62ee840_0;
    %pad/u 33;
    %addi 4, 0, 33;
    %ix/vec4 4;
    %load/vec4a v000001e1e62edda0, 4;
    %ix/load 4, 32, 0;
    %ix/load 5, 0, 0;
    %flag_set/imm 4, 0;
    %assign/vec4/off/d v000001e1e62ed9e0_0, 4, 5;
    %load/vec4 v000001e1e62ee840_0;
    %pad/u 33;
    %addi 5, 0, 33;
    %ix/vec4 4;
    %load/vec4a v000001e1e62edda0, 4;
    %ix/load 4, 40, 0;
    %ix/load 5, 0, 0;
    %flag_set/imm 4, 0;
    %assign/vec4/off/d v000001e1e62ed9e0_0, 4, 5;
    %load/vec4 v000001e1e62ee840_0;
    %pad/u 33;
    %addi 6, 0, 33;
    %ix/vec4 4;
    %load/vec4a v000001e1e62edda0, 4;
    %ix/load 4, 48, 0;
    %ix/load 5, 0, 0;
    %flag_set/imm 4, 0;
    %assign/vec4/off/d v000001e1e62ed9e0_0, 4, 5;
    %load/vec4 v000001e1e62ee840_0;
    %pad/u 33;
    %addi 7, 0, 33;
    %ix/vec4 4;
    %load/vec4a v000001e1e62edda0, 4;
    %ix/load 4, 56, 0;
    %ix/load 5, 0, 0;
    %flag_set/imm 4, 0;
    %assign/vec4/off/d v000001e1e62ed9e0_0, 4, 5;
T_27.0 ;
    %jmp T_27;
    .thread T_27;
# The file index is used to find the file name in the following table.
:file_names 10;
    "N/A";
    "<interactive>";
    "AXI_RAM.v";
    "./BRESP.v";
    "./DECODE_ADDR.v";
    "./FIFO.v";
    "./FSM_MASTER_READ.v";
    "./FSM_MASTER_WRITE.v";
    "./LANE_EN_WRITE.v";
    "./RAM.v";
