#! /c/Source/iverilog-install/bin/vvp
:ivl_version "12.0 (devel)" "(s20150603-1110-g18392a46)";
:ivl_delay_selection "TYPICAL";
:vpi_time_precision + 0;
:vpi_module "D:\iverilog\iverilog\lib\ivl\system.vpi";
:vpi_module "D:\iverilog\iverilog\lib\ivl\vhdl_sys.vpi";
:vpi_module "D:\iverilog\iverilog\lib\ivl\vhdl_textio.vpi";
:vpi_module "D:\iverilog\iverilog\lib\ivl\v2005_math.vpi";
:vpi_module "D:\iverilog\iverilog\lib\ivl\va_math.vpi";
S_00000243f297aae0 .scope module, "TILELINK_RAMv1" "TILELINK_RAMv1" 2 6;
 .timescale 0 0;
    .port_info 0 /INPUT 1 "clk";
    .port_info 1 /INPUT 1 "rst_n";
    .port_info 2 /OUTPUT 1 "s_a_ready";
    .port_info 3 /INPUT 1 "s_a_valid";
    .port_info 4 /INPUT 101 "i_data";
    .port_info 5 /OUTPUT 1 "m_d_valid";
    .port_info 6 /INPUT 1 "m_d_ready";
    .port_info 7 /OUTPUT 101 "o_data";
L_00000243f2991e00 .functor NOT 1, L_00000243f2a133c0, C4<0>, C4<0>, C4<0>;
L_00000243f2992030 .functor NOT 1, L_00000243f2a124c0, C4<0>, C4<0>, C4<0>;
L_00000243f29921f0 .functor NOT 1, L_00000243f2a136e0, C4<0>, C4<0>, C4<0>;
L_00000243f29926c0 .functor NOT 1, L_00000243f2a6e820, C4<0>, C4<0>, C4<0>;
o00000243f29b1d88 .functor BUFZ 1, C4<z>; HiZ drive
v00000243f2a0fec0_0 .net "clk", 0 0, o00000243f29b1d88;  0 drivers
o00000243f29b1de8 .functor BUFZ 101, C4<zzzzzzzzzzzzzzzzzzzzzzzzzzzzzzzzzzzzzzzzzzzzzzzzzzzzzzzzzzzzzzzzzzzzzzzzzzzzzzzzzzzzzzzzzzzzzzzzzzzzz>; HiZ drive
v00000243f2a10000_0 .net "i_data", 100 0, o00000243f29b1de8;  0 drivers
v00000243f2a10780_0 .net "i_full_FIFO_request", 0 0, L_00000243f2992030;  1 drivers
v00000243f2a10c80_0 .net "i_full_FIFO_requestv1", 0 0, L_00000243f2a124c0;  1 drivers
v00000243f2a103c0_0 .net "i_header_a_slave", 100 0, L_00000243f2992880;  1 drivers
v00000243f2a112c0_0 .net "i_pop_FIFO_request", 0 0, v00000243f2a10b40_0;  1 drivers
v00000243f2a11360_0 .net "i_read_address", 31 0, v00000243f2a0ff60_0;  1 drivers
v00000243f2a10140_0 .net "i_ren", 0 0, v00000243f2a108c0_0;  1 drivers
v00000243f2a11400_0 .net "m_a_ready", 0 0, v00000243f2a0da90_0;  1 drivers
v00000243f2a10320_0 .net "m_a_valid", 0 0, L_00000243f2a133c0;  1 drivers
v00000243f2a114a0_0 .net "m_a_validv1", 0 0, L_00000243f2991e00;  1 drivers
o00000243f29b24a8 .functor BUFZ 1, C4<z>; HiZ drive
v00000243f2a11540_0 .net "m_d_ready", 0 0, o00000243f29b24a8;  0 drivers
v00000243f2a115e0_0 .net "m_d_valid", 0 0, L_00000243f2a6e280;  1 drivers
v00000243f2a10460_0 .net "o_data", 100 0, L_00000243f2992260;  1 drivers
v00000243f2a11680_0 .net "o_data_FIFO_request", 36 0, L_00000243f2992110;  1 drivers
v00000243f2a117c0_0 .net "o_data_ram", 63 0, v00000243f2a11220_0;  1 drivers
v00000243f2a0f920_0 .net "o_empty_FIFO_request", 0 0, L_00000243f2a136e0;  1 drivers
v00000243f2a0f9c0_0 .net "o_empty_FIFO_requestv1", 0 0, L_00000243f29921f0;  1 drivers
v00000243f2a106e0_0 .net "o_header", 36 0, v00000243f2a11040_0;  1 drivers
v00000243f2a0fa60_0 .net "o_packet", 95 0, v00000243f2a0c230_0;  1 drivers
v00000243f2a0fb00_0 .net "o_push_request", 0 0, v00000243f2a0c370_0;  1 drivers
v00000243f2a0fc40_0 .net "o_read_request", 36 0, v00000243f2a0def0_0;  1 drivers
v00000243f2a0fce0_0 .net "o_wen", 0 0, v00000243f2a0df90_0;  1 drivers
o00000243f29b1f38 .functor BUFZ 1, C4<z>; HiZ drive
v00000243f2a0fe20_0 .net "rst_n", 0 0, o00000243f29b1f38;  0 drivers
v00000243f2a126a0_0 .net "s_a_ready", 0 0, L_00000243f2a12240;  1 drivers
o00000243f29b1e48 .functor BUFZ 1, C4<z>; HiZ drive
v00000243f2a12880_0 .net "s_a_valid", 0 0, o00000243f29b1e48;  0 drivers
v00000243f2a13140_0 .net "s_d_ready", 0 0, L_00000243f2a6e820;  1 drivers
v00000243f2a12ba0_0 .net "s_d_readyv1", 0 0, L_00000243f29926c0;  1 drivers
v00000243f2a13780_0 .net "s_d_valid", 0 0, v00000243f2a10d20_0;  1 drivers
L_00000243f2a6e460 .part v00000243f2a0c230_0, 64, 32;
L_00000243f2a6e5a0 .part v00000243f2a0c230_0, 0, 64;
L_00000243f2a6f2c0 .concat [ 64 37 0 0], v00000243f2a11220_0, v00000243f2a11040_0;
S_00000243f297ac70 .scope module, "FIFO_inst0" "FIFO" 2 21, 3 1 0, S_00000243f297aae0;
 .timescale 0 0;
    .port_info 0 /INPUT 1 "clk";
    .port_info 1 /INPUT 1 "rst_n";
    .port_info 2 /INPUT 1 "i_push";
    .port_info 3 /INPUT 1 "i_pop";
    .port_info 4 /INPUT 101 "i_data";
    .port_info 5 /OUTPUT 1 "o_empty";
    .port_info 6 /OUTPUT 1 "o_full";
    .port_info 7 /OUTPUT 101 "o_data";
P_00000243f29a8440 .param/l "d_width" 0 3 2, +C4<00000000000000000000000001100101>;
L_00000243f2992880 .functor BUFZ 101, L_00000243f2a12380, C4<00000000000000000000000000000000000000000000000000000000000000000000000000000000000000000000000000000>, C4<00000000000000000000000000000000000000000000000000000000000000000000000000000000000000000000000000000>, C4<00000000000000000000000000000000000000000000000000000000000000000000000000000000000000000000000000000>;
v00000243f299d9c0_0 .net *"_ivl_0", 100 0, L_00000243f2a12380;  1 drivers
L_00000243f2a13ad0 .functor BUFT 1, C4<0000000000000000000000000000>, C4<0>, C4<0>, C4<0>;
v00000243f299dce0_0 .net *"_ivl_11", 27 0, L_00000243f2a13ad0;  1 drivers
L_00000243f2a13b18 .functor BUFT 1, C4<00000000000000000000000000000001>, C4<0>, C4<0>, C4<0>;
v00000243f299d100_0 .net/2u *"_ivl_12", 31 0, L_00000243f2a13b18;  1 drivers
v00000243f299d880_0 .net *"_ivl_14", 31 0, L_00000243f2a13000;  1 drivers
v00000243f299e5a0_0 .net *"_ivl_16", 31 0, L_00000243f2a11ca0;  1 drivers
L_00000243f2a13b60 .functor BUFT 1, C4<0000000000000000000000000000>, C4<0>, C4<0>, C4<0>;
v00000243f299cde0_0 .net *"_ivl_19", 27 0, L_00000243f2a13b60;  1 drivers
v00000243f299d2e0_0 .net *"_ivl_2", 5 0, L_00000243f2a12f60;  1 drivers
v00000243f299d920_0 .net *"_ivl_20", 0 0, L_00000243f2a12560;  1 drivers
L_00000243f2a13ba8 .functor BUFT 1, C4<01>, C4<0>, C4<0>, C4<0>;
v00000243f299d420_0 .net/2s *"_ivl_22", 1 0, L_00000243f2a13ba8;  1 drivers
L_00000243f2a13bf0 .functor BUFT 1, C4<00>, C4<0>, C4<0>, C4<0>;
v00000243f299e3c0_0 .net/2s *"_ivl_24", 1 0, L_00000243f2a13bf0;  1 drivers
v00000243f299e640_0 .net *"_ivl_26", 1 0, L_00000243f2a121a0;  1 drivers
v00000243f299ce80_0 .net *"_ivl_30", 0 0, L_00000243f2a129c0;  1 drivers
L_00000243f2a13c38 .functor BUFT 1, C4<01>, C4<0>, C4<0>, C4<0>;
v00000243f299d6a0_0 .net/2s *"_ivl_32", 1 0, L_00000243f2a13c38;  1 drivers
L_00000243f2a13c80 .functor BUFT 1, C4<00>, C4<0>, C4<0>, C4<0>;
v00000243f299cc00_0 .net/2s *"_ivl_34", 1 0, L_00000243f2a13c80;  1 drivers
v00000243f299da60_0 .net *"_ivl_36", 1 0, L_00000243f2a11e80;  1 drivers
L_00000243f2a13a88 .functor BUFT 1, C4<00>, C4<0>, C4<0>, C4<0>;
v00000243f299e960_0 .net *"_ivl_5", 1 0, L_00000243f2a13a88;  1 drivers
v00000243f299cb60_0 .net *"_ivl_8", 31 0, L_00000243f2a12740;  1 drivers
v00000243f299db00_0 .net "clk", 0 0, o00000243f29b1d88;  alias, 0 drivers
v00000243f299dba0_0 .var/i "i", 31 0;
v00000243f299dd80_0 .net "i_data", 100 0, o00000243f29b1de8;  alias, 0 drivers
v00000243f299cf20_0 .net "i_pop", 0 0, v00000243f2a0da90_0;  alias, 1 drivers
v00000243f299dec0_0 .net "i_push", 0 0, o00000243f29b1e48;  alias, 0 drivers
v00000243f299e140 .array "mem_data", 15 0, 100 0;
v00000243f299de20_0 .net "o_data", 100 0, L_00000243f2992880;  alias, 1 drivers
v00000243f299e780_0 .net "o_empty", 0 0, L_00000243f2a133c0;  alias, 1 drivers
v00000243f299e8c0_0 .net "o_full", 0 0, L_00000243f2a12240;  alias, 1 drivers
v00000243f299e0a0_0 .var "r_ptr", 3 0;
v00000243f299cfc0_0 .net "rst_n", 0 0, o00000243f29b1f38;  alias, 0 drivers
v00000243f298f670_0 .var "w_ptr", 3 0;
E_00000243f29a8580/0 .event negedge, v00000243f299cfc0_0;
E_00000243f29a8580/1 .event posedge, v00000243f299db00_0;
E_00000243f29a8580 .event/or E_00000243f29a8580/0, E_00000243f29a8580/1;
L_00000243f2a12380 .array/port v00000243f299e140, L_00000243f2a12f60;
L_00000243f2a12f60 .concat [ 4 2 0 0], v00000243f299e0a0_0, L_00000243f2a13a88;
L_00000243f2a12740 .concat [ 4 28 0 0], v00000243f298f670_0, L_00000243f2a13ad0;
L_00000243f2a13000 .arith/sum 32, L_00000243f2a12740, L_00000243f2a13b18;
L_00000243f2a11ca0 .concat [ 4 28 0 0], v00000243f299e0a0_0, L_00000243f2a13b60;
L_00000243f2a12560 .cmp/eq 32, L_00000243f2a13000, L_00000243f2a11ca0;
L_00000243f2a121a0 .functor MUXZ 2, L_00000243f2a13bf0, L_00000243f2a13ba8, L_00000243f2a12560, C4<>;
L_00000243f2a12240 .part L_00000243f2a121a0, 0, 1;
L_00000243f2a129c0 .cmp/eq 4, v00000243f298f670_0, v00000243f299e0a0_0;
L_00000243f2a11e80 .functor MUXZ 2, L_00000243f2a13c80, L_00000243f2a13c38, L_00000243f2a129c0, C4<>;
L_00000243f2a133c0 .part L_00000243f2a11e80, 0, 1;
S_00000243f2969690 .scope module, "FIFO_inst1" "FIFO" 2 104, 3 1 0, S_00000243f297aae0;
 .timescale 0 0;
    .port_info 0 /INPUT 1 "clk";
    .port_info 1 /INPUT 1 "rst_n";
    .port_info 2 /INPUT 1 "i_push";
    .port_info 3 /INPUT 1 "i_pop";
    .port_info 4 /INPUT 101 "i_data";
    .port_info 5 /OUTPUT 1 "o_empty";
    .port_info 6 /OUTPUT 1 "o_full";
    .port_info 7 /OUTPUT 101 "o_data";
P_00000243f29a8b80 .param/l "d_width" 0 3 2, +C4<00000000000000000000000001100101>;
L_00000243f2992260 .functor BUFZ 101, L_00000243f2a6e1e0, C4<00000000000000000000000000000000000000000000000000000000000000000000000000000000000000000000000000000>, C4<00000000000000000000000000000000000000000000000000000000000000000000000000000000000000000000000000000>, C4<00000000000000000000000000000000000000000000000000000000000000000000000000000000000000000000000000000>;
v00000243f298e9f0_0 .net *"_ivl_0", 100 0, L_00000243f2a6e1e0;  1 drivers
L_00000243f2a142f8 .functor BUFT 1, C4<0000000000000000000000000000>, C4<0>, C4<0>, C4<0>;
v00000243f298dff0_0 .net *"_ivl_11", 27 0, L_00000243f2a142f8;  1 drivers
L_00000243f2a14340 .functor BUFT 1, C4<00000000000000000000000000000001>, C4<0>, C4<0>, C4<0>;
v00000243f298ea90_0 .net/2u *"_ivl_12", 31 0, L_00000243f2a14340;  1 drivers
v00000243f298ec70_0 .net *"_ivl_14", 31 0, L_00000243f2a6f400;  1 drivers
v00000243f298e590_0 .net *"_ivl_16", 31 0, L_00000243f2a6e000;  1 drivers
L_00000243f2a14388 .functor BUFT 1, C4<0000000000000000000000000000>, C4<0>, C4<0>, C4<0>;
v00000243f29fe000_0 .net *"_ivl_19", 27 0, L_00000243f2a14388;  1 drivers
v00000243f29fe500_0 .net *"_ivl_2", 5 0, L_00000243f2a6f900;  1 drivers
v00000243f29fe5a0_0 .net *"_ivl_20", 0 0, L_00000243f2a6f220;  1 drivers
L_00000243f2a143d0 .functor BUFT 1, C4<01>, C4<0>, C4<0>, C4<0>;
v00000243f29fe0a0_0 .net/2s *"_ivl_22", 1 0, L_00000243f2a143d0;  1 drivers
L_00000243f2a14418 .functor BUFT 1, C4<00>, C4<0>, C4<0>, C4<0>;
v00000243f29fd7e0_0 .net/2s *"_ivl_24", 1 0, L_00000243f2a14418;  1 drivers
v00000243f29fe140_0 .net *"_ivl_26", 1 0, L_00000243f2a6f4a0;  1 drivers
v00000243f29fe1e0_0 .net *"_ivl_30", 0 0, L_00000243f2a6e320;  1 drivers
L_00000243f2a14460 .functor BUFT 1, C4<01>, C4<0>, C4<0>, C4<0>;
v00000243f29fe280_0 .net/2s *"_ivl_32", 1 0, L_00000243f2a14460;  1 drivers
L_00000243f2a144a8 .functor BUFT 1, C4<00>, C4<0>, C4<0>, C4<0>;
v00000243f29fe780_0 .net/2s *"_ivl_34", 1 0, L_00000243f2a144a8;  1 drivers
v00000243f29fd880_0 .net *"_ivl_36", 1 0, L_00000243f2a6f5e0;  1 drivers
L_00000243f2a142b0 .functor BUFT 1, C4<00>, C4<0>, C4<0>, C4<0>;
v00000243f29fe960_0 .net *"_ivl_5", 1 0, L_00000243f2a142b0;  1 drivers
v00000243f29fea00_0 .net *"_ivl_8", 31 0, L_00000243f2a6ebe0;  1 drivers
v00000243f29fe640_0 .net "clk", 0 0, o00000243f29b1d88;  alias, 0 drivers
v00000243f29fd600_0 .var/i "i", 31 0;
v00000243f29fd420_0 .net "i_data", 100 0, L_00000243f2a6f2c0;  1 drivers
v00000243f29fdb00_0 .net "i_pop", 0 0, o00000243f29b24a8;  alias, 0 drivers
v00000243f29fd240_0 .net "i_push", 0 0, v00000243f2a10d20_0;  alias, 1 drivers
v00000243f29fe6e0 .array "mem_data", 15 0, 100 0;
v00000243f29fcb60_0 .net "o_data", 100 0, L_00000243f2992260;  alias, 1 drivers
v00000243f29fd740_0 .net "o_empty", 0 0, L_00000243f2a6e280;  alias, 1 drivers
v00000243f29fdba0_0 .net "o_full", 0 0, L_00000243f2a6e820;  alias, 1 drivers
v00000243f29fcc00_0 .var "r_ptr", 3 0;
v00000243f29fe320_0 .net "rst_n", 0 0, o00000243f29b1f38;  alias, 0 drivers
v00000243f29fdd80_0 .var "w_ptr", 3 0;
L_00000243f2a6e1e0 .array/port v00000243f29fe6e0, L_00000243f2a6f900;
L_00000243f2a6f900 .concat [ 4 2 0 0], v00000243f29fcc00_0, L_00000243f2a142b0;
L_00000243f2a6ebe0 .concat [ 4 28 0 0], v00000243f29fdd80_0, L_00000243f2a142f8;
L_00000243f2a6f400 .arith/sum 32, L_00000243f2a6ebe0, L_00000243f2a14340;
L_00000243f2a6e000 .concat [ 4 28 0 0], v00000243f29fcc00_0, L_00000243f2a14388;
L_00000243f2a6f220 .cmp/eq 32, L_00000243f2a6f400, L_00000243f2a6e000;
L_00000243f2a6f4a0 .functor MUXZ 2, L_00000243f2a14418, L_00000243f2a143d0, L_00000243f2a6f220, C4<>;
L_00000243f2a6e820 .part L_00000243f2a6f4a0, 0, 1;
L_00000243f2a6e320 .cmp/eq 4, v00000243f29fdd80_0, v00000243f29fcc00_0;
L_00000243f2a6f5e0 .functor MUXZ 2, L_00000243f2a144a8, L_00000243f2a14460, L_00000243f2a6e320, C4<>;
L_00000243f2a6e280 .part L_00000243f2a6f5e0, 0, 1;
S_00000243f2969930 .scope module, "FIFO_inst2" "FIFO" 2 58, 3 1 0, S_00000243f297aae0;
 .timescale 0 0;
    .port_info 0 /INPUT 1 "clk";
    .port_info 1 /INPUT 1 "rst_n";
    .port_info 2 /INPUT 1 "i_push";
    .port_info 3 /INPUT 1 "i_pop";
    .port_info 4 /INPUT 37 "i_data";
    .port_info 5 /OUTPUT 1 "o_empty";
    .port_info 6 /OUTPUT 1 "o_full";
    .port_info 7 /OUTPUT 37 "o_data";
P_00000243f29a8640 .param/l "d_width" 0 3 2, +C4<00000000000000000000000000100101>;
L_00000243f2992110 .functor BUFZ 37, L_00000243f2a12ce0, C4<0000000000000000000000000000000000000>, C4<0000000000000000000000000000000000000>, C4<0000000000000000000000000000000000000>;
v00000243f29fe3c0_0 .net *"_ivl_0", 36 0, L_00000243f2a12ce0;  1 drivers
L_00000243f2a13ec0 .functor BUFT 1, C4<0000000000000000000000000000>, C4<0>, C4<0>, C4<0>;
v00000243f29fd100_0 .net *"_ivl_11", 27 0, L_00000243f2a13ec0;  1 drivers
L_00000243f2a13f08 .functor BUFT 1, C4<00000000000000000000000000000001>, C4<0>, C4<0>, C4<0>;
v00000243f29fe820_0 .net/2u *"_ivl_12", 31 0, L_00000243f2a13f08;  1 drivers
v00000243f29fde20_0 .net *"_ivl_14", 31 0, L_00000243f2a11f20;  1 drivers
v00000243f29fd9c0_0 .net *"_ivl_16", 31 0, L_00000243f2a13820;  1 drivers
L_00000243f2a13f50 .functor BUFT 1, C4<0000000000000000000000000000>, C4<0>, C4<0>, C4<0>;
v00000243f29fe8c0_0 .net *"_ivl_19", 27 0, L_00000243f2a13f50;  1 drivers
v00000243f29fdc40_0 .net *"_ivl_2", 5 0, L_00000243f2a12420;  1 drivers
v00000243f29fcca0_0 .net *"_ivl_20", 0 0, L_00000243f2a12600;  1 drivers
L_00000243f2a13f98 .functor BUFT 1, C4<01>, C4<0>, C4<0>, C4<0>;
v00000243f29fd6a0_0 .net/2s *"_ivl_22", 1 0, L_00000243f2a13f98;  1 drivers
L_00000243f2a13fe0 .functor BUFT 1, C4<00>, C4<0>, C4<0>, C4<0>;
v00000243f29fd4c0_0 .net/2s *"_ivl_24", 1 0, L_00000243f2a13fe0;  1 drivers
v00000243f29fdec0_0 .net *"_ivl_26", 1 0, L_00000243f2a12d80;  1 drivers
v00000243f29fd2e0_0 .net *"_ivl_30", 0 0, L_00000243f2a12920;  1 drivers
L_00000243f2a14028 .functor BUFT 1, C4<01>, C4<0>, C4<0>, C4<0>;
v00000243f29fcd40_0 .net/2s *"_ivl_32", 1 0, L_00000243f2a14028;  1 drivers
L_00000243f2a14070 .functor BUFT 1, C4<00>, C4<0>, C4<0>, C4<0>;
v00000243f29fe460_0 .net/2s *"_ivl_34", 1 0, L_00000243f2a14070;  1 drivers
v00000243f29fdce0_0 .net *"_ivl_36", 1 0, L_00000243f2a12e20;  1 drivers
L_00000243f2a13e78 .functor BUFT 1, C4<00>, C4<0>, C4<0>, C4<0>;
v00000243f29fcde0_0 .net *"_ivl_5", 1 0, L_00000243f2a13e78;  1 drivers
v00000243f29fd920_0 .net *"_ivl_8", 31 0, L_00000243f2a11fc0;  1 drivers
v00000243f29fd560_0 .net "clk", 0 0, o00000243f29b1d88;  alias, 0 drivers
v00000243f29fda60_0 .var/i "i", 31 0;
v00000243f29fce80_0 .net "i_data", 36 0, v00000243f2a0def0_0;  alias, 1 drivers
v00000243f29fcf20_0 .net "i_pop", 0 0, v00000243f2a10b40_0;  alias, 1 drivers
v00000243f29fcfc0_0 .net "i_push", 0 0, v00000243f2a0c370_0;  alias, 1 drivers
v00000243f29fd060 .array "mem_data", 15 0, 36 0;
v00000243f29fdf60_0 .net "o_data", 36 0, L_00000243f2992110;  alias, 1 drivers
v00000243f29fd1a0_0 .net "o_empty", 0 0, L_00000243f2a136e0;  alias, 1 drivers
v00000243f29fd380_0 .net "o_full", 0 0, L_00000243f2a124c0;  alias, 1 drivers
v00000243f2a0c4b0_0 .var "r_ptr", 3 0;
v00000243f2a0c410_0 .net "rst_n", 0 0, o00000243f29b1f38;  alias, 0 drivers
v00000243f2a0d4f0_0 .var "w_ptr", 3 0;
L_00000243f2a12ce0 .array/port v00000243f29fd060, L_00000243f2a12420;
L_00000243f2a12420 .concat [ 4 2 0 0], v00000243f2a0c4b0_0, L_00000243f2a13e78;
L_00000243f2a11fc0 .concat [ 4 28 0 0], v00000243f2a0d4f0_0, L_00000243f2a13ec0;
L_00000243f2a11f20 .arith/sum 32, L_00000243f2a11fc0, L_00000243f2a13f08;
L_00000243f2a13820 .concat [ 4 28 0 0], v00000243f2a0c4b0_0, L_00000243f2a13f50;
L_00000243f2a12600 .cmp/eq 32, L_00000243f2a11f20, L_00000243f2a13820;
L_00000243f2a12d80 .functor MUXZ 2, L_00000243f2a13fe0, L_00000243f2a13f98, L_00000243f2a12600, C4<>;
L_00000243f2a124c0 .part L_00000243f2a12d80, 0, 1;
L_00000243f2a12920 .cmp/eq 4, v00000243f2a0d4f0_0, v00000243f2a0c4b0_0;
L_00000243f2a12e20 .functor MUXZ 2, L_00000243f2a14070, L_00000243f2a14028, L_00000243f2a12920, C4<>;
L_00000243f2a136e0 .part L_00000243f2a12e20, 0, 1;
S_00000243f29fec30 .scope module, "FSM_a_slavev1_inst" "FSM_a_slavev1" 2 38, 4 1 0, S_00000243f297aae0;
 .timescale 0 0;
    .port_info 0 /INPUT 1 "clk";
    .port_info 1 /INPUT 1 "rst_n";
    .port_info 2 /INPUT 1 "m_a_valid";
    .port_info 3 /OUTPUT 1 "m_a_ready";
    .port_info 4 /INPUT 101 "i_header";
    .port_info 5 /OUTPUT 1 "o_wen";
    .port_info 6 /OUTPUT 96 "o_packet";
    .port_info 7 /OUTPUT 37 "o_read_request";
    .port_info 8 /OUTPUT 1 "o_push_request";
    .port_info 9 /INPUT 1 "i_full_FIFO_request";
P_00000243f29a7c00 .param/l "band_width" 0 4 2, C4<011>;
L_00000243f2a13cc8 .functor BUFT 1, C4<0>, C4<0>, C4<0>, C4<0>;
v00000243f2a0d590_0 .net/2u *"_ivl_10", 0 0, L_00000243f2a13cc8;  1 drivers
v00000243f2a0d1d0_0 .net *"_ivl_12", 3 0, L_00000243f2a127e0;  1 drivers
L_00000243f2a13d10 .functor BUFT 1, C4<0011>, C4<0>, C4<0>, C4<0>;
v00000243f2a0d630_0 .net/2u *"_ivl_14", 3 0, L_00000243f2a13d10;  1 drivers
v00000243f2a0cd70_0 .net *"_ivl_18", 31 0, L_00000243f2a13280;  1 drivers
L_00000243f2a13d58 .functor BUFT 1, C4<0000000000000000000000000000>, C4<0>, C4<0>, C4<0>;
v00000243f2a0d6d0_0 .net *"_ivl_21", 27 0, L_00000243f2a13d58;  1 drivers
L_00000243f2a13da0 .functor BUFT 1, C4<00000000000000000000000000000000>, C4<0>, C4<0>, C4<0>;
v00000243f2a0c7d0_0 .net/2u *"_ivl_22", 31 0, L_00000243f2a13da0;  1 drivers
v00000243f2a0c550_0 .net *"_ivl_24", 0 0, L_00000243f2a13460;  1 drivers
L_00000243f2a13de8 .functor BUFT 1, C4<0001>, C4<0>, C4<0>, C4<0>;
v00000243f2a0d770_0 .net/2u *"_ivl_26", 3 0, L_00000243f2a13de8;  1 drivers
v00000243f2a0d8b0_0 .net *"_ivl_28", 3 0, L_00000243f2a13500;  1 drivers
L_00000243f2a13e30 .functor BUFT 1, C4<0001>, C4<0>, C4<0>, C4<0>;
v00000243f2a0caf0_0 .net/2u *"_ivl_30", 3 0, L_00000243f2a13e30;  1 drivers
v00000243f2a0c190_0 .net "address", 26 0, L_00000243f2a12b00;  1 drivers
v00000243f2a0cb90_0 .net "beat", 3 0, L_00000243f2a12a60;  1 drivers
v00000243f2a0c9b0_0 .net "clk", 0 0, o00000243f29b1d88;  alias, 0 drivers
v00000243f2a0c0f0_0 .var "cnt", 3 0;
v00000243f2a0d9f0_0 .net "cnt_push_burst", 3 0, L_00000243f2a12c40;  1 drivers
v00000243f2a0ddb0_0 .net "data", 63 0, L_00000243f2a13320;  1 drivers
v00000243f2a0c2d0_0 .net "i_full_FIFO_request", 0 0, L_00000243f2992030;  alias, 1 drivers
v00000243f2a0c870_0 .net "i_header", 100 0, L_00000243f2992880;  alias, 1 drivers
v00000243f2a0da90_0 .var "m_a_ready", 0 0;
v00000243f2a0ca50_0 .net "m_a_valid", 0 0, L_00000243f2991e00;  alias, 1 drivers
v00000243f2a0d310_0 .net "mark", 3 0, L_00000243f2a130a0;  1 drivers
v00000243f2a0c230_0 .var "o_packet", 95 0;
v00000243f2a0c370_0 .var "o_push_request", 0 0;
v00000243f2a0def0_0 .var "o_read_request", 36 0;
v00000243f2a0df90_0 .var "o_wen", 0 0;
v00000243f2a0c5f0_0 .var "offset", 5 0;
v00000243f2a0ce10_0 .net "opcode", 2 0, L_00000243f2a122e0;  1 drivers
v00000243f2a0cc30_0 .net "rst_n", 0 0, o00000243f29b1f38;  alias, 0 drivers
v00000243f2a0de50_0 .net "size", 2 0, L_00000243f2a131e0;  1 drivers
E_00000243f29a9740/0 .event anyedge, v00000243f2a0ca50_0, v00000243f2a0ce10_0, v00000243f2a0c190_0, v00000243f2a0c5f0_0;
E_00000243f29a9740/1 .event anyedge, v00000243f2a0ddb0_0;
E_00000243f29a9740 .event/or E_00000243f29a9740/0, E_00000243f29a9740/1;
E_00000243f29a8fc0 .event anyedge, v00000243f2a0ca50_0;
E_00000243f29a9140 .event anyedge, v00000243f2a0c0f0_0;
L_00000243f2a122e0 .part L_00000243f2992880, 98, 3;
L_00000243f2a131e0 .part L_00000243f2992880, 95, 3;
L_00000243f2a130a0 .part L_00000243f2992880, 91, 4;
L_00000243f2a12b00 .part L_00000243f2992880, 64, 27;
L_00000243f2a13320 .part L_00000243f2992880, 0, 64;
L_00000243f2a127e0 .concat [ 3 1 0 0], L_00000243f2a131e0, L_00000243f2a13cc8;
L_00000243f2a12a60 .arith/sub 4, L_00000243f2a127e0, L_00000243f2a13d10;
L_00000243f2a13280 .concat [ 4 28 0 0], L_00000243f2a12a60, L_00000243f2a13d58;
L_00000243f2a13460 .cmp/ge 32, L_00000243f2a13280, L_00000243f2a13da0;
L_00000243f2a13500 .shift/l 4, L_00000243f2a13de8, L_00000243f2a12a60;
L_00000243f2a12c40 .functor MUXZ 4, L_00000243f2a13e30, L_00000243f2a13500, L_00000243f2a13460, C4<>;
S_00000243f29fedc0 .scope module, "FSM_d_masterv1_inst" "FSM_d_masterv1" 2 72, 5 1 0, S_00000243f297aae0;
 .timescale 0 0;
    .port_info 0 /INPUT 1 "clk";
    .port_info 1 /INPUT 1 "rst_n";
    .port_info 2 /INPUT 1 "i_empty_FIFO_request";
    .port_info 3 /OUTPUT 1 "o_pop_FIFO_request";
    .port_info 4 /INPUT 37 "i_read_request";
    .port_info 5 /OUTPUT 1 "o_ren";
    .port_info 6 /OUTPUT 32 "o_read_address";
    .port_info 7 /INPUT 1 "s_d_ready";
    .port_info 8 /OUTPUT 1 "s_d_valid";
    .port_info 9 /OUTPUT 37 "o_header";
P_00000243f294d4a0 .param/l "IDLE" 1 5 18, +C4<00000000000000000000000000000000>;
P_00000243f294d4d8 .param/l "READ_BURST" 1 5 19, +C4<00000000000000000000000000000001>;
P_00000243f294d510 .param/l "band_width" 0 5 2, +C4<00000000000000000000000000000011>;
v00000243f2a0c690_0 .net *"_ivl_10", 3 0, L_00000243f2a13640;  1 drivers
v00000243f2a0c730_0 .net *"_ivl_12", 32 0, L_00000243f2a138c0;  1 drivers
L_00000243f2a14100 .functor BUFT 1, C4<00000000000000000000000000000>, C4<0>, C4<0>, C4<0>;
v00000243f2a0ccd0_0 .net *"_ivl_15", 28 0, L_00000243f2a14100;  1 drivers
L_00000243f2a14148 .functor BUFT 1, C4<000000000000000000000000000000011>, C4<0>, C4<0>, C4<0>;
v00000243f2a0c910_0 .net/2u *"_ivl_16", 32 0, L_00000243f2a14148;  1 drivers
v00000243f2a0d950_0 .net *"_ivl_18", 32 0, L_00000243f2a13960;  1 drivers
v00000243f2a0d810_0 .net *"_ivl_22", 31 0, L_00000243f2a11ac0;  1 drivers
L_00000243f2a14190 .functor BUFT 1, C4<0000000000000000000000000000>, C4<0>, C4<0>, C4<0>;
v00000243f2a0ceb0_0 .net *"_ivl_25", 27 0, L_00000243f2a14190;  1 drivers
L_00000243f2a141d8 .functor BUFT 1, C4<00000000000000000000000000000000>, C4<0>, C4<0>, C4<0>;
v00000243f2a0d270_0 .net/2u *"_ivl_26", 31 0, L_00000243f2a141d8;  1 drivers
v00000243f2a0cf50_0 .net *"_ivl_28", 0 0, L_00000243f2a11b60;  1 drivers
L_00000243f2a14220 .functor BUFT 1, C4<0001>, C4<0>, C4<0>, C4<0>;
v00000243f2a0cff0_0 .net/2s *"_ivl_30", 3 0, L_00000243f2a14220;  1 drivers
v00000243f2a0d090_0 .net *"_ivl_32", 3 0, L_00000243f2a11c00;  1 drivers
L_00000243f2a14268 .functor BUFT 1, C4<0001>, C4<0>, C4<0>, C4<0>;
v00000243f2a0d130_0 .net/2s *"_ivl_34", 3 0, L_00000243f2a14268;  1 drivers
L_00000243f2a140b8 .functor BUFT 1, C4<0>, C4<0>, C4<0>, C4<0>;
v00000243f2a0d3b0_0 .net/2u *"_ivl_8", 0 0, L_00000243f2a140b8;  1 drivers
v00000243f2a0db30_0 .net "address", 26 0, L_00000243f2a11d40;  1 drivers
v00000243f2a0d450_0 .net "beat", 3 0, L_00000243f2a12100;  1 drivers
v00000243f2a0dbd0_0 .net "clk", 0 0, o00000243f29b1d88;  alias, 0 drivers
v00000243f2a0dc70_0 .var "cnt", 3 0;
v00000243f2a0dd10_0 .net "cnt_read_burst", 3 0, L_00000243f2a11de0;  1 drivers
v00000243f2a10fa0_0 .net "i_empty_FIFO_request", 0 0, L_00000243f29921f0;  alias, 1 drivers
v00000243f2a0fd80_0 .net "i_read_request", 36 0, L_00000243f2992110;  alias, 1 drivers
v00000243f2a10500_0 .net "mark", 3 0, L_00000243f2a135a0;  1 drivers
v00000243f2a11720_0 .var "next_state", 0 0;
v00000243f2a11040_0 .var "o_header", 36 0;
v00000243f2a10b40_0 .var "o_pop_FIFO_request", 0 0;
v00000243f2a0ff60_0 .var "o_read_address", 31 0;
v00000243f2a108c0_0 .var "o_ren", 0 0;
v00000243f2a100a0_0 .var "offset", 5 0;
v00000243f2a101e0_0 .net "opcode", 2 0, L_00000243f2a12ec0;  1 drivers
v00000243f2a10aa0_0 .var "reg_read_request", 36 0;
v00000243f2a10640_0 .net "rst_n", 0 0, o00000243f29b1f38;  alias, 0 drivers
v00000243f2a10dc0_0 .net "s_d_ready", 0 0, L_00000243f29926c0;  alias, 1 drivers
v00000243f2a10d20_0 .var "s_d_valid", 0 0;
v00000243f2a10820_0 .net "size", 2 0, L_00000243f2a12060;  1 drivers
v00000243f2a10e60_0 .var "state", 0 0;
E_00000243f29a9680/0 .event anyedge, v00000243f2a10e60_0, v00000243f2a101e0_0, v00000243f2a0dc70_0, v00000243f2a0dd10_0;
E_00000243f29a9680/1 .event anyedge, v00000243f2a10dc0_0, v00000243f2a0db30_0, v00000243f2a100a0_0;
E_00000243f29a9680 .event/or E_00000243f29a9680/0, E_00000243f29a9680/1;
E_00000243f29a96c0 .event anyedge, v00000243f2a0dc70_0;
E_00000243f29a9000/0 .event anyedge, v00000243f2a10e60_0, v00000243f2a10fa0_0, v00000243f2a101e0_0, v00000243f2a0dc70_0;
E_00000243f29a9000/1 .event anyedge, v00000243f2a0dd10_0;
E_00000243f29a9000 .event/or E_00000243f29a9000/0, E_00000243f29a9000/1;
L_00000243f2a12ec0 .part v00000243f2a10aa0_0, 34, 3;
L_00000243f2a12060 .part v00000243f2a10aa0_0, 31, 3;
L_00000243f2a135a0 .part v00000243f2a10aa0_0, 27, 4;
L_00000243f2a11d40 .part v00000243f2a10aa0_0, 0, 27;
L_00000243f2a13640 .concat [ 3 1 0 0], L_00000243f2a12060, L_00000243f2a140b8;
L_00000243f2a138c0 .concat [ 4 29 0 0], L_00000243f2a13640, L_00000243f2a14100;
L_00000243f2a13960 .arith/sub 33, L_00000243f2a138c0, L_00000243f2a14148;
L_00000243f2a12100 .part L_00000243f2a13960, 0, 4;
L_00000243f2a11ac0 .concat [ 4 28 0 0], L_00000243f2a12100, L_00000243f2a14190;
L_00000243f2a11b60 .cmp/ge 32, L_00000243f2a11ac0, L_00000243f2a141d8;
L_00000243f2a11c00 .shift/l 4, L_00000243f2a14220, L_00000243f2a12100;
L_00000243f2a11de0 .functor MUXZ 4, L_00000243f2a14268, L_00000243f2a11c00, L_00000243f2a11b60, C4<>;
S_00000243f2a118e0 .scope module, "RAM_inst" "RAM" 2 89, 6 1 0, S_00000243f297aae0;
 .timescale 0 0;
    .port_info 0 /INPUT 1 "clk";
    .port_info 1 /INPUT 1 "rst_n";
    .port_info 2 /INPUT 1 "i_wen";
    .port_info 3 /INPUT 32 "i_write_address";
    .port_info 4 /INPUT 64 "i_data";
    .port_info 5 /INPUT 1 "i_ren";
    .port_info 6 /INPUT 32 "i_read_address";
    .port_info 7 /OUTPUT 64 "o_data";
v00000243f2a10be0_0 .net "clk", 0 0, o00000243f29b1d88;  alias, 0 drivers
v00000243f2a10960_0 .var/i "i", 31 0;
v00000243f2a10f00_0 .net "i_data", 63 0, L_00000243f2a6e5a0;  1 drivers
v00000243f2a110e0_0 .net "i_read_address", 31 0, v00000243f2a0ff60_0;  alias, 1 drivers
v00000243f2a11180_0 .net "i_ren", 0 0, v00000243f2a108c0_0;  alias, 1 drivers
v00000243f2a10a00_0 .net "i_wen", 0 0, v00000243f2a0df90_0;  alias, 1 drivers
v00000243f2a10280_0 .net "i_write_address", 31 0, L_00000243f2a6e460;  1 drivers
v00000243f2a0fba0 .array "mem_data", 1023 0, 7 0;
v00000243f2a11220_0 .var "o_data", 63 0;
v00000243f2a105a0_0 .net "rst_n", 0 0, o00000243f29b1f38;  alias, 0 drivers
E_00000243f29a9180 .event posedge, v00000243f299db00_0;
    .scope S_00000243f297ac70;
T_0 ;
    %wait E_00000243f29a8580;
    %load/vec4 v00000243f299cfc0_0;
    %nor/r;
    %flag_set/vec4 8;
    %jmp/0xz  T_0.0, 8;
    %pushi/vec4 0, 0, 32;
    %store/vec4 v00000243f299dba0_0, 0, 32;
T_0.2 ;
    %load/vec4 v00000243f299dba0_0;
    %cmpi/s 16, 0, 32;
    %jmp/0xz T_0.3, 5;
    %pushi/vec4 0, 0, 101;
    %ix/getv/s 3, v00000243f299dba0_0;
    %ix/load 4, 0, 0; Constant delay
    %assign/vec4/a/d v00000243f299e140, 0, 4;
    %load/vec4 v00000243f299dba0_0;
    %addi 1, 0, 32;
    %store/vec4 v00000243f299dba0_0, 0, 32;
    %jmp T_0.2;
T_0.3 ;
    %pushi/vec4 0, 0, 4;
    %assign/vec4 v00000243f298f670_0, 0;
    %pushi/vec4 0, 0, 4;
    %assign/vec4 v00000243f299e0a0_0, 0;
    %jmp T_0.1;
T_0.0 ;
    %load/vec4 v00000243f299dec0_0;
    %load/vec4 v00000243f299e8c0_0;
    %nor/r;
    %and;
    %flag_set/vec4 8;
    %jmp/0xz  T_0.4, 8;
    %load/vec4 v00000243f299dd80_0;
    %load/vec4 v00000243f298f670_0;
    %pad/u 6;
    %ix/vec4 3;
    %ix/load 4, 0, 0; Constant delay
    %assign/vec4/a/d v00000243f299e140, 0, 4;
    %load/vec4 v00000243f298f670_0;
    %addi 1, 0, 4;
    %assign/vec4 v00000243f298f670_0, 0;
T_0.4 ;
    %load/vec4 v00000243f299cf20_0;
    %load/vec4 v00000243f299e780_0;
    %nor/r;
    %and;
    %flag_set/vec4 8;
    %jmp/0xz  T_0.6, 8;
    %load/vec4 v00000243f299e0a0_0;
    %addi 1, 0, 4;
    %assign/vec4 v00000243f299e0a0_0, 0;
T_0.6 ;
T_0.1 ;
    %jmp T_0;
    .thread T_0;
    .scope S_00000243f29fec30;
T_1 ;
    %wait E_00000243f29a8580;
    %load/vec4 v00000243f2a0cc30_0;
    %nor/r;
    %flag_set/vec4 8;
    %jmp/0xz  T_1.0, 8;
    %pushi/vec4 1, 0, 4;
    %assign/vec4 v00000243f2a0c0f0_0, 0;
    %jmp T_1.1;
T_1.0 ;
    %load/vec4 v00000243f2a0ca50_0;
    %flag_set/vec4 8;
    %jmp/0xz  T_1.2, 8;
    %load/vec4 v00000243f2a0c0f0_0;
    %addi 1, 0, 4;
    %assign/vec4 v00000243f2a0c0f0_0, 0;
    %load/vec4 v00000243f2a0c0f0_0;
    %load/vec4 v00000243f2a0d9f0_0;
    %cmp/e;
    %jmp/0xz  T_1.4, 4;
    %pushi/vec4 0, 0, 4;
    %assign/vec4 v00000243f2a0c0f0_0, 0;
T_1.4 ;
T_1.2 ;
T_1.1 ;
    %jmp T_1;
    .thread T_1;
    .scope S_00000243f29fec30;
T_2 ;
    %wait E_00000243f29a9140;
    %load/vec4 v00000243f2a0c0f0_0;
    %pad/u 6;
    %subi 1, 0, 6;
    %ix/load 4, 3, 0;
    %flag_set/imm 4, 0;
    %shiftl 4;
    %store/vec4 v00000243f2a0c5f0_0, 0, 6;
    %jmp T_2;
    .thread T_2, $push;
    .scope S_00000243f29fec30;
T_3 ;
    %wait E_00000243f29a8fc0;
    %pushi/vec4 0, 0, 1;
    %store/vec4 v00000243f2a0da90_0, 0, 1;
    %load/vec4 v00000243f2a0ca50_0;
    %flag_set/vec4 8;
    %jmp/0xz  T_3.0, 8;
    %pushi/vec4 1, 0, 1;
    %store/vec4 v00000243f2a0da90_0, 0, 1;
T_3.0 ;
    %jmp T_3;
    .thread T_3, $push;
    .scope S_00000243f29fec30;
T_4 ;
    %wait E_00000243f29a9740;
    %pushi/vec4 0, 0, 1;
    %store/vec4 v00000243f2a0df90_0, 0, 1;
    %pushi/vec4 0, 0, 96;
    %store/vec4 v00000243f2a0c230_0, 0, 96;
    %load/vec4 v00000243f2a0ca50_0;
    %load/vec4 v00000243f2a0ce10_0;
    %pad/u 32;
    %pushi/vec4 0, 0, 32;
    %cmp/e;
    %flag_get/vec4 4;
    %and;
    %flag_set/vec4 8;
    %jmp/0xz  T_4.0, 8;
    %pushi/vec4 1, 0, 1;
    %store/vec4 v00000243f2a0df90_0, 0, 1;
    %load/vec4 v00000243f2a0c190_0;
    %load/vec4 v00000243f2a0c5f0_0;
    %concat/vec4; draw_concat_vec4
    %load/vec4 v00000243f2a0ddb0_0;
    %concat/vec4; draw_concat_vec4
    %pad/u 96;
    %store/vec4 v00000243f2a0c230_0, 0, 96;
T_4.0 ;
    %jmp T_4;
    .thread T_4, $push;
    .scope S_00000243f29fec30;
T_5 ;
    %wait E_00000243f29a8580;
    %load/vec4 v00000243f2a0cc30_0;
    %nor/r;
    %flag_set/vec4 8;
    %jmp/0xz  T_5.0, 8;
    %pushi/vec4 0, 0, 37;
    %assign/vec4 v00000243f2a0def0_0, 0;
    %pushi/vec4 0, 0, 1;
    %assign/vec4 v00000243f2a0c370_0, 0;
    %jmp T_5.1;
T_5.0 ;
    %load/vec4 v00000243f2a0ce10_0;
    %pad/u 32;
    %pushi/vec4 4, 0, 32;
    %cmp/e;
    %flag_get/vec4 4;
    %load/vec4 v00000243f2a0c2d0_0;
    %and;
    %flag_set/vec4 8;
    %jmp/0xz  T_5.2, 8;
    %pushi/vec4 1, 0, 3;
    %load/vec4 v00000243f2a0de50_0;
    %concat/vec4; draw_concat_vec4
    %load/vec4 v00000243f2a0d310_0;
    %concat/vec4; draw_concat_vec4
    %load/vec4 v00000243f2a0c190_0;
    %concat/vec4; draw_concat_vec4
    %assign/vec4 v00000243f2a0def0_0, 0;
    %pushi/vec4 1, 0, 1;
    %assign/vec4 v00000243f2a0c370_0, 0;
    %jmp T_5.3;
T_5.2 ;
    %load/vec4 v00000243f2a0ce10_0;
    %pad/u 32;
    %pushi/vec4 0, 0, 32;
    %cmp/e;
    %flag_get/vec4 4;
    %load/vec4 v00000243f2a0c0f0_0;
    %load/vec4 v00000243f2a0d9f0_0;
    %cmp/e;
    %flag_get/vec4 4;
    %and;
    %load/vec4 v00000243f2a0c0f0_0;
    %pad/u 32;
    %pushi/vec4 0, 0, 32;
    %cmp/ne;
    %flag_get/vec4 4;
    %and;
    %load/vec4 v00000243f2a0c2d0_0;
    %and;
    %flag_set/vec4 8;
    %jmp/0xz  T_5.4, 8;
    %pushi/vec4 0, 0, 3;
    %load/vec4 v00000243f2a0de50_0;
    %concat/vec4; draw_concat_vec4
    %load/vec4 v00000243f2a0d310_0;
    %concat/vec4; draw_concat_vec4
    %load/vec4 v00000243f2a0c190_0;
    %concat/vec4; draw_concat_vec4
    %assign/vec4 v00000243f2a0def0_0, 0;
    %pushi/vec4 1, 0, 1;
    %assign/vec4 v00000243f2a0c370_0, 0;
    %jmp T_5.5;
T_5.4 ;
    %pushi/vec4 0, 0, 37;
    %assign/vec4 v00000243f2a0def0_0, 0;
    %pushi/vec4 0, 0, 1;
    %assign/vec4 v00000243f2a0c370_0, 0;
T_5.5 ;
T_5.3 ;
T_5.1 ;
    %jmp T_5;
    .thread T_5;
    .scope S_00000243f2969930;
T_6 ;
    %wait E_00000243f29a8580;
    %load/vec4 v00000243f2a0c410_0;
    %nor/r;
    %flag_set/vec4 8;
    %jmp/0xz  T_6.0, 8;
    %pushi/vec4 0, 0, 32;
    %store/vec4 v00000243f29fda60_0, 0, 32;
T_6.2 ;
    %load/vec4 v00000243f29fda60_0;
    %cmpi/s 16, 0, 32;
    %jmp/0xz T_6.3, 5;
    %pushi/vec4 0, 0, 37;
    %ix/getv/s 3, v00000243f29fda60_0;
    %ix/load 4, 0, 0; Constant delay
    %assign/vec4/a/d v00000243f29fd060, 0, 4;
    %load/vec4 v00000243f29fda60_0;
    %addi 1, 0, 32;
    %store/vec4 v00000243f29fda60_0, 0, 32;
    %jmp T_6.2;
T_6.3 ;
    %pushi/vec4 0, 0, 4;
    %assign/vec4 v00000243f2a0d4f0_0, 0;
    %pushi/vec4 0, 0, 4;
    %assign/vec4 v00000243f2a0c4b0_0, 0;
    %jmp T_6.1;
T_6.0 ;
    %load/vec4 v00000243f29fcfc0_0;
    %load/vec4 v00000243f29fd380_0;
    %nor/r;
    %and;
    %flag_set/vec4 8;
    %jmp/0xz  T_6.4, 8;
    %load/vec4 v00000243f29fce80_0;
    %load/vec4 v00000243f2a0d4f0_0;
    %pad/u 6;
    %ix/vec4 3;
    %ix/load 4, 0, 0; Constant delay
    %assign/vec4/a/d v00000243f29fd060, 0, 4;
    %load/vec4 v00000243f2a0d4f0_0;
    %addi 1, 0, 4;
    %assign/vec4 v00000243f2a0d4f0_0, 0;
T_6.4 ;
    %load/vec4 v00000243f29fcf20_0;
    %load/vec4 v00000243f29fd1a0_0;
    %nor/r;
    %and;
    %flag_set/vec4 8;
    %jmp/0xz  T_6.6, 8;
    %load/vec4 v00000243f2a0c4b0_0;
    %addi 1, 0, 4;
    %assign/vec4 v00000243f2a0c4b0_0, 0;
T_6.6 ;
T_6.1 ;
    %jmp T_6;
    .thread T_6;
    .scope S_00000243f29fedc0;
T_7 ;
    %wait E_00000243f29a8580;
    %load/vec4 v00000243f2a10640_0;
    %nor/r;
    %flag_set/vec4 8;
    %jmp/0xz  T_7.0, 8;
    %pushi/vec4 0, 0, 37;
    %assign/vec4 v00000243f2a10aa0_0, 0;
    %pushi/vec4 0, 0, 1;
    %assign/vec4 v00000243f2a10b40_0, 0;
    %jmp T_7.1;
T_7.0 ;
    %load/vec4 v00000243f2a10fa0_0;
    %load/vec4 v00000243f2a10e60_0;
    %pad/u 32;
    %pushi/vec4 0, 0, 32;
    %cmp/e;
    %flag_get/vec4 4;
    %and;
    %flag_set/vec4 8;
    %jmp/0xz  T_7.2, 8;
    %load/vec4 v00000243f2a0fd80_0;
    %assign/vec4 v00000243f2a10aa0_0, 0;
    %pushi/vec4 1, 0, 1;
    %assign/vec4 v00000243f2a10b40_0, 0;
    %jmp T_7.3;
T_7.2 ;
    %pushi/vec4 0, 0, 1;
    %assign/vec4 v00000243f2a10b40_0, 0;
T_7.3 ;
T_7.1 ;
    %jmp T_7;
    .thread T_7;
    .scope S_00000243f29fedc0;
T_8 ;
    %wait E_00000243f29a9000;
    %load/vec4 v00000243f2a10e60_0;
    %dup/vec4;
    %pushi/vec4 0, 0, 1;
    %cmp/u;
    %jmp/1 T_8.0, 6;
    %dup/vec4;
    %pushi/vec4 1, 0, 1;
    %cmp/u;
    %jmp/1 T_8.1, 6;
    %jmp T_8.2;
T_8.0 ;
    %load/vec4 v00000243f2a10fa0_0;
    %flag_set/vec4 8;
    %jmp/0 T_8.3, 8;
    %pushi/vec4 1, 0, 32;
    %jmp/1 T_8.4, 8;
T_8.3 ; End of true expr.
    %pushi/vec4 0, 0, 32;
    %jmp/0 T_8.4, 8;
 ; End of false expr.
    %blend;
T_8.4;
    %pad/s 1;
    %store/vec4 v00000243f2a11720_0, 0, 1;
    %jmp T_8.2;
T_8.1 ;
    %load/vec4 v00000243f2a101e0_0;
    %pad/u 32;
    %cmpi/e 0, 0, 32;
    %flag_mov 8, 4;
    %load/vec4 v00000243f2a0dc70_0;
    %load/vec4 v00000243f2a0dd10_0;
    %cmp/e;
    %flag_or 4, 8;
    %flag_mov 8, 4;
    %jmp/0 T_8.5, 8;
    %pushi/vec4 0, 0, 32;
    %jmp/1 T_8.6, 8;
T_8.5 ; End of true expr.
    %pushi/vec4 1, 0, 32;
    %jmp/0 T_8.6, 8;
 ; End of false expr.
    %blend;
T_8.6;
    %pad/s 1;
    %store/vec4 v00000243f2a11720_0, 0, 1;
    %jmp T_8.2;
T_8.2 ;
    %pop/vec4 1;
    %jmp T_8;
    .thread T_8, $push;
    .scope S_00000243f29fedc0;
T_9 ;
    %wait E_00000243f29a8580;
    %load/vec4 v00000243f2a10640_0;
    %nor/r;
    %flag_set/vec4 8;
    %jmp/0xz  T_9.0, 8;
    %pushi/vec4 0, 0, 1;
    %assign/vec4 v00000243f2a10e60_0, 0;
    %jmp T_9.1;
T_9.0 ;
    %load/vec4 v00000243f2a11720_0;
    %assign/vec4 v00000243f2a10e60_0, 0;
T_9.1 ;
    %jmp T_9;
    .thread T_9;
    .scope S_00000243f29fedc0;
T_10 ;
    %wait E_00000243f29a8580;
    %load/vec4 v00000243f2a10640_0;
    %nor/r;
    %flag_set/vec4 8;
    %jmp/0xz  T_10.0, 8;
    %pushi/vec4 0, 0, 4;
    %assign/vec4 v00000243f2a0dc70_0, 0;
    %jmp T_10.1;
T_10.0 ;
    %load/vec4 v00000243f2a10e60_0;
    %pad/u 32;
    %pushi/vec4 1, 0, 32;
    %cmp/e;
    %flag_get/vec4 4;
    %load/vec4 v00000243f2a101e0_0;
    %pad/u 32;
    %pushi/vec4 1, 0, 32;
    %cmp/e;
    %flag_get/vec4 4;
    %and;
    %load/vec4 v00000243f2a10dc0_0;
    %and;
    %load/vec4 v00000243f2a0dc70_0;
    %load/vec4 v00000243f2a0dd10_0;
    %cmp/ne;
    %flag_get/vec4 4;
    %and;
    %flag_set/vec4 8;
    %jmp/0xz  T_10.2, 8;
    %load/vec4 v00000243f2a0dc70_0;
    %addi 1, 0, 4;
    %assign/vec4 v00000243f2a0dc70_0, 0;
    %jmp T_10.3;
T_10.2 ;
    %load/vec4 v00000243f2a0dc70_0;
    %load/vec4 v00000243f2a0dd10_0;
    %cmp/e;
    %flag_mov 8, 4;
    %load/vec4 v00000243f2a10e60_0;
    %pad/u 32;
    %cmpi/e 0, 0, 32;
    %flag_or 4, 8;
    %jmp/0xz  T_10.4, 4;
    %pushi/vec4 0, 0, 4;
    %assign/vec4 v00000243f2a0dc70_0, 0;
T_10.4 ;
T_10.3 ;
T_10.1 ;
    %jmp T_10;
    .thread T_10;
    .scope S_00000243f29fedc0;
T_11 ;
    %wait E_00000243f29a96c0;
    %load/vec4 v00000243f2a0dc70_0;
    %pad/u 6;
    %ix/load 4, 3, 0;
    %flag_set/imm 4, 0;
    %shiftl 4;
    %store/vec4 v00000243f2a100a0_0, 0, 6;
    %jmp T_11;
    .thread T_11, $push;
    .scope S_00000243f29fedc0;
T_12 ;
    %wait E_00000243f29a9680;
    %load/vec4 v00000243f2a10e60_0;
    %pad/u 32;
    %pushi/vec4 1, 0, 32;
    %cmp/e;
    %flag_get/vec4 4;
    %load/vec4 v00000243f2a101e0_0;
    %pad/u 32;
    %pushi/vec4 1, 0, 32;
    %cmp/e;
    %flag_get/vec4 4;
    %and;
    %load/vec4 v00000243f2a0dc70_0;
    %load/vec4 v00000243f2a0dd10_0;
    %cmp/ne;
    %flag_get/vec4 4;
    %and;
    %load/vec4 v00000243f2a10dc0_0;
    %and;
    %flag_set/vec4 8;
    %jmp/0xz  T_12.0, 8;
    %pushi/vec4 1, 0, 1;
    %assign/vec4 v00000243f2a108c0_0, 0;
    %load/vec4 v00000243f2a0db30_0;
    %load/vec4 v00000243f2a100a0_0;
    %concat/vec4; draw_concat_vec4
    %pad/u 32;
    %assign/vec4 v00000243f2a0ff60_0, 0;
    %jmp T_12.1;
T_12.0 ;
    %pushi/vec4 0, 0, 1;
    %assign/vec4 v00000243f2a108c0_0, 0;
    %pushi/vec4 0, 0, 32;
    %assign/vec4 v00000243f2a0ff60_0, 0;
T_12.1 ;
    %jmp T_12;
    .thread T_12, $push;
    .scope S_00000243f29fedc0;
T_13 ;
    %wait E_00000243f29a8580;
    %load/vec4 v00000243f2a10640_0;
    %nor/r;
    %flag_set/vec4 8;
    %jmp/0xz  T_13.0, 8;
    %pushi/vec4 0, 0, 1;
    %assign/vec4 v00000243f2a10d20_0, 0;
    %jmp T_13.1;
T_13.0 ;
    %load/vec4 v00000243f2a10e60_0;
    %pad/u 32;
    %pushi/vec4 1, 0, 32;
    %cmp/e;
    %flag_get/vec4 4;
    %load/vec4 v00000243f2a10dc0_0;
    %and;
    %load/vec4 v00000243f2a0dc70_0;
    %load/vec4 v00000243f2a0dd10_0;
    %cmp/ne;
    %flag_get/vec4 4;
    %and;
    %flag_set/vec4 8;
    %jmp/0xz  T_13.2, 8;
    %pushi/vec4 1, 0, 1;
    %assign/vec4 v00000243f2a10d20_0, 0;
    %jmp T_13.3;
T_13.2 ;
    %pushi/vec4 0, 0, 1;
    %assign/vec4 v00000243f2a10d20_0, 0;
T_13.3 ;
T_13.1 ;
    %jmp T_13;
    .thread T_13;
    .scope S_00000243f29fedc0;
T_14 ;
    %wait E_00000243f29a8580;
    %load/vec4 v00000243f2a10640_0;
    %nor/r;
    %flag_set/vec4 8;
    %jmp/0xz  T_14.0, 8;
    %pushi/vec4 0, 0, 37;
    %assign/vec4 v00000243f2a11040_0, 0;
    %jmp T_14.1;
T_14.0 ;
    %load/vec4 v00000243f2a101e0_0;
    %pad/u 32;
    %pushi/vec4 0, 0, 32;
    %cmp/e;
    %flag_get/vec4 4;
    %load/vec4 v00000243f2a101e0_0;
    %pad/u 32;
    %pushi/vec4 1, 0, 32;
    %cmp/e;
    %flag_get/vec4 4;
    %or;
    %load/vec4 v00000243f2a10dc0_0;
    %and;
    %flag_set/vec4 8;
    %jmp/0xz  T_14.2, 8;
    %load/vec4 v00000243f2a101e0_0;
    %load/vec4 v00000243f2a10820_0;
    %concat/vec4; draw_concat_vec4
    %load/vec4 v00000243f2a10500_0;
    %concat/vec4; draw_concat_vec4
    %load/vec4 v00000243f2a0db30_0;
    %concat/vec4; draw_concat_vec4
    %store/vec4 v00000243f2a11040_0, 0, 37;
T_14.2 ;
T_14.1 ;
    %jmp T_14;
    .thread T_14;
    .scope S_00000243f2a118e0;
T_15 ;
    %pushi/vec4 0, 0, 32;
    %store/vec4 v00000243f2a10960_0, 0, 32;
T_15.0 ;
    %load/vec4 v00000243f2a10960_0;
    %cmpi/s 1024, 0, 32;
    %jmp/0xz T_15.1, 5;
    %pushi/vec4 0, 0, 8;
    %ix/getv/s 4, v00000243f2a10960_0;
    %store/vec4a v00000243f2a0fba0, 4, 0;
    %load/vec4 v00000243f2a10960_0;
    %addi 1, 0, 32;
    %store/vec4 v00000243f2a10960_0, 0, 32;
    %jmp T_15.0;
T_15.1 ;
    %end;
    .thread T_15;
    .scope S_00000243f2a118e0;
T_16 ;
    %wait E_00000243f29a9180;
    %load/vec4 v00000243f2a10a00_0;
    %flag_set/vec4 8;
    %jmp/0xz  T_16.0, 8;
    %load/vec4 v00000243f2a10f00_0;
    %parti/s 8, 0, 2;
    %ix/getv 3, v00000243f2a10280_0;
    %ix/load 4, 0, 0; Constant delay
    %assign/vec4/a/d v00000243f2a0fba0, 0, 4;
    %load/vec4 v00000243f2a10f00_0;
    %parti/s 8, 8, 5;
    %load/vec4 v00000243f2a10280_0;
    %pad/u 33;
    %addi 1, 0, 33;
    %ix/vec4 3;
    %ix/load 4, 0, 0; Constant delay
    %assign/vec4/a/d v00000243f2a0fba0, 0, 4;
    %load/vec4 v00000243f2a10f00_0;
    %parti/s 8, 16, 6;
    %load/vec4 v00000243f2a10280_0;
    %pad/u 33;
    %addi 2, 0, 33;
    %ix/vec4 3;
    %ix/load 4, 0, 0; Constant delay
    %assign/vec4/a/d v00000243f2a0fba0, 0, 4;
    %load/vec4 v00000243f2a10f00_0;
    %parti/s 8, 24, 6;
    %load/vec4 v00000243f2a10280_0;
    %pad/u 33;
    %addi 3, 0, 33;
    %ix/vec4 3;
    %ix/load 4, 0, 0; Constant delay
    %assign/vec4/a/d v00000243f2a0fba0, 0, 4;
    %load/vec4 v00000243f2a10f00_0;
    %parti/s 8, 32, 7;
    %load/vec4 v00000243f2a10280_0;
    %pad/u 33;
    %addi 4, 0, 33;
    %ix/vec4 3;
    %ix/load 4, 0, 0; Constant delay
    %assign/vec4/a/d v00000243f2a0fba0, 0, 4;
    %load/vec4 v00000243f2a10f00_0;
    %parti/s 8, 40, 7;
    %load/vec4 v00000243f2a10280_0;
    %pad/u 33;
    %addi 5, 0, 33;
    %ix/vec4 3;
    %ix/load 4, 0, 0; Constant delay
    %assign/vec4/a/d v00000243f2a0fba0, 0, 4;
    %load/vec4 v00000243f2a10f00_0;
    %parti/s 8, 48, 7;
    %load/vec4 v00000243f2a10280_0;
    %pad/u 33;
    %addi 6, 0, 33;
    %ix/vec4 3;
    %ix/load 4, 0, 0; Constant delay
    %assign/vec4/a/d v00000243f2a0fba0, 0, 4;
    %load/vec4 v00000243f2a10f00_0;
    %parti/s 8, 56, 7;
    %load/vec4 v00000243f2a10280_0;
    %pad/u 33;
    %addi 7, 0, 33;
    %ix/vec4 3;
    %ix/load 4, 0, 0; Constant delay
    %assign/vec4/a/d v00000243f2a0fba0, 0, 4;
T_16.0 ;
    %jmp T_16;
    .thread T_16;
    .scope S_00000243f2a118e0;
T_17 ;
    %wait E_00000243f29a9180;
    %pushi/vec4 0, 0, 64;
    %assign/vec4 v00000243f2a11220_0, 0;
    %load/vec4 v00000243f2a11180_0;
    %flag_set/vec4 8;
    %jmp/0xz  T_17.0, 8;
    %ix/getv 4, v00000243f2a110e0_0;
    %load/vec4a v00000243f2a0fba0, 4;
    %ix/load 4, 0, 0;
    %ix/load 5, 0, 0;
    %flag_set/imm 4, 0;
    %assign/vec4/off/d v00000243f2a11220_0, 4, 5;
    %load/vec4 v00000243f2a110e0_0;
    %pad/u 33;
    %addi 1, 0, 33;
    %ix/vec4 4;
    %load/vec4a v00000243f2a0fba0, 4;
    %ix/load 4, 8, 0;
    %ix/load 5, 0, 0;
    %flag_set/imm 4, 0;
    %assign/vec4/off/d v00000243f2a11220_0, 4, 5;
    %load/vec4 v00000243f2a110e0_0;
    %pad/u 33;
    %addi 2, 0, 33;
    %ix/vec4 4;
    %load/vec4a v00000243f2a0fba0, 4;
    %ix/load 4, 16, 0;
    %ix/load 5, 0, 0;
    %flag_set/imm 4, 0;
    %assign/vec4/off/d v00000243f2a11220_0, 4, 5;
    %load/vec4 v00000243f2a110e0_0;
    %pad/u 33;
    %addi 3, 0, 33;
    %ix/vec4 4;
    %load/vec4a v00000243f2a0fba0, 4;
    %ix/load 4, 24, 0;
    %ix/load 5, 0, 0;
    %flag_set/imm 4, 0;
    %assign/vec4/off/d v00000243f2a11220_0, 4, 5;
    %load/vec4 v00000243f2a110e0_0;
    %pad/u 33;
    %addi 4, 0, 33;
    %ix/vec4 4;
    %load/vec4a v00000243f2a0fba0, 4;
    %ix/load 4, 32, 0;
    %ix/load 5, 0, 0;
    %flag_set/imm 4, 0;
    %assign/vec4/off/d v00000243f2a11220_0, 4, 5;
    %load/vec4 v00000243f2a110e0_0;
    %pad/u 33;
    %addi 5, 0, 33;
    %ix/vec4 4;
    %load/vec4a v00000243f2a0fba0, 4;
    %ix/load 4, 40, 0;
    %ix/load 5, 0, 0;
    %flag_set/imm 4, 0;
    %assign/vec4/off/d v00000243f2a11220_0, 4, 5;
    %load/vec4 v00000243f2a110e0_0;
    %pad/u 33;
    %addi 6, 0, 33;
    %ix/vec4 4;
    %load/vec4a v00000243f2a0fba0, 4;
    %ix/load 4, 48, 0;
    %ix/load 5, 0, 0;
    %flag_set/imm 4, 0;
    %assign/vec4/off/d v00000243f2a11220_0, 4, 5;
    %load/vec4 v00000243f2a110e0_0;
    %pad/u 33;
    %addi 7, 0, 33;
    %ix/vec4 4;
    %load/vec4a v00000243f2a0fba0, 4;
    %ix/load 4, 56, 0;
    %ix/load 5, 0, 0;
    %flag_set/imm 4, 0;
    %assign/vec4/off/d v00000243f2a11220_0, 4, 5;
T_17.0 ;
    %jmp T_17;
    .thread T_17;
    .scope S_00000243f2969690;
T_18 ;
    %wait E_00000243f29a8580;
    %load/vec4 v00000243f29fe320_0;
    %nor/r;
    %flag_set/vec4 8;
    %jmp/0xz  T_18.0, 8;
    %pushi/vec4 0, 0, 32;
    %store/vec4 v00000243f29fd600_0, 0, 32;
T_18.2 ;
    %load/vec4 v00000243f29fd600_0;
    %cmpi/s 16, 0, 32;
    %jmp/0xz T_18.3, 5;
    %pushi/vec4 0, 0, 101;
    %ix/getv/s 3, v00000243f29fd600_0;
    %ix/load 4, 0, 0; Constant delay
    %assign/vec4/a/d v00000243f29fe6e0, 0, 4;
    %load/vec4 v00000243f29fd600_0;
    %addi 1, 0, 32;
    %store/vec4 v00000243f29fd600_0, 0, 32;
    %jmp T_18.2;
T_18.3 ;
    %pushi/vec4 0, 0, 4;
    %assign/vec4 v00000243f29fdd80_0, 0;
    %pushi/vec4 0, 0, 4;
    %assign/vec4 v00000243f29fcc00_0, 0;
    %jmp T_18.1;
T_18.0 ;
    %load/vec4 v00000243f29fd240_0;
    %load/vec4 v00000243f29fdba0_0;
    %nor/r;
    %and;
    %flag_set/vec4 8;
    %jmp/0xz  T_18.4, 8;
    %load/vec4 v00000243f29fd420_0;
    %load/vec4 v00000243f29fdd80_0;
    %pad/u 6;
    %ix/vec4 3;
    %ix/load 4, 0, 0; Constant delay
    %assign/vec4/a/d v00000243f29fe6e0, 0, 4;
    %load/vec4 v00000243f29fdd80_0;
    %addi 1, 0, 4;
    %assign/vec4 v00000243f29fdd80_0, 0;
T_18.4 ;
    %load/vec4 v00000243f29fdb00_0;
    %load/vec4 v00000243f29fd740_0;
    %nor/r;
    %and;
    %flag_set/vec4 8;
    %jmp/0xz  T_18.6, 8;
    %load/vec4 v00000243f29fcc00_0;
    %addi 1, 0, 4;
    %assign/vec4 v00000243f29fcc00_0, 0;
T_18.6 ;
T_18.1 ;
    %jmp T_18;
    .thread T_18;
# The file index is used to find the file name in the following table.
:file_names 7;
    "N/A";
    "<interactive>";
    "TILELINK_RAMv1.v";
    "./FIFO.v";
    "./FSM_a_slavev1.v";
    "./FSM_d_masterv1.v";
    "./RAM.v";
